-- The C compiler identification is GNU 11.4.0
-- The CXX compiler identification is GNU 11.4.0
-- Detecting C compiler ABI info
-- Detecting C compiler ABI info - done
-- Check for working C compiler: /usr/bin/cc - skipped
-- Detecting C compile features
-- Detecting C compile features - done
-- Detecting CXX compiler ABI info
-- Detecting CXX compiler ABI info - done
-- Check for working CXX compiler: /usr/bin/c++ - skipped
-- Detecting CXX compile features
-- Detecting CXX compile features - done
-- Found ament_cmake: 1.3.8 (/opt/ros/humble/share/ament_cmake/cmake)
-- Found Python3: /usr/bin/python3 (found version "3.10.12") found components: Interpreter 
-- Found rclcpp: 16.0.8 (/opt/ros/humble/share/rclcpp/cmake)
-- Found rosidl_generator_c: 3.1.5 (/opt/ros/humble/share/rosidl_generator_c/cmake)
-- Found rosidl_adapter: 3.1.5 (/opt/ros/humble/share/rosidl_adapter/cmake)
-- Found rosidl_generator_cpp: 3.1.5 (/opt/ros/humble/share/rosidl_generator_cpp/cmake)
-- Using all available rosidl_typesupport_c: rosidl_typesupport_fastrtps_c;rosidl_typesupport_introspection_c
-- Using all available rosidl_typesupport_cpp: rosidl_typesupport_fastrtps_cpp;rosidl_typesupport_introspection_cpp
-- Found rmw_implementation_cmake: 6.1.1 (/opt/ros/humble/share/rmw_implementation_cmake/cmake)
-- Found rmw_fastrtps_cpp: 6.2.6 (/opt/ros/humble/share/rmw_fastrtps_cpp/cmake)
-- Found OpenSSL: /usr/lib/x86_64-linux-gnu/libcrypto.so (found version "3.0.2")  
-- Found FastRTPS: /opt/ros/humble/include  
-- Using RMW implementation 'rmw_fastrtps_cpp' as default
-- Performing Test CMAKE_HAVE_LIBC_PTHREAD
-- Performing Test CMAKE_HAVE_LIBC_PTHREAD - Success
-- Found Threads: TRUE  
-- Found hardware_interface: 2.40.0 (/opt/ros/humble/share/hardware_interface/cmake)
-- Found controller_manager: 2.40.0 (/opt/ros/humble/share/controller_manager/cmake)
-- Configuring done (8.1s)
-- Generating done (0.1s)
-- Build files have been written to: /home/jorge/quori_ws/build/quori_controller
[ 14%] [32mBuilding CXX object CMakeFiles/quori_controller_node.dir/src/quori_controller_node.cpp.o[0m
[ 14%] [32mBuilding CXX object CMakeFiles/quori_controller_init.dir/src/init.cpp.o[0m
[ 21%] [32mBuilding CXX object CMakeFiles/quori_controller_node.dir/src/Quori.cpp.o[0m
[ 28%] [32mBuilding CXX object CMakeFiles/quori_controller_init.dir/src/Quori.cpp.o[0m
[ 57%] [32mBuilding CXX object CMakeFiles/quori_controller_init.dir/src/Csv.cpp.o[0m
[ 57%] [32mBuilding CXX object CMakeFiles/quori_controller_init.dir/src/SerialDevice.cpp.o[0m
[ 57%] [32mBuilding CXX object CMakeFiles/quori_controller_node.dir/src/SerialDevice.cpp.o[0m
[ 57%] [32mBuilding CXX object CMakeFiles/quori_controller_node.dir/src/Csv.cpp.o[0m
[ 64%] [32mBuilding CXX object CMakeFiles/quori_controller_init.dir/src/Joint.cpp.o[0m
[ 78%] [32mBuilding CXX object CMakeFiles/quori_controller_node.dir/src/Joint.cpp.o[0m
[ 78%] [32mBuilding CXX object CMakeFiles/quori_controller_init.dir/src/message.cpp.o[0m
[ 85%] [32mBuilding CXX object CMakeFiles/quori_controller_node.dir/src/message.cpp.o[0m
