[0.355s] Invoking command in '/home/jorge/quori_ws/build/quori_teleop': CMAKE_PREFIX_PATH=${CMAKE_PREFIX_PATH}:/home/jorge/ros2_ws/install/world_explorer:/home/jorge/ros2_ws/install/sense_stop_go:/home/jorge/ros2_ws/install/rob599_hw3:/home/jorge/ros2_ws/install/rob599_hw2:/home/jorge/ros2_ws/install/py_pubsub:/home/jorge/ros2_ws/install/launch_testing_examples:/home/jorge/ros2_ws/install/examples_rclpy_pointcloud_publisher:/home/jorge/ros2_ws/install/examples_rclpy_minimal_subscriber:/home/jorge/ros2_ws/install/examples_rclpy_minimal_service:/home/jorge/ros2_ws/install/examples_rclpy_minimal_publisher:/home/jorge/ros2_ws/install/examples_rclpy_minimal_client:/home/jorge/ros2_ws/install/examples_rclpy_minimal_action_server:/home/jorge/ros2_ws/install/examples_rclpy_minimal_action_client:/home/jorge/ros2_ws/install/examples_rclpy_guard_conditions:/home/jorge/ros2_ws/install/examples_rclpy_executors:/opt/ros/humble /home/jorge/.local/bin/cmake --build /home/jorge/quori_ws/build/quori_teleop -- -j20 -l20
[0.477s] Invoked command in '/home/jorge/quori_ws/build/quori_teleop' returned '0': CMAKE_PREFIX_PATH=${CMAKE_PREFIX_PATH}:/home/jorge/ros2_ws/install/world_explorer:/home/jorge/ros2_ws/install/sense_stop_go:/home/jorge/ros2_ws/install/rob599_hw3:/home/jorge/ros2_ws/install/rob599_hw2:/home/jorge/ros2_ws/install/py_pubsub:/home/jorge/ros2_ws/install/launch_testing_examples:/home/jorge/ros2_ws/install/examples_rclpy_pointcloud_publisher:/home/jorge/ros2_ws/install/examples_rclpy_minimal_subscriber:/home/jorge/ros2_ws/install/examples_rclpy_minimal_service:/home/jorge/ros2_ws/install/examples_rclpy_minimal_publisher:/home/jorge/ros2_ws/install/examples_rclpy_minimal_client:/home/jorge/ros2_ws/install/examples_rclpy_minimal_action_server:/home/jorge/ros2_ws/install/examples_rclpy_minimal_action_client:/home/jorge/ros2_ws/install/examples_rclpy_guard_conditions:/home/jorge/ros2_ws/install/examples_rclpy_executors:/opt/ros/humble /home/jorge/.local/bin/cmake --build /home/jorge/quori_ws/build/quori_teleop -- -j20 -l20
[0.666s] Invoking command in '/home/jorge/quori_ws/build/quori_teleop': CMAKE_PREFIX_PATH=${CMAKE_PREFIX_PATH}:/home/jorge/ros2_ws/install/world_explorer:/home/jorge/ros2_ws/install/sense_stop_go:/home/jorge/ros2_ws/install/rob599_hw3:/home/jorge/ros2_ws/install/rob599_hw2:/home/jorge/ros2_ws/install/py_pubsub:/home/jorge/ros2_ws/install/launch_testing_examples:/home/jorge/ros2_ws/install/examples_rclpy_pointcloud_publisher:/home/jorge/ros2_ws/install/examples_rclpy_minimal_subscriber:/home/jorge/ros2_ws/install/examples_rclpy_minimal_service:/home/jorge/ros2_ws/install/examples_rclpy_minimal_publisher:/home/jorge/ros2_ws/install/examples_rclpy_minimal_client:/home/jorge/ros2_ws/install/examples_rclpy_minimal_action_server:/home/jorge/ros2_ws/install/examples_rclpy_minimal_action_client:/home/jorge/ros2_ws/install/examples_rclpy_guard_conditions:/home/jorge/ros2_ws/install/examples_rclpy_executors:/opt/ros/humble /home/jorge/.local/bin/cmake --install /home/jorge/quori_ws/build/quori_teleop
[0.769s] -- Install configuration: ""
[0.771s] -- Execute custom install script
[0.771s] -- Up-to-date symlink: /home/jorge/quori_ws/install/quori_teleop/share/ament_index/resource_index/package_run_dependencies/quori_teleop
[0.772s] -- Up-to-date symlink: /home/jorge/quori_ws/install/quori_teleop/share/ament_index/resource_index/parent_prefix_path/quori_teleop
[0.773s] -- Up-to-date symlink: /home/jorge/quori_ws/install/quori_teleop/share/quori_teleop/environment/ament_prefix_path.sh
[0.774s] -- Up-to-date symlink: /home/jorge/quori_ws/install/quori_teleop/share/quori_teleop/environment/ament_prefix_path.dsv
[0.775s] -- Up-to-date symlink: /home/jorge/quori_ws/install/quori_teleop/share/quori_teleop/environment/path.sh
[0.776s] -- Up-to-date symlink: /home/jorge/quori_ws/install/quori_teleop/share/quori_teleop/environment/path.dsv
[0.778s] -- Up-to-date symlink: /home/jorge/quori_ws/install/quori_teleop/share/quori_teleop/local_setup.bash
[0.779s] -- Up-to-date symlink: /home/jorge/quori_ws/install/quori_teleop/share/quori_teleop/local_setup.sh
[0.781s] -- Up-to-date symlink: /home/jorge/quori_ws/install/quori_teleop/share/quori_teleop/local_setup.zsh
[0.782s] -- Up-to-date symlink: /home/jorge/quori_ws/install/quori_teleop/share/quori_teleop/local_setup.dsv
[0.783s] -- Symlinking: /home/jorge/quori_ws/install/quori_teleop/share/quori_teleop/package.dsv
[0.791s] -- Up-to-date symlink: /home/jorge/quori_ws/install/quori_teleop/share/ament_index/resource_index/packages/quori_teleop
[0.792s] -- Up-to-date symlink: /home/jorge/quori_ws/install/quori_teleop/share/quori_teleop/cmake/quori_teleopConfig.cmake
[0.792s] -- Up-to-date symlink: /home/jorge/quori_ws/install/quori_teleop/share/quori_teleop/cmake/quori_teleopConfig-version.cmake
[0.794s] -- Up-to-date symlink: /home/jorge/quori_ws/install/quori_teleop/share/quori_teleop/package.xml
[0.883s] Invoked command in '/home/jorge/quori_ws/build/quori_teleop' returned '0': CMAKE_PREFIX_PATH=${CMAKE_PREFIX_PATH}:/home/jorge/ros2_ws/install/world_explorer:/home/jorge/ros2_ws/install/sense_stop_go:/home/jorge/ros2_ws/install/rob599_hw3:/home/jorge/ros2_ws/install/rob599_hw2:/home/jorge/ros2_ws/install/py_pubsub:/home/jorge/ros2_ws/install/launch_testing_examples:/home/jorge/ros2_ws/install/examples_rclpy_pointcloud_publisher:/home/jorge/ros2_ws/install/examples_rclpy_minimal_subscriber:/home/jorge/ros2_ws/install/examples_rclpy_minimal_service:/home/jorge/ros2_ws/install/examples_rclpy_minimal_publisher:/home/jorge/ros2_ws/install/examples_rclpy_minimal_client:/home/jorge/ros2_ws/install/examples_rclpy_minimal_action_server:/home/jorge/ros2_ws/install/examples_rclpy_minimal_action_client:/home/jorge/ros2_ws/install/examples_rclpy_guard_conditions:/home/jorge/ros2_ws/install/examples_rclpy_executors:/opt/ros/humble /home/jorge/.local/bin/cmake --install /home/jorge/quori_ws/build/quori_teleop
