[0.318s] Invoking command in '/home/jorge/quori_ws/build/quori_work': CMAKE_PREFIX_PATH=${CMAKE_PREFIX_PATH}:/home/jorge/ros2_ws/install/world_explorer:/home/jorge/ros2_ws/install/sense_stop_go:/home/jorge/ros2_ws/install/rob599_hw3:/home/jorge/ros2_ws/install/rob599_hw2:/home/jorge/ros2_ws/install/py_pubsub:/home/jorge/ros2_ws/install/launch_testing_examples:/home/jorge/ros2_ws/install/examples_rclpy_pointcloud_publisher:/home/jorge/ros2_ws/install/examples_rclpy_minimal_subscriber:/home/jorge/ros2_ws/install/examples_rclpy_minimal_service:/home/jorge/ros2_ws/install/examples_rclpy_minimal_publisher:/home/jorge/ros2_ws/install/examples_rclpy_minimal_client:/home/jorge/ros2_ws/install/examples_rclpy_minimal_action_server:/home/jorge/ros2_ws/install/examples_rclpy_minimal_action_client:/home/jorge/ros2_ws/install/examples_rclpy_guard_conditions:/home/jorge/ros2_ws/install/examples_rclpy_executors:/opt/ros/humble /home/jorge/.local/bin/cmake /home/jorge/quori_ws/src/quori_work -DCMAKE_INSTALL_PREFIX=/home/jorge/quori_ws/install/quori_work
[0.532s] -- The C compiler identification is GNU 11.4.0
[0.695s] -- The CXX compiler identification is GNU 11.4.0
[0.742s] -- Detecting C compiler ABI info
[0.931s] -- Detecting C compiler ABI info - done
[0.962s] -- Check for working C compiler: /usr/bin/cc - skipped
[0.963s] -- Detecting C compile features
[0.965s] -- Detecting C compile features - done
[0.992s] -- Detecting CXX compiler ABI info
[1.192s] -- Detecting CXX compiler ABI info - done
[1.232s] -- Check for working CXX compiler: /usr/bin/c++ - skipped
[1.233s] -- Detecting CXX compile features
[1.234s] -- Detecting CXX compile features - done
[1.251s] -- Found ament_cmake: 1.3.8 (/opt/ros/humble/share/ament_cmake/cmake)
[1.761s] -- Found Python3: /usr/bin/python3 (found version "3.10.12") found components: Interpreter 
[2.124s] -- Found ament_lint_auto: 0.12.10 (/opt/ros/humble/share/ament_lint_auto/cmake)
[2.414s] -- Added test 'flake8' to check Python code syntax and style conventions
[2.418s] -- Added test 'lint_cmake' to check CMake code style
[2.421s] -- Added test 'pep257' to check Python code against some of the docstring style conventions in PEP 257
[2.426s] -- Added test 'xmllint' to check XML markup files
[2.433s] -- Configuring done (2.0s)
[2.442s] -- Generating done (0.0s)
[2.446s] -- Build files have been written to: /home/jorge/quori_ws/build/quori_work
[2.473s] Invoked command in '/home/jorge/quori_ws/build/quori_work' returned '0': CMAKE_PREFIX_PATH=${CMAKE_PREFIX_PATH}:/home/jorge/ros2_ws/install/world_explorer:/home/jorge/ros2_ws/install/sense_stop_go:/home/jorge/ros2_ws/install/rob599_hw3:/home/jorge/ros2_ws/install/rob599_hw2:/home/jorge/ros2_ws/install/py_pubsub:/home/jorge/ros2_ws/install/launch_testing_examples:/home/jorge/ros2_ws/install/examples_rclpy_pointcloud_publisher:/home/jorge/ros2_ws/install/examples_rclpy_minimal_subscriber:/home/jorge/ros2_ws/install/examples_rclpy_minimal_service:/home/jorge/ros2_ws/install/examples_rclpy_minimal_publisher:/home/jorge/ros2_ws/install/examples_rclpy_minimal_client:/home/jorge/ros2_ws/install/examples_rclpy_minimal_action_server:/home/jorge/ros2_ws/install/examples_rclpy_minimal_action_client:/home/jorge/ros2_ws/install/examples_rclpy_guard_conditions:/home/jorge/ros2_ws/install/examples_rclpy_executors:/opt/ros/humble /home/jorge/.local/bin/cmake /home/jorge/quori_ws/src/quori_work -DCMAKE_INSTALL_PREFIX=/home/jorge/quori_ws/install/quori_work
[2.478s] Invoking command in '/home/jorge/quori_ws/build/quori_work': CMAKE_PREFIX_PATH=${CMAKE_PREFIX_PATH}:/home/jorge/ros2_ws/install/world_explorer:/home/jorge/ros2_ws/install/sense_stop_go:/home/jorge/ros2_ws/install/rob599_hw3:/home/jorge/ros2_ws/install/rob599_hw2:/home/jorge/ros2_ws/install/py_pubsub:/home/jorge/ros2_ws/install/launch_testing_examples:/home/jorge/ros2_ws/install/examples_rclpy_pointcloud_publisher:/home/jorge/ros2_ws/install/examples_rclpy_minimal_subscriber:/home/jorge/ros2_ws/install/examples_rclpy_minimal_service:/home/jorge/ros2_ws/install/examples_rclpy_minimal_publisher:/home/jorge/ros2_ws/install/examples_rclpy_minimal_client:/home/jorge/ros2_ws/install/examples_rclpy_minimal_action_server:/home/jorge/ros2_ws/install/examples_rclpy_minimal_action_client:/home/jorge/ros2_ws/install/examples_rclpy_guard_conditions:/home/jorge/ros2_ws/install/examples_rclpy_executors:/opt/ros/humble /home/jorge/.local/bin/cmake --build /home/jorge/quori_ws/build/quori_work -- -j20 -l20
[2.615s] Invoked command in '/home/jorge/quori_ws/build/quori_work' returned '0': CMAKE_PREFIX_PATH=${CMAKE_PREFIX_PATH}:/home/jorge/ros2_ws/install/world_explorer:/home/jorge/ros2_ws/install/sense_stop_go:/home/jorge/ros2_ws/install/rob599_hw3:/home/jorge/ros2_ws/install/rob599_hw2:/home/jorge/ros2_ws/install/py_pubsub:/home/jorge/ros2_ws/install/launch_testing_examples:/home/jorge/ros2_ws/install/examples_rclpy_pointcloud_publisher:/home/jorge/ros2_ws/install/examples_rclpy_minimal_subscriber:/home/jorge/ros2_ws/install/examples_rclpy_minimal_service:/home/jorge/ros2_ws/install/examples_rclpy_minimal_publisher:/home/jorge/ros2_ws/install/examples_rclpy_minimal_client:/home/jorge/ros2_ws/install/examples_rclpy_minimal_action_server:/home/jorge/ros2_ws/install/examples_rclpy_minimal_action_client:/home/jorge/ros2_ws/install/examples_rclpy_guard_conditions:/home/jorge/ros2_ws/install/examples_rclpy_executors:/opt/ros/humble /home/jorge/.local/bin/cmake --build /home/jorge/quori_ws/build/quori_work -- -j20 -l20
[2.858s] Invoking command in '/home/jorge/quori_ws/build/quori_work': CMAKE_PREFIX_PATH=${CMAKE_PREFIX_PATH}:/home/jorge/ros2_ws/install/world_explorer:/home/jorge/ros2_ws/install/sense_stop_go:/home/jorge/ros2_ws/install/rob599_hw3:/home/jorge/ros2_ws/install/rob599_hw2:/home/jorge/ros2_ws/install/py_pubsub:/home/jorge/ros2_ws/install/launch_testing_examples:/home/jorge/ros2_ws/install/examples_rclpy_pointcloud_publisher:/home/jorge/ros2_ws/install/examples_rclpy_minimal_subscriber:/home/jorge/ros2_ws/install/examples_rclpy_minimal_service:/home/jorge/ros2_ws/install/examples_rclpy_minimal_publisher:/home/jorge/ros2_ws/install/examples_rclpy_minimal_client:/home/jorge/ros2_ws/install/examples_rclpy_minimal_action_server:/home/jorge/ros2_ws/install/examples_rclpy_minimal_action_client:/home/jorge/ros2_ws/install/examples_rclpy_guard_conditions:/home/jorge/ros2_ws/install/examples_rclpy_executors:/opt/ros/humble /home/jorge/.local/bin/cmake --install /home/jorge/quori_ws/build/quori_work
[2.943s] -- Install configuration: ""
[2.943s] -- Installing: /home/jorge/quori_ws/install/quori_work/share/ament_index/resource_index/package_run_dependencies/quori_work
[2.943s] -- Installing: /home/jorge/quori_ws/install/quori_work/share/ament_index/resource_index/parent_prefix_path/quori_work
[2.944s] -- Installing: /home/jorge/quori_ws/install/quori_work/share/quori_work/environment/ament_prefix_path.sh
[2.945s] -- Installing: /home/jorge/quori_ws/install/quori_work/share/quori_work/environment/ament_prefix_path.dsv
[2.946s] -- Installing: /home/jorge/quori_ws/install/quori_work/share/quori_work/environment/path.sh
[2.946s] -- Installing: /home/jorge/quori_ws/install/quori_work/share/quori_work/environment/path.dsv
[2.946s] -- Installing: /home/jorge/quori_ws/install/quori_work/share/quori_work/local_setup.bash
[2.946s] -- Installing: /home/jorge/quori_ws/install/quori_work/share/quori_work/local_setup.sh
[2.946s] -- Installing: /home/jorge/quori_ws/install/quori_work/share/quori_work/local_setup.zsh
[2.947s] -- Installing: /home/jorge/quori_ws/install/quori_work/share/quori_work/local_setup.dsv
[2.947s] -- Installing: /home/jorge/quori_ws/install/quori_work/share/quori_work/package.dsv
[2.948s] -- Installing: /home/jorge/quori_ws/install/quori_work/share/ament_index/resource_index/packages/quori_work
[2.948s] -- Installing: /home/jorge/quori_ws/install/quori_work/share/quori_work/cmake/quori_workConfig.cmake
[2.948s] -- Installing: /home/jorge/quori_ws/install/quori_work/share/quori_work/cmake/quori_workConfig-version.cmake
[2.948s] -- Installing: /home/jorge/quori_ws/install/quori_work/share/quori_work/package.xml
[3.130s] Invoked command in '/home/jorge/quori_ws/build/quori_work' returned '0': CMAKE_PREFIX_PATH=${CMAKE_PREFIX_PATH}:/home/jorge/ros2_ws/install/world_explorer:/home/jorge/ros2_ws/install/sense_stop_go:/home/jorge/ros2_ws/install/rob599_hw3:/home/jorge/ros2_ws/install/rob599_hw2:/home/jorge/ros2_ws/install/py_pubsub:/home/jorge/ros2_ws/install/launch_testing_examples:/home/jorge/ros2_ws/install/examples_rclpy_pointcloud_publisher:/home/jorge/ros2_ws/install/examples_rclpy_minimal_subscriber:/home/jorge/ros2_ws/install/examples_rclpy_minimal_service:/home/jorge/ros2_ws/install/examples_rclpy_minimal_publisher:/home/jorge/ros2_ws/install/examples_rclpy_minimal_client:/home/jorge/ros2_ws/install/examples_rclpy_minimal_action_server:/home/jorge/ros2_ws/install/examples_rclpy_minimal_action_client:/home/jorge/ros2_ws/install/examples_rclpy_guard_conditions:/home/jorge/ros2_ws/install/examples_rclpy_executors:/opt/ros/humble /home/jorge/.local/bin/cmake --install /home/jorge/quori_ws/build/quori_work
