[0.636s] Invoking command in '/home/jorge/quori_ws/build/quori_teleop': CMAKE_PREFIX_PATH=${CMAKE_PREFIX_PATH}:/home/jorge/ros2_ws/install/world_explorer:/home/jorge/ros2_ws/install/sense_stop_go:/home/jorge/ros2_ws/install/rob599_hw3:/home/jorge/ros2_ws/install/rob599_hw2:/home/jorge/ros2_ws/install/py_pubsub:/home/jorge/ros2_ws/install/launch_testing_examples:/home/jorge/ros2_ws/install/examples_rclpy_pointcloud_publisher:/home/jorge/ros2_ws/install/examples_rclpy_minimal_subscriber:/home/jorge/ros2_ws/install/examples_rclpy_minimal_service:/home/jorge/ros2_ws/install/examples_rclpy_minimal_publisher:/home/jorge/ros2_ws/install/examples_rclpy_minimal_client:/home/jorge/ros2_ws/install/examples_rclpy_minimal_action_server:/home/jorge/ros2_ws/install/examples_rclpy_minimal_action_client:/home/jorge/ros2_ws/install/examples_rclpy_guard_conditions:/home/jorge/ros2_ws/install/examples_rclpy_executors:/opt/ros/humble /home/jorge/.local/bin/cmake --build /home/jorge/quori_ws/build/quori_teleop -- -j20 -l20
[0.798s] Invoked command in '/home/jorge/quori_ws/build/quori_teleop' returned '0': CMAKE_PREFIX_PATH=${CMAKE_PREFIX_PATH}:/home/jorge/ros2_ws/install/world_explorer:/home/jorge/ros2_ws/install/sense_stop_go:/home/jorge/ros2_ws/install/rob599_hw3:/home/jorge/ros2_ws/install/rob599_hw2:/home/jorge/ros2_ws/install/py_pubsub:/home/jorge/ros2_ws/install/launch_testing_examples:/home/jorge/ros2_ws/install/examples_rclpy_pointcloud_publisher:/home/jorge/ros2_ws/install/examples_rclpy_minimal_subscriber:/home/jorge/ros2_ws/install/examples_rclpy_minimal_service:/home/jorge/ros2_ws/install/examples_rclpy_minimal_publisher:/home/jorge/ros2_ws/install/examples_rclpy_minimal_client:/home/jorge/ros2_ws/install/examples_rclpy_minimal_action_server:/home/jorge/ros2_ws/install/examples_rclpy_minimal_action_client:/home/jorge/ros2_ws/install/examples_rclpy_guard_conditions:/home/jorge/ros2_ws/install/examples_rclpy_executors:/opt/ros/humble /home/jorge/.local/bin/cmake --build /home/jorge/quori_ws/build/quori_teleop -- -j20 -l20
[1.049s] Invoking command in '/home/jorge/quori_ws/build/quori_teleop': CMAKE_PREFIX_PATH=${CMAKE_PREFIX_PATH}:/home/jorge/ros2_ws/install/world_explorer:/home/jorge/ros2_ws/install/sense_stop_go:/home/jorge/ros2_ws/install/rob599_hw3:/home/jorge/ros2_ws/install/rob599_hw2:/home/jorge/ros2_ws/install/py_pubsub:/home/jorge/ros2_ws/install/launch_testing_examples:/home/jorge/ros2_ws/install/examples_rclpy_pointcloud_publisher:/home/jorge/ros2_ws/install/examples_rclpy_minimal_subscriber:/home/jorge/ros2_ws/install/examples_rclpy_minimal_service:/home/jorge/ros2_ws/install/examples_rclpy_minimal_publisher:/home/jorge/ros2_ws/install/examples_rclpy_minimal_client:/home/jorge/ros2_ws/install/examples_rclpy_minimal_action_server:/home/jorge/ros2_ws/install/examples_rclpy_minimal_action_client:/home/jorge/ros2_ws/install/examples_rclpy_guard_conditions:/home/jorge/ros2_ws/install/examples_rclpy_executors:/opt/ros/humble /home/jorge/.local/bin/cmake --install /home/jorge/quori_ws/build/quori_teleop
[1.144s] -- Install configuration: ""
[1.148s] -- Execute custom install script
[1.152s] -- Up-to-date symlink: /home/jorge/quori_ws/install/quori_teleop/share/ament_index/resource_index/package_run_dependencies/quori_teleop
[1.155s] -- Up-to-date symlink: /home/jorge/quori_ws/install/quori_teleop/share/ament_index/resource_index/parent_prefix_path/quori_teleop
[1.156s] -- Up-to-date symlink: /home/jorge/quori_ws/install/quori_teleop/share/quori_teleop/environment/ament_prefix_path.sh
[1.157s] -- Up-to-date symlink: /home/jorge/quori_ws/install/quori_teleop/share/quori_teleop/environment/ament_prefix_path.dsv
[1.157s] -- Up-to-date symlink: /home/jorge/quori_ws/install/quori_teleop/share/quori_teleop/environment/path.sh
[1.158s] -- Up-to-date symlink: /home/jorge/quori_ws/install/quori_teleop/share/quori_teleop/environment/path.dsv
[1.159s] -- Up-to-date symlink: /home/jorge/quori_ws/install/quori_teleop/share/quori_teleop/local_setup.bash
[1.159s] -- Up-to-date symlink: /home/jorge/quori_ws/install/quori_teleop/share/quori_teleop/local_setup.sh
[1.161s] -- Up-to-date symlink: /home/jorge/quori_ws/install/quori_teleop/share/quori_teleop/local_setup.zsh
[1.162s] -- Up-to-date symlink: /home/jorge/quori_ws/install/quori_teleop/share/quori_teleop/local_setup.dsv
[1.162s] -- Symlinking: /home/jorge/quori_ws/install/quori_teleop/share/quori_teleop/package.dsv
[1.173s] -- Up-to-date symlink: /home/jorge/quori_ws/install/quori_teleop/share/ament_index/resource_index/packages/quori_teleop
[1.174s] -- Up-to-date symlink: /home/jorge/quori_ws/install/quori_teleop/share/quori_teleop/cmake/quori_teleopConfig.cmake
[1.180s] -- Up-to-date symlink: /home/jorge/quori_ws/install/quori_teleop/share/quori_teleop/cmake/quori_teleopConfig-version.cmake
[1.181s] -- Up-to-date symlink: /home/jorge/quori_ws/install/quori_teleop/share/quori_teleop/package.xml
[1.601s] Invoked command in '/home/jorge/quori_ws/build/quori_teleop' returned '0': CMAKE_PREFIX_PATH=${CMAKE_PREFIX_PATH}:/home/jorge/ros2_ws/install/world_explorer:/home/jorge/ros2_ws/install/sense_stop_go:/home/jorge/ros2_ws/install/rob599_hw3:/home/jorge/ros2_ws/install/rob599_hw2:/home/jorge/ros2_ws/install/py_pubsub:/home/jorge/ros2_ws/install/launch_testing_examples:/home/jorge/ros2_ws/install/examples_rclpy_pointcloud_publisher:/home/jorge/ros2_ws/install/examples_rclpy_minimal_subscriber:/home/jorge/ros2_ws/install/examples_rclpy_minimal_service:/home/jorge/ros2_ws/install/examples_rclpy_minimal_publisher:/home/jorge/ros2_ws/install/examples_rclpy_minimal_client:/home/jorge/ros2_ws/install/examples_rclpy_minimal_action_server:/home/jorge/ros2_ws/install/examples_rclpy_minimal_action_client:/home/jorge/ros2_ws/install/examples_rclpy_guard_conditions:/home/jorge/ros2_ws/install/examples_rclpy_executors:/opt/ros/humble /home/jorge/.local/bin/cmake --install /home/jorge/quori_ws/build/quori_teleop
