[0.436s] Invoking command in '/home/jorge/quori_ws/build/quori_msgs': CMAKE_PREFIX_PATH=${CMAKE_PREFIX_PATH}:/home/jorge/ros2_ws/install/world_explorer:/home/jorge/ros2_ws/install/sense_stop_go:/home/jorge/ros2_ws/install/rob599_hw3:/home/jorge/ros2_ws/install/rob599_hw2:/home/jorge/ros2_ws/install/py_pubsub:/home/jorge/ros2_ws/install/launch_testing_examples:/home/jorge/ros2_ws/install/examples_rclpy_pointcloud_publisher:/home/jorge/ros2_ws/install/examples_rclpy_minimal_subscriber:/home/jorge/ros2_ws/install/examples_rclpy_minimal_service:/home/jorge/ros2_ws/install/examples_rclpy_minimal_publisher:/home/jorge/ros2_ws/install/examples_rclpy_minimal_client:/home/jorge/ros2_ws/install/examples_rclpy_minimal_action_server:/home/jorge/ros2_ws/install/examples_rclpy_minimal_action_client:/home/jorge/ros2_ws/install/examples_rclpy_guard_conditions:/home/jorge/ros2_ws/install/examples_rclpy_executors:/opt/ros/humble /home/jorge/.local/bin/cmake --build /home/jorge/quori_ws/build/quori_msgs -- -j20 -l20
[0.553s] Invoked command in '/home/jorge/quori_ws/build/quori_msgs' returned '0': CMAKE_PREFIX_PATH=${CMAKE_PREFIX_PATH}:/home/jorge/ros2_ws/install/world_explorer:/home/jorge/ros2_ws/install/sense_stop_go:/home/jorge/ros2_ws/install/rob599_hw3:/home/jorge/ros2_ws/install/rob599_hw2:/home/jorge/ros2_ws/install/py_pubsub:/home/jorge/ros2_ws/install/launch_testing_examples:/home/jorge/ros2_ws/install/examples_rclpy_pointcloud_publisher:/home/jorge/ros2_ws/install/examples_rclpy_minimal_subscriber:/home/jorge/ros2_ws/install/examples_rclpy_minimal_service:/home/jorge/ros2_ws/install/examples_rclpy_minimal_publisher:/home/jorge/ros2_ws/install/examples_rclpy_minimal_client:/home/jorge/ros2_ws/install/examples_rclpy_minimal_action_server:/home/jorge/ros2_ws/install/examples_rclpy_minimal_action_client:/home/jorge/ros2_ws/install/examples_rclpy_guard_conditions:/home/jorge/ros2_ws/install/examples_rclpy_executors:/opt/ros/humble /home/jorge/.local/bin/cmake --build /home/jorge/quori_ws/build/quori_msgs -- -j20 -l20
[0.758s] Invoking command in '/home/jorge/quori_ws/build/quori_msgs': CMAKE_PREFIX_PATH=${CMAKE_PREFIX_PATH}:/home/jorge/ros2_ws/install/world_explorer:/home/jorge/ros2_ws/install/sense_stop_go:/home/jorge/ros2_ws/install/rob599_hw3:/home/jorge/ros2_ws/install/rob599_hw2:/home/jorge/ros2_ws/install/py_pubsub:/home/jorge/ros2_ws/install/launch_testing_examples:/home/jorge/ros2_ws/install/examples_rclpy_pointcloud_publisher:/home/jorge/ros2_ws/install/examples_rclpy_minimal_subscriber:/home/jorge/ros2_ws/install/examples_rclpy_minimal_service:/home/jorge/ros2_ws/install/examples_rclpy_minimal_publisher:/home/jorge/ros2_ws/install/examples_rclpy_minimal_client:/home/jorge/ros2_ws/install/examples_rclpy_minimal_action_server:/home/jorge/ros2_ws/install/examples_rclpy_minimal_action_client:/home/jorge/ros2_ws/install/examples_rclpy_guard_conditions:/home/jorge/ros2_ws/install/examples_rclpy_executors:/opt/ros/humble /home/jorge/.local/bin/cmake --install /home/jorge/quori_ws/build/quori_msgs
[0.829s] -- Install configuration: ""
[0.832s] -- Execute custom install script
[0.833s] -- Up-to-date symlink: /home/jorge/quori_ws/install/quori_msgs/share/ament_index/resource_index/package_run_dependencies/quori_msgs
[0.834s] -- Up-to-date symlink: /home/jorge/quori_ws/install/quori_msgs/share/ament_index/resource_index/parent_prefix_path/quori_msgs
[0.835s] -- Up-to-date symlink: /home/jorge/quori_ws/install/quori_msgs/share/quori_msgs/environment/ament_prefix_path.sh
[0.835s] -- Up-to-date symlink: /home/jorge/quori_ws/install/quori_msgs/share/quori_msgs/environment/ament_prefix_path.dsv
[0.835s] -- Up-to-date symlink: /home/jorge/quori_ws/install/quori_msgs/share/quori_msgs/environment/path.sh
[0.835s] -- Up-to-date symlink: /home/jorge/quori_ws/install/quori_msgs/share/quori_msgs/environment/path.dsv
[0.835s] -- Up-to-date symlink: /home/jorge/quori_ws/install/quori_msgs/share/quori_msgs/local_setup.bash
[0.836s] -- Up-to-date symlink: /home/jorge/quori_ws/install/quori_msgs/share/quori_msgs/local_setup.sh
[0.836s] -- Up-to-date symlink: /home/jorge/quori_ws/install/quori_msgs/share/quori_msgs/local_setup.zsh
[0.836s] -- Up-to-date symlink: /home/jorge/quori_ws/install/quori_msgs/share/quori_msgs/local_setup.dsv
[0.836s] -- Symlinking: /home/jorge/quori_ws/install/quori_msgs/share/quori_msgs/package.dsv
[0.842s] -- Up-to-date symlink: /home/jorge/quori_ws/install/quori_msgs/share/ament_index/resource_index/packages/quori_msgs
[0.843s] -- Up-to-date symlink: /home/jorge/quori_ws/install/quori_msgs/share/quori_msgs/cmake/quori_msgsConfig.cmake
[0.844s] -- Up-to-date symlink: /home/jorge/quori_ws/install/quori_msgs/share/quori_msgs/cmake/quori_msgsConfig-version.cmake
[0.845s] -- Up-to-date symlink: /home/jorge/quori_ws/install/quori_msgs/share/quori_msgs/package.xml
[1.165s] Invoked command in '/home/jorge/quori_ws/build/quori_msgs' returned '0': CMAKE_PREFIX_PATH=${CMAKE_PREFIX_PATH}:/home/jorge/ros2_ws/install/world_explorer:/home/jorge/ros2_ws/install/sense_stop_go:/home/jorge/ros2_ws/install/rob599_hw3:/home/jorge/ros2_ws/install/rob599_hw2:/home/jorge/ros2_ws/install/py_pubsub:/home/jorge/ros2_ws/install/launch_testing_examples:/home/jorge/ros2_ws/install/examples_rclpy_pointcloud_publisher:/home/jorge/ros2_ws/install/examples_rclpy_minimal_subscriber:/home/jorge/ros2_ws/install/examples_rclpy_minimal_service:/home/jorge/ros2_ws/install/examples_rclpy_minimal_publisher:/home/jorge/ros2_ws/install/examples_rclpy_minimal_client:/home/jorge/ros2_ws/install/examples_rclpy_minimal_action_server:/home/jorge/ros2_ws/install/examples_rclpy_minimal_action_client:/home/jorge/ros2_ws/install/examples_rclpy_guard_conditions:/home/jorge/ros2_ws/install/examples_rclpy_executors:/opt/ros/humble /home/jorge/.local/bin/cmake --install /home/jorge/quori_ws/build/quori_msgs
