[0.366s] Invoking command in '/home/jorge/quori_ws/build/respeaker_ros': CMAKE_PREFIX_PATH=${CMAKE_PREFIX_PATH}:/home/jorge/ros2_ws/install/world_explorer:/home/jorge/ros2_ws/install/sense_stop_go:/home/jorge/ros2_ws/install/rob599_hw3:/home/jorge/ros2_ws/install/rob599_hw2:/home/jorge/ros2_ws/install/py_pubsub:/home/jorge/ros2_ws/install/launch_testing_examples:/home/jorge/ros2_ws/install/examples_rclpy_pointcloud_publisher:/home/jorge/ros2_ws/install/examples_rclpy_minimal_subscriber:/home/jorge/ros2_ws/install/examples_rclpy_minimal_service:/home/jorge/ros2_ws/install/examples_rclpy_minimal_publisher:/home/jorge/ros2_ws/install/examples_rclpy_minimal_client:/home/jorge/ros2_ws/install/examples_rclpy_minimal_action_server:/home/jorge/ros2_ws/install/examples_rclpy_minimal_action_client:/home/jorge/ros2_ws/install/examples_rclpy_guard_conditions:/home/jorge/ros2_ws/install/examples_rclpy_executors:/opt/ros/humble /home/jorge/.local/bin/cmake --build /home/jorge/quori_ws/build/respeaker_ros -- -j20 -l20
[0.535s] Invoked command in '/home/jorge/quori_ws/build/respeaker_ros' returned '0': CMAKE_PREFIX_PATH=${CMAKE_PREFIX_PATH}:/home/jorge/ros2_ws/install/world_explorer:/home/jorge/ros2_ws/install/sense_stop_go:/home/jorge/ros2_ws/install/rob599_hw3:/home/jorge/ros2_ws/install/rob599_hw2:/home/jorge/ros2_ws/install/py_pubsub:/home/jorge/ros2_ws/install/launch_testing_examples:/home/jorge/ros2_ws/install/examples_rclpy_pointcloud_publisher:/home/jorge/ros2_ws/install/examples_rclpy_minimal_subscriber:/home/jorge/ros2_ws/install/examples_rclpy_minimal_service:/home/jorge/ros2_ws/install/examples_rclpy_minimal_publisher:/home/jorge/ros2_ws/install/examples_rclpy_minimal_client:/home/jorge/ros2_ws/install/examples_rclpy_minimal_action_server:/home/jorge/ros2_ws/install/examples_rclpy_minimal_action_client:/home/jorge/ros2_ws/install/examples_rclpy_guard_conditions:/home/jorge/ros2_ws/install/examples_rclpy_executors:/opt/ros/humble /home/jorge/.local/bin/cmake --build /home/jorge/quori_ws/build/respeaker_ros -- -j20 -l20
[0.765s] Invoking command in '/home/jorge/quori_ws/build/respeaker_ros': CMAKE_PREFIX_PATH=${CMAKE_PREFIX_PATH}:/home/jorge/ros2_ws/install/world_explorer:/home/jorge/ros2_ws/install/sense_stop_go:/home/jorge/ros2_ws/install/rob599_hw3:/home/jorge/ros2_ws/install/rob599_hw2:/home/jorge/ros2_ws/install/py_pubsub:/home/jorge/ros2_ws/install/launch_testing_examples:/home/jorge/ros2_ws/install/examples_rclpy_pointcloud_publisher:/home/jorge/ros2_ws/install/examples_rclpy_minimal_subscriber:/home/jorge/ros2_ws/install/examples_rclpy_minimal_service:/home/jorge/ros2_ws/install/examples_rclpy_minimal_publisher:/home/jorge/ros2_ws/install/examples_rclpy_minimal_client:/home/jorge/ros2_ws/install/examples_rclpy_minimal_action_server:/home/jorge/ros2_ws/install/examples_rclpy_minimal_action_client:/home/jorge/ros2_ws/install/examples_rclpy_guard_conditions:/home/jorge/ros2_ws/install/examples_rclpy_executors:/opt/ros/humble /home/jorge/.local/bin/cmake --install /home/jorge/quori_ws/build/respeaker_ros
[0.900s] -- Install configuration: ""
[0.901s] -- Execute custom install script
[0.902s] -- Up-to-date symlink: /home/jorge/quori_ws/install/respeaker_ros/share/ament_index/resource_index/package_run_dependencies/respeaker_ros
[0.903s] -- Up-to-date symlink: /home/jorge/quori_ws/install/respeaker_ros/share/ament_index/resource_index/parent_prefix_path/respeaker_ros
[0.903s] -- Up-to-date symlink: /home/jorge/quori_ws/install/respeaker_ros/share/respeaker_ros/environment/ament_prefix_path.sh
[0.903s] -- Up-to-date symlink: /home/jorge/quori_ws/install/respeaker_ros/share/respeaker_ros/environment/ament_prefix_path.dsv
[0.903s] -- Up-to-date symlink: /home/jorge/quori_ws/install/respeaker_ros/share/respeaker_ros/environment/path.sh
[0.904s] -- Up-to-date symlink: /home/jorge/quori_ws/install/respeaker_ros/share/respeaker_ros/environment/path.dsv
[0.908s] -- Up-to-date symlink: /home/jorge/quori_ws/install/respeaker_ros/share/respeaker_ros/local_setup.bash
[0.908s] -- Up-to-date symlink: /home/jorge/quori_ws/install/respeaker_ros/share/respeaker_ros/local_setup.sh
[0.908s] -- Up-to-date symlink: /home/jorge/quori_ws/install/respeaker_ros/share/respeaker_ros/local_setup.zsh
[0.909s] -- Up-to-date symlink: /home/jorge/quori_ws/install/respeaker_ros/share/respeaker_ros/local_setup.dsv
[0.910s] -- Symlinking: /home/jorge/quori_ws/install/respeaker_ros/share/respeaker_ros/package.dsv
[0.911s] -- Up-to-date symlink: /home/jorge/quori_ws/install/respeaker_ros/share/ament_index/resource_index/packages/respeaker_ros
[0.912s] -- Up-to-date symlink: /home/jorge/quori_ws/install/respeaker_ros/share/respeaker_ros/cmake/respeaker_rosConfig.cmake
[0.912s] -- Up-to-date symlink: /home/jorge/quori_ws/install/respeaker_ros/share/respeaker_ros/cmake/respeaker_rosConfig-version.cmake
[0.912s] -- Up-to-date symlink: /home/jorge/quori_ws/install/respeaker_ros/share/respeaker_ros/package.xml
[1.905s] Invoked command in '/home/jorge/quori_ws/build/respeaker_ros' returned '0': CMAKE_PREFIX_PATH=${CMAKE_PREFIX_PATH}:/home/jorge/ros2_ws/install/world_explorer:/home/jorge/ros2_ws/install/sense_stop_go:/home/jorge/ros2_ws/install/rob599_hw3:/home/jorge/ros2_ws/install/rob599_hw2:/home/jorge/ros2_ws/install/py_pubsub:/home/jorge/ros2_ws/install/launch_testing_examples:/home/jorge/ros2_ws/install/examples_rclpy_pointcloud_publisher:/home/jorge/ros2_ws/install/examples_rclpy_minimal_subscriber:/home/jorge/ros2_ws/install/examples_rclpy_minimal_service:/home/jorge/ros2_ws/install/examples_rclpy_minimal_publisher:/home/jorge/ros2_ws/install/examples_rclpy_minimal_client:/home/jorge/ros2_ws/install/examples_rclpy_minimal_action_server:/home/jorge/ros2_ws/install/examples_rclpy_minimal_action_client:/home/jorge/ros2_ws/install/examples_rclpy_guard_conditions:/home/jorge/ros2_ws/install/examples_rclpy_executors:/opt/ros/humble /home/jorge/.local/bin/cmake --install /home/jorge/quori_ws/build/respeaker_ros
