-- Install configuration: ""
-- Execute custom install script
-- Up-to-date symlink: /home/jorge/quori_ws/install/quori_gazebo/share/quori_gazebo//launch/empty_world.launch.py
-- Up-to-date symlink: /home/jorge/quori_ws/install/quori_gazebo/share/quori_gazebo//launch/robot_state_publisher.launch.py
-- Up-to-date symlink: /home/jorge/quori_ws/install/quori_gazebo/share/quori_gazebo//launch/spawn_quori.launch.py
-- Up-to-date symlink: /home/jorge/quori_ws/install/quori_gazebo/share/quori_gazebo//launch/spawn_quori.launch_old.py
-- Up-to-date symlink: /home/jorge/quori_ws/install/quori_gazebo/share/quori_gazebo//worlds/empty.world
-- Up-to-date symlink: /home/jorge/quori_ws/install/quori_gazebo/share/ament_index/resource_index/package_run_dependencies/quori_gazebo
-- Up-to-date symlink: /home/jorge/quori_ws/install/quori_gazebo/share/ament_index/resource_index/parent_prefix_path/quori_gazebo
-- Up-to-date symlink: /home/jorge/quori_ws/install/quori_gazebo/share/quori_gazebo/environment/ament_prefix_path.sh
-- Up-to-date symlink: /home/jorge/quori_ws/install/quori_gazebo/share/quori_gazebo/environment/ament_prefix_path.dsv
-- Up-to-date symlink: /home/jorge/quori_ws/install/quori_gazebo/share/quori_gazebo/environment/path.sh
-- Up-to-date symlink: /home/jorge/quori_ws/install/quori_gazebo/share/quori_gazebo/environment/path.dsv
-- Up-to-date symlink: /home/jorge/quori_ws/install/quori_gazebo/share/quori_gazebo/local_setup.bash
-- Up-to-date symlink: /home/jorge/quori_ws/install/quori_gazebo/share/quori_gazebo/local_setup.sh
-- Up-to-date symlink: /home/jorge/quori_ws/install/quori_gazebo/share/quori_gazebo/local_setup.zsh
-- Up-to-date symlink: /home/jorge/quori_ws/install/quori_gazebo/share/quori_gazebo/local_setup.dsv
-- Symlinking: /home/jorge/quori_ws/install/quori_gazebo/share/quori_gazebo/package.dsv
-- Up-to-date symlink: /home/jorge/quori_ws/install/quori_gazebo/share/ament_index/resource_index/packages/quori_gazebo
-- Up-to-date symlink: /home/jorge/quori_ws/install/quori_gazebo/share/quori_gazebo/cmake/ament_cmake_export_dependencies-extras.cmake
-- Up-to-date symlink: /home/jorge/quori_ws/install/quori_gazebo/share/quori_gazebo/cmake/quori_gazeboConfig.cmake
-- Up-to-date symlink: /home/jorge/quori_ws/install/quori_gazebo/share/quori_gazebo/cmake/quori_gazeboConfig-version.cmake
-- Up-to-date symlink: /home/jorge/quori_ws/install/quori_gazebo/share/quori_gazebo/package.xml
