[0.843s] Invoking command in '/home/jorge/quori_ws/build/quori_description': /home/jorge/.local/bin/cmake /home/jorge/quori_ws/src/quori_description -DCMAKE_INSTALL_PREFIX=/home/jorge/quori_ws/install/quori_description
[0.925s] -- Found ament_cmake: 1.3.8 (/opt/ros/humble/share/ament_cmake/cmake)
[1.427s] -- Override CMake install command with custom implementation using symlinks instead of copying resources
[1.441s] -- Found std_msgs: 4.2.3 (/opt/ros/humble/share/std_msgs/cmake)
[1.500s] -- Found rosidl_generator_c: 3.1.5 (/opt/ros/humble/share/rosidl_generator_c/cmake)
[1.509s] -- Found rosidl_adapter: 3.1.5 (/opt/ros/humble/share/rosidl_adapter/cmake)
[1.522s] -- Found rosidl_generator_cpp: 3.1.5 (/opt/ros/humble/share/rosidl_generator_cpp/cmake)
[1.551s] -- Using all available rosidl_typesupport_c: rosidl_typesupport_fastrtps_c;rosidl_typesupport_introspection_c
[1.591s] -- Using all available rosidl_typesupport_cpp: rosidl_typesupport_fastrtps_cpp;rosidl_typesupport_introspection_cpp
[1.714s] -- Found geometry_msgs: 4.2.3 (/opt/ros/humble/share/geometry_msgs/cmake)
[1.808s] -- Found urdf: 2.6.0 (/opt/ros/humble/share/urdf/cmake)
[1.859s] -- Found xacro: 2.0.8 (/opt/ros/humble/share/xacro/cmake)
[1.860s] -- Found ament_lint_auto: 0.12.10 (/opt/ros/humble/share/ament_lint_auto/cmake)
[1.972s] Error parsing '/home/jorge/quori_ws/src/quori_description/package.xml':
[2.056s] Traceback (most recent call last):
[2.056s]   File "/opt/ros/humble/share/ament_cmake_core/cmake/core/package_xml_2_cmake.py", line 150, in <module>
[2.056s]     main()
[2.056s]   File "/opt/ros/humble/share/ament_cmake_core/cmake/core/package_xml_2_cmake.py", line 53, in main
[2.056s]     raise e
[2.056s]   File "/opt/ros/humble/share/ament_cmake_core/cmake/core/package_xml_2_cmake.py", line 49, in main
[2.057s]     package = parse_package_string(
[2.057s]   File "/usr/lib/python3/dist-packages/catkin_pkg/package.py", line 788, in parse_package_string
[2.057s]     pkg.validate(warnings=warnings)
[2.057s]   File "/usr/lib/python3/dist-packages/catkin_pkg/package.py", line 330, in validate
[2.057s]     raise InvalidPackage('\n'.join(errors), self.filename)
[2.057s] catkin_pkg.package.InvalidPackage: Error(s) in package '/home/jorge/quori_ws/src/quori_description/package.xml':
[2.057s] The package "quori_description" must not "build_depend" on a package with the same name as this package
[2.057s] The package "quori_description" must not "exec_depend" on a package with the same name as this package
[2.079s] [31mCMake Error at /opt/ros/humble/share/ament_cmake_core/cmake/core/ament_package_xml.cmake:95 (message):
[2.079s]   execute_process(/usr/bin/python3
[2.080s]   /opt/ros/humble/share/ament_cmake_core/cmake/core/package_xml_2_cmake.py
[2.080s]   /home/jorge/quori_ws/src/quori_description/package.xml
[2.080s]   /home/jorge/quori_ws/build/quori_description/ament_cmake_core/package.cmake)
[2.080s]   returned error code 1
[2.080s] Call Stack (most recent call first):
[2.080s]   /opt/ros/humble/share/ament_cmake_core/cmake/core/ament_package_xml.cmake:49 (_ament_package_xml)
[2.080s]   /opt/ros/humble/share/ament_lint_auto/cmake/ament_lint_auto_find_test_dependencies.cmake:31 (ament_package_xml)
[2.080s]   CMakeLists.txt:36 (ament_lint_auto_find_test_dependencies)
[2.080s] 
[2.080s] [0m
[2.080s] -- Configuring incomplete, errors occurred!
[2.435s] Invoked command in '/home/jorge/quori_ws/build/quori_description' returned '1': /home/jorge/.local/bin/cmake /home/jorge/quori_ws/src/quori_description -DCMAKE_INSTALL_PREFIX=/home/jorge/quori_ws/install/quori_description
