[1.080s] DEBUG:colcon:Command line arguments: ['/usr/bin/colcon', 'build', '--symlink-install', '--packages-skip', 'quori_controller']
[1.080s] DEBUG:colcon:Parsed command line arguments: Namespace(log_base=None, log_level=None, verb_name='build', build_base='build', install_base='install', merge_install=False, symlink_install=True, test_result_base=None, continue_on_error=False, executor='parallel', parallel_workers=20, event_handlers=None, ignore_user_meta=False, metas=['./colcon.meta'], base_paths=['.'], packages_ignore=None, packages_ignore_regex=None, paths=None, packages_up_to=None, packages_up_to_regex=None, packages_above=None, packages_above_and_dependencies=None, packages_above_depth=None, packages_select_by_dep=None, packages_skip_by_dep=None, packages_skip_up_to=None, packages_select_build_failed=False, packages_skip_build_finished=False, packages_select_test_failures=False, packages_skip_test_passed=False, packages_select=None, packages_skip=['quori_controller'], packages_select_regex=None, packages_skip_regex=None, packages_start=None, packages_end=None, allow_overriding=[], cmake_args=None, cmake_target=None, cmake_target_skip_unavailable=False, cmake_clean_cache=False, cmake_clean_first=False, cmake_force_configure=False, ament_cmake_args=None, catkin_cmake_args=None, catkin_skip_building_tests=False, verb_parser=<colcon_defaults.argument_parser.defaults.DefaultArgumentsDecorator object at 0x7f901f57e230>, verb_extension=<colcon_core.verb.build.BuildVerb object at 0x7f901f570e50>, main=<bound method BuildVerb.main of <colcon_core.verb.build.BuildVerb object at 0x7f901f570e50>>)
[1.132s] Level 1:colcon.colcon_core.package_discovery:discover_packages(colcon_meta) check parameters
[1.132s] Level 1:colcon.colcon_core.package_discovery:discover_packages(recursive) check parameters
[1.132s] Level 1:colcon.colcon_core.package_discovery:discover_packages(ignore) check parameters
[1.132s] Level 1:colcon.colcon_core.package_discovery:discover_packages(path) check parameters
[1.132s] Level 1:colcon.colcon_core.package_discovery:discover_packages(colcon_meta) discover
[1.132s] Level 1:colcon.colcon_core.package_discovery:discover_packages(recursive) discover
[1.132s] INFO:colcon.colcon_core.package_discovery:Crawling recursively for packages in '/home/jorge/quori_ws'
[1.132s] Level 1:colcon.colcon_core.package_identification:_identify(.) by extensions ['ignore', 'ignore_ament_install']
[1.132s] Level 1:colcon.colcon_core.package_identification:_identify(.) by extension 'ignore'
[1.132s] Level 1:colcon.colcon_core.package_identification:_identify(.) by extension 'ignore_ament_install'
[1.132s] Level 1:colcon.colcon_core.package_identification:_identify(.) by extensions ['colcon_pkg']
[1.132s] Level 1:colcon.colcon_core.package_identification:_identify(.) by extension 'colcon_pkg'
[1.133s] Level 1:colcon.colcon_core.package_identification:_identify(.) by extensions ['colcon_meta']
[1.133s] Level 1:colcon.colcon_core.package_identification:_identify(.) by extension 'colcon_meta'
[1.133s] Level 1:colcon.colcon_core.package_identification:_identify(.) by extensions ['ros']
[1.133s] Level 1:colcon.colcon_core.package_identification:_identify(.) by extension 'ros'
[1.146s] Level 1:colcon.colcon_core.package_identification:_identify(.) by extensions ['cmake', 'python']
[1.146s] Level 1:colcon.colcon_core.package_identification:_identify(.) by extension 'cmake'
[1.146s] Level 1:colcon.colcon_core.package_identification:_identify(.) by extension 'python'
[1.146s] Level 1:colcon.colcon_core.package_identification:_identify(.) by extensions ['python_setup_py']
[1.146s] Level 1:colcon.colcon_core.package_identification:_identify(.) by extension 'python_setup_py'
[1.146s] Level 1:colcon.colcon_core.package_identification:_identify(build) by extensions ['ignore', 'ignore_ament_install']
[1.146s] Level 1:colcon.colcon_core.package_identification:_identify(build) by extension 'ignore'
[1.146s] Level 1:colcon.colcon_core.package_identification:_identify(build) ignored
[1.146s] Level 1:colcon.colcon_core.package_identification:_identify(install) by extensions ['ignore', 'ignore_ament_install']
[1.146s] Level 1:colcon.colcon_core.package_identification:_identify(install) by extension 'ignore'
[1.146s] Level 1:colcon.colcon_core.package_identification:_identify(install) ignored
[1.147s] Level 1:colcon.colcon_core.package_identification:_identify(log) by extensions ['ignore', 'ignore_ament_install']
[1.147s] Level 1:colcon.colcon_core.package_identification:_identify(log) by extension 'ignore'
[1.147s] Level 1:colcon.colcon_core.package_identification:_identify(log) ignored
[1.147s] Level 1:colcon.colcon_core.package_identification:_identify(src) by extensions ['ignore', 'ignore_ament_install']
[1.147s] Level 1:colcon.colcon_core.package_identification:_identify(src) by extension 'ignore'
[1.147s] Level 1:colcon.colcon_core.package_identification:_identify(src) by extension 'ignore_ament_install'
[1.147s] Level 1:colcon.colcon_core.package_identification:_identify(src) by extensions ['colcon_pkg']
[1.147s] Level 1:colcon.colcon_core.package_identification:_identify(src) by extension 'colcon_pkg'
[1.147s] Level 1:colcon.colcon_core.package_identification:_identify(src) by extensions ['colcon_meta']
[1.147s] Level 1:colcon.colcon_core.package_identification:_identify(src) by extension 'colcon_meta'
[1.147s] Level 1:colcon.colcon_core.package_identification:_identify(src) by extensions ['ros']
[1.147s] Level 1:colcon.colcon_core.package_identification:_identify(src) by extension 'ros'
[1.147s] Level 1:colcon.colcon_core.package_identification:_identify(src) by extensions ['cmake', 'python']
[1.147s] Level 1:colcon.colcon_core.package_identification:_identify(src) by extension 'cmake'
[1.147s] Level 1:colcon.colcon_core.package_identification:_identify(src) by extension 'python'
[1.147s] Level 1:colcon.colcon_core.package_identification:_identify(src) by extensions ['python_setup_py']
[1.147s] Level 1:colcon.colcon_core.package_identification:_identify(src) by extension 'python_setup_py'
[1.147s] Level 1:colcon.colcon_core.package_identification:_identify(src/astra_ros) by extensions ['ignore', 'ignore_ament_install']
[1.147s] Level 1:colcon.colcon_core.package_identification:_identify(src/astra_ros) by extension 'ignore'
[1.148s] Level 1:colcon.colcon_core.package_identification:_identify(src/astra_ros) by extension 'ignore_ament_install'
[1.148s] Level 1:colcon.colcon_core.package_identification:_identify(src/astra_ros) by extensions ['colcon_pkg']
[1.148s] Level 1:colcon.colcon_core.package_identification:_identify(src/astra_ros) by extension 'colcon_pkg'
[1.148s] Level 1:colcon.colcon_core.package_identification:_identify(src/astra_ros) by extensions ['colcon_meta']
[1.148s] Level 1:colcon.colcon_core.package_identification:_identify(src/astra_ros) by extension 'colcon_meta'
[1.148s] Level 1:colcon.colcon_core.package_identification:_identify(src/astra_ros) by extensions ['ros']
[1.148s] Level 1:colcon.colcon_core.package_identification:_identify(src/astra_ros) by extension 'ros'
[1.150s] DEBUG:colcon.colcon_core.package_identification:Package 'src/astra_ros' with type 'ros.ament_cmake' and name 'astra_ros'
[1.151s] Level 1:colcon.colcon_core.package_identification:_identify(src/quori_controller) by extensions ['ignore', 'ignore_ament_install']
[1.151s] Level 1:colcon.colcon_core.package_identification:_identify(src/quori_controller) by extension 'ignore'
[1.151s] Level 1:colcon.colcon_core.package_identification:_identify(src/quori_controller) by extension 'ignore_ament_install'
[1.151s] Level 1:colcon.colcon_core.package_identification:_identify(src/quori_controller) by extensions ['colcon_pkg']
[1.151s] Level 1:colcon.colcon_core.package_identification:_identify(src/quori_controller) by extension 'colcon_pkg'
[1.151s] Level 1:colcon.colcon_core.package_identification:_identify(src/quori_controller) by extensions ['colcon_meta']
[1.151s] Level 1:colcon.colcon_core.package_identification:_identify(src/quori_controller) by extension 'colcon_meta'
[1.151s] Level 1:colcon.colcon_core.package_identification:_identify(src/quori_controller) by extensions ['ros']
[1.151s] Level 1:colcon.colcon_core.package_identification:_identify(src/quori_controller) by extension 'ros'
[1.152s] DEBUG:colcon.colcon_core.package_identification:Package 'src/quori_controller' with type 'ros.ament_cmake' and name 'quori_controller'
[1.152s] Level 1:colcon.colcon_core.package_identification:_identify(src/quori_description) by extensions ['ignore', 'ignore_ament_install']
[1.152s] Level 1:colcon.colcon_core.package_identification:_identify(src/quori_description) by extension 'ignore'
[1.152s] Level 1:colcon.colcon_core.package_identification:_identify(src/quori_description) by extension 'ignore_ament_install'
[1.152s] Level 1:colcon.colcon_core.package_identification:_identify(src/quori_description) by extensions ['colcon_pkg']
[1.152s] Level 1:colcon.colcon_core.package_identification:_identify(src/quori_description) by extension 'colcon_pkg'
[1.152s] Level 1:colcon.colcon_core.package_identification:_identify(src/quori_description) by extensions ['colcon_meta']
[1.152s] Level 1:colcon.colcon_core.package_identification:_identify(src/quori_description) by extension 'colcon_meta'
[1.152s] Level 1:colcon.colcon_core.package_identification:_identify(src/quori_description) by extensions ['ros']
[1.152s] Level 1:colcon.colcon_core.package_identification:_identify(src/quori_description) by extension 'ros'
[1.153s] DEBUG:colcon.colcon_core.package_identification:Package 'src/quori_description' with type 'ros.ament_cmake' and name 'quori_description'
[1.153s] Level 1:colcon.colcon_core.package_identification:_identify(src/quori_gazebo) by extensions ['ignore', 'ignore_ament_install']
[1.153s] Level 1:colcon.colcon_core.package_identification:_identify(src/quori_gazebo) by extension 'ignore'
[1.153s] Level 1:colcon.colcon_core.package_identification:_identify(src/quori_gazebo) by extension 'ignore_ament_install'
[1.153s] Level 1:colcon.colcon_core.package_identification:_identify(src/quori_gazebo) by extensions ['colcon_pkg']
[1.153s] Level 1:colcon.colcon_core.package_identification:_identify(src/quori_gazebo) by extension 'colcon_pkg'
[1.153s] Level 1:colcon.colcon_core.package_identification:_identify(src/quori_gazebo) by extensions ['colcon_meta']
[1.153s] Level 1:colcon.colcon_core.package_identification:_identify(src/quori_gazebo) by extension 'colcon_meta'
[1.153s] Level 1:colcon.colcon_core.package_identification:_identify(src/quori_gazebo) by extensions ['ros']
[1.153s] Level 1:colcon.colcon_core.package_identification:_identify(src/quori_gazebo) by extension 'ros'
[1.154s] DEBUG:colcon.colcon_core.package_identification:Package 'src/quori_gazebo' with type 'ros.ament_cmake' and name 'quori_gazebo'
[1.154s] Level 1:colcon.colcon_core.package_identification:_identify(src/quori_launch) by extensions ['ignore', 'ignore_ament_install']
[1.154s] Level 1:colcon.colcon_core.package_identification:_identify(src/quori_launch) by extension 'ignore'
[1.154s] Level 1:colcon.colcon_core.package_identification:_identify(src/quori_launch) by extension 'ignore_ament_install'
[1.155s] Level 1:colcon.colcon_core.package_identification:_identify(src/quori_launch) by extensions ['colcon_pkg']
[1.155s] Level 1:colcon.colcon_core.package_identification:_identify(src/quori_launch) by extension 'colcon_pkg'
[1.155s] Level 1:colcon.colcon_core.package_identification:_identify(src/quori_launch) by extensions ['colcon_meta']
[1.155s] Level 1:colcon.colcon_core.package_identification:_identify(src/quori_launch) by extension 'colcon_meta'
[1.155s] Level 1:colcon.colcon_core.package_identification:_identify(src/quori_launch) by extensions ['ros']
[1.155s] Level 1:colcon.colcon_core.package_identification:_identify(src/quori_launch) by extension 'ros'
[1.155s] DEBUG:colcon.colcon_core.package_identification:Package 'src/quori_launch' with type 'ros.ament_cmake' and name 'quori_launch'
[1.155s] Level 1:colcon.colcon_core.package_identification:_identify(src/quori_msgs) by extensions ['ignore', 'ignore_ament_install']
[1.156s] Level 1:colcon.colcon_core.package_identification:_identify(src/quori_msgs) by extension 'ignore'
[1.156s] Level 1:colcon.colcon_core.package_identification:_identify(src/quori_msgs) by extension 'ignore_ament_install'
[1.156s] Level 1:colcon.colcon_core.package_identification:_identify(src/quori_msgs) by extensions ['colcon_pkg']
[1.156s] Level 1:colcon.colcon_core.package_identification:_identify(src/quori_msgs) by extension 'colcon_pkg'
[1.156s] Level 1:colcon.colcon_core.package_identification:_identify(src/quori_msgs) by extensions ['colcon_meta']
[1.156s] Level 1:colcon.colcon_core.package_identification:_identify(src/quori_msgs) by extension 'colcon_meta'
[1.156s] Level 1:colcon.colcon_core.package_identification:_identify(src/quori_msgs) by extensions ['ros']
[1.156s] Level 1:colcon.colcon_core.package_identification:_identify(src/quori_msgs) by extension 'ros'
[1.156s] DEBUG:colcon.colcon_core.package_identification:Package 'src/quori_msgs' with type 'ros.ament_cmake' and name 'quori_msgs'
[1.156s] Level 1:colcon.colcon_core.package_identification:_identify(src/quori_teleop) by extensions ['ignore', 'ignore_ament_install']
[1.157s] Level 1:colcon.colcon_core.package_identification:_identify(src/quori_teleop) by extension 'ignore'
[1.157s] Level 1:colcon.colcon_core.package_identification:_identify(src/quori_teleop) by extension 'ignore_ament_install'
[1.157s] Level 1:colcon.colcon_core.package_identification:_identify(src/quori_teleop) by extensions ['colcon_pkg']
[1.157s] Level 1:colcon.colcon_core.package_identification:_identify(src/quori_teleop) by extension 'colcon_pkg'
[1.157s] Level 1:colcon.colcon_core.package_identification:_identify(src/quori_teleop) by extensions ['colcon_meta']
[1.157s] Level 1:colcon.colcon_core.package_identification:_identify(src/quori_teleop) by extension 'colcon_meta'
[1.157s] Level 1:colcon.colcon_core.package_identification:_identify(src/quori_teleop) by extensions ['ros']
[1.157s] Level 1:colcon.colcon_core.package_identification:_identify(src/quori_teleop) by extension 'ros'
[1.157s] DEBUG:colcon.colcon_core.package_identification:Package 'src/quori_teleop' with type 'ros.ament_cmake' and name 'quori_teleop'
[1.158s] Level 1:colcon.colcon_core.package_identification:_identify(src/quori_work) by extensions ['ignore', 'ignore_ament_install']
[1.158s] Level 1:colcon.colcon_core.package_identification:_identify(src/quori_work) by extension 'ignore'
[1.158s] Level 1:colcon.colcon_core.package_identification:_identify(src/quori_work) by extension 'ignore_ament_install'
[1.158s] Level 1:colcon.colcon_core.package_identification:_identify(src/quori_work) by extensions ['colcon_pkg']
[1.158s] Level 1:colcon.colcon_core.package_identification:_identify(src/quori_work) by extension 'colcon_pkg'
[1.158s] Level 1:colcon.colcon_core.package_identification:_identify(src/quori_work) by extensions ['colcon_meta']
[1.158s] Level 1:colcon.colcon_core.package_identification:_identify(src/quori_work) by extension 'colcon_meta'
[1.158s] Level 1:colcon.colcon_core.package_identification:_identify(src/quori_work) by extensions ['ros']
[1.158s] Level 1:colcon.colcon_core.package_identification:_identify(src/quori_work) by extension 'ros'
[1.158s] DEBUG:colcon.colcon_core.package_identification:Package 'src/quori_work' with type 'ros.ament_cmake' and name 'quori_work'
[1.159s] Level 1:colcon.colcon_core.package_identification:_identify(src/respeaker_ros) by extensions ['ignore', 'ignore_ament_install']
[1.159s] Level 1:colcon.colcon_core.package_identification:_identify(src/respeaker_ros) by extension 'ignore'
[1.159s] Level 1:colcon.colcon_core.package_identification:_identify(src/respeaker_ros) by extension 'ignore_ament_install'
[1.159s] Level 1:colcon.colcon_core.package_identification:_identify(src/respeaker_ros) by extensions ['colcon_pkg']
[1.159s] Level 1:colcon.colcon_core.package_identification:_identify(src/respeaker_ros) by extension 'colcon_pkg'
[1.159s] Level 1:colcon.colcon_core.package_identification:_identify(src/respeaker_ros) by extensions ['colcon_meta']
[1.159s] Level 1:colcon.colcon_core.package_identification:_identify(src/respeaker_ros) by extension 'colcon_meta'
[1.159s] Level 1:colcon.colcon_core.package_identification:_identify(src/respeaker_ros) by extensions ['ros']
[1.159s] Level 1:colcon.colcon_core.package_identification:_identify(src/respeaker_ros) by extension 'ros'
[1.160s] DEBUG:colcon.colcon_core.package_identification:Package 'src/respeaker_ros' with type 'ros.ament_cmake' and name 'respeaker_ros'
[1.160s] Level 1:colcon.colcon_core.package_discovery:discover_packages(recursive) using defaults
[1.160s] Level 1:colcon.colcon_core.package_discovery:discover_packages(ignore) discover
[1.160s] Level 1:colcon.colcon_core.package_discovery:discover_packages(ignore) using defaults
[1.160s] Level 1:colcon.colcon_core.package_discovery:discover_packages(path) discover
[1.160s] Level 1:colcon.colcon_core.package_discovery:discover_packages(path) using defaults
[1.216s] ERROR:colcon:colcon build: Unable to order packages topologically:
quori_description: ['quori_gazebo']
quori_gazebo: ['quori_description']
