[1.241s] Invoking command in '/home/jorge/quori_ws/build/astra_ros': CMAKE_PREFIX_PATH=${CMAKE_PREFIX_PATH}:/home/jorge/ros2_ws/install/world_explorer:/home/jorge/ros2_ws/install/sense_stop_go:/home/jorge/ros2_ws/install/rob599_hw3:/home/jorge/ros2_ws/install/rob599_hw2:/home/jorge/ros2_ws/install/py_pubsub:/home/jorge/ros2_ws/install/launch_testing_examples:/home/jorge/ros2_ws/install/examples_rclpy_pointcloud_publisher:/home/jorge/ros2_ws/install/examples_rclpy_minimal_subscriber:/home/jorge/ros2_ws/install/examples_rclpy_minimal_service:/home/jorge/ros2_ws/install/examples_rclpy_minimal_publisher:/home/jorge/ros2_ws/install/examples_rclpy_minimal_client:/home/jorge/ros2_ws/install/examples_rclpy_minimal_action_server:/home/jorge/ros2_ws/install/examples_rclpy_minimal_action_client:/home/jorge/ros2_ws/install/examples_rclpy_guard_conditions:/home/jorge/ros2_ws/install/examples_rclpy_executors:/opt/ros/humble /home/jorge/.local/bin/cmake --build /home/jorge/quori_ws/build/astra_ros -- -j20 -l20
[1.384s] Invoked command in '/home/jorge/quori_ws/build/astra_ros' returned '0': CMAKE_PREFIX_PATH=${CMAKE_PREFIX_PATH}:/home/jorge/ros2_ws/install/world_explorer:/home/jorge/ros2_ws/install/sense_stop_go:/home/jorge/ros2_ws/install/rob599_hw3:/home/jorge/ros2_ws/install/rob599_hw2:/home/jorge/ros2_ws/install/py_pubsub:/home/jorge/ros2_ws/install/launch_testing_examples:/home/jorge/ros2_ws/install/examples_rclpy_pointcloud_publisher:/home/jorge/ros2_ws/install/examples_rclpy_minimal_subscriber:/home/jorge/ros2_ws/install/examples_rclpy_minimal_service:/home/jorge/ros2_ws/install/examples_rclpy_minimal_publisher:/home/jorge/ros2_ws/install/examples_rclpy_minimal_client:/home/jorge/ros2_ws/install/examples_rclpy_minimal_action_server:/home/jorge/ros2_ws/install/examples_rclpy_minimal_action_client:/home/jorge/ros2_ws/install/examples_rclpy_guard_conditions:/home/jorge/ros2_ws/install/examples_rclpy_executors:/opt/ros/humble /home/jorge/.local/bin/cmake --build /home/jorge/quori_ws/build/astra_ros -- -j20 -l20
[1.637s] Invoking command in '/home/jorge/quori_ws/build/astra_ros': CMAKE_PREFIX_PATH=${CMAKE_PREFIX_PATH}:/home/jorge/ros2_ws/install/world_explorer:/home/jorge/ros2_ws/install/sense_stop_go:/home/jorge/ros2_ws/install/rob599_hw3:/home/jorge/ros2_ws/install/rob599_hw2:/home/jorge/ros2_ws/install/py_pubsub:/home/jorge/ros2_ws/install/launch_testing_examples:/home/jorge/ros2_ws/install/examples_rclpy_pointcloud_publisher:/home/jorge/ros2_ws/install/examples_rclpy_minimal_subscriber:/home/jorge/ros2_ws/install/examples_rclpy_minimal_service:/home/jorge/ros2_ws/install/examples_rclpy_minimal_publisher:/home/jorge/ros2_ws/install/examples_rclpy_minimal_client:/home/jorge/ros2_ws/install/examples_rclpy_minimal_action_server:/home/jorge/ros2_ws/install/examples_rclpy_minimal_action_client:/home/jorge/ros2_ws/install/examples_rclpy_guard_conditions:/home/jorge/ros2_ws/install/examples_rclpy_executors:/opt/ros/humble /home/jorge/.local/bin/cmake --install /home/jorge/quori_ws/build/astra_ros
[1.733s] -- Install configuration: ""
[1.733s] -- Execute custom install script
[1.733s] -- Up-to-date symlink: /home/jorge/quori_ws/install/astra_ros/share/ament_index/resource_index/package_run_dependencies/astra_ros
[1.734s] -- Up-to-date symlink: /home/jorge/quori_ws/install/astra_ros/share/ament_index/resource_index/parent_prefix_path/astra_ros
[1.734s] -- Up-to-date symlink: /home/jorge/quori_ws/install/astra_ros/share/astra_ros/environment/ament_prefix_path.sh
[1.734s] -- Up-to-date symlink: /home/jorge/quori_ws/install/astra_ros/share/astra_ros/environment/ament_prefix_path.dsv
[1.734s] -- Up-to-date symlink: /home/jorge/quori_ws/install/astra_ros/share/astra_ros/environment/path.sh
[1.735s] -- Up-to-date symlink: /home/jorge/quori_ws/install/astra_ros/share/astra_ros/environment/path.dsv
[1.735s] -- Up-to-date symlink: /home/jorge/quori_ws/install/astra_ros/share/astra_ros/local_setup.bash
[1.736s] -- Up-to-date symlink: /home/jorge/quori_ws/install/astra_ros/share/astra_ros/local_setup.sh
[1.736s] -- Up-to-date symlink: /home/jorge/quori_ws/install/astra_ros/share/astra_ros/local_setup.zsh
[1.737s] -- Up-to-date symlink: /home/jorge/quori_ws/install/astra_ros/share/astra_ros/local_setup.dsv
[1.737s] -- Symlinking: /home/jorge/quori_ws/install/astra_ros/share/astra_ros/package.dsv
[1.744s] -- Up-to-date symlink: /home/jorge/quori_ws/install/astra_ros/share/ament_index/resource_index/packages/astra_ros
[1.745s] -- Up-to-date symlink: /home/jorge/quori_ws/install/astra_ros/share/astra_ros/cmake/astra_rosConfig.cmake
[1.745s] -- Up-to-date symlink: /home/jorge/quori_ws/install/astra_ros/share/astra_ros/cmake/astra_rosConfig-version.cmake
[1.746s] -- Up-to-date symlink: /home/jorge/quori_ws/install/astra_ros/share/astra_ros/package.xml
[2.508s] Invoked command in '/home/jorge/quori_ws/build/astra_ros' returned '0': CMAKE_PREFIX_PATH=${CMAKE_PREFIX_PATH}:/home/jorge/ros2_ws/install/world_explorer:/home/jorge/ros2_ws/install/sense_stop_go:/home/jorge/ros2_ws/install/rob599_hw3:/home/jorge/ros2_ws/install/rob599_hw2:/home/jorge/ros2_ws/install/py_pubsub:/home/jorge/ros2_ws/install/launch_testing_examples:/home/jorge/ros2_ws/install/examples_rclpy_pointcloud_publisher:/home/jorge/ros2_ws/install/examples_rclpy_minimal_subscriber:/home/jorge/ros2_ws/install/examples_rclpy_minimal_service:/home/jorge/ros2_ws/install/examples_rclpy_minimal_publisher:/home/jorge/ros2_ws/install/examples_rclpy_minimal_client:/home/jorge/ros2_ws/install/examples_rclpy_minimal_action_server:/home/jorge/ros2_ws/install/examples_rclpy_minimal_action_client:/home/jorge/ros2_ws/install/examples_rclpy_guard_conditions:/home/jorge/ros2_ws/install/examples_rclpy_executors:/opt/ros/humble /home/jorge/.local/bin/cmake --install /home/jorge/quori_ws/build/astra_ros
