[1.088s] DEBUG:colcon:Command line arguments: ['/usr/bin/colcon', 'build', '--symlink-install', '--packages-skip', 'quori_controller']
[1.088s] DEBUG:colcon:Parsed command line arguments: Namespace(log_base=None, log_level=None, verb_name='build', build_base='build', install_base='install', merge_install=False, symlink_install=True, test_result_base=None, continue_on_error=False, executor='parallel', parallel_workers=20, event_handlers=None, ignore_user_meta=False, metas=['./colcon.meta'], base_paths=['.'], packages_ignore=None, packages_ignore_regex=None, paths=None, packages_up_to=None, packages_up_to_regex=None, packages_above=None, packages_above_and_dependencies=None, packages_above_depth=None, packages_select_by_dep=None, packages_skip_by_dep=None, packages_skip_up_to=None, packages_select_build_failed=False, packages_skip_build_finished=False, packages_select_test_failures=False, packages_skip_test_passed=False, packages_select=None, packages_skip=['quori_controller'], packages_select_regex=None, packages_skip_regex=None, packages_start=None, packages_end=None, allow_overriding=[], cmake_args=None, cmake_target=None, cmake_target_skip_unavailable=False, cmake_clean_cache=False, cmake_clean_first=False, cmake_force_configure=False, ament_cmake_args=None, catkin_cmake_args=None, catkin_skip_building_tests=False, verb_parser=<colcon_defaults.argument_parser.defaults.DefaultArgumentsDecorator object at 0x78a669a28e80>, verb_extension=<colcon_core.verb.build.BuildVerb object at 0x78a669a25600>, main=<bound method BuildVerb.main of <colcon_core.verb.build.BuildVerb object at 0x78a669a25600>>)
[1.138s] Level 1:colcon.colcon_core.package_discovery:discover_packages(colcon_meta) check parameters
[1.138s] Level 1:colcon.colcon_core.package_discovery:discover_packages(recursive) check parameters
[1.138s] Level 1:colcon.colcon_core.package_discovery:discover_packages(ignore) check parameters
[1.138s] Level 1:colcon.colcon_core.package_discovery:discover_packages(path) check parameters
[1.138s] Level 1:colcon.colcon_core.package_discovery:discover_packages(colcon_meta) discover
[1.138s] Level 1:colcon.colcon_core.package_discovery:discover_packages(recursive) discover
[1.138s] INFO:colcon.colcon_core.package_discovery:Crawling recursively for packages in '/home/jorge/quori_ws'
[1.139s] Level 1:colcon.colcon_core.package_identification:_identify(.) by extensions ['ignore', 'ignore_ament_install']
[1.139s] Level 1:colcon.colcon_core.package_identification:_identify(.) by extension 'ignore'
[1.139s] Level 1:colcon.colcon_core.package_identification:_identify(.) by extension 'ignore_ament_install'
[1.139s] Level 1:colcon.colcon_core.package_identification:_identify(.) by extensions ['colcon_pkg']
[1.139s] Level 1:colcon.colcon_core.package_identification:_identify(.) by extension 'colcon_pkg'
[1.139s] Level 1:colcon.colcon_core.package_identification:_identify(.) by extensions ['colcon_meta']
[1.139s] Level 1:colcon.colcon_core.package_identification:_identify(.) by extension 'colcon_meta'
[1.139s] Level 1:colcon.colcon_core.package_identification:_identify(.) by extensions ['ros']
[1.139s] Level 1:colcon.colcon_core.package_identification:_identify(.) by extension 'ros'
[1.152s] Level 1:colcon.colcon_core.package_identification:_identify(.) by extensions ['cmake', 'python']
[1.152s] Level 1:colcon.colcon_core.package_identification:_identify(.) by extension 'cmake'
[1.152s] Level 1:colcon.colcon_core.package_identification:_identify(.) by extension 'python'
[1.152s] Level 1:colcon.colcon_core.package_identification:_identify(.) by extensions ['python_setup_py']
[1.152s] Level 1:colcon.colcon_core.package_identification:_identify(.) by extension 'python_setup_py'
[1.152s] Level 1:colcon.colcon_core.package_identification:_identify(build) by extensions ['ignore', 'ignore_ament_install']
[1.152s] Level 1:colcon.colcon_core.package_identification:_identify(build) by extension 'ignore'
[1.152s] Level 1:colcon.colcon_core.package_identification:_identify(build) ignored
[1.153s] Level 1:colcon.colcon_core.package_identification:_identify(install) by extensions ['ignore', 'ignore_ament_install']
[1.153s] Level 1:colcon.colcon_core.package_identification:_identify(install) by extension 'ignore'
[1.153s] Level 1:colcon.colcon_core.package_identification:_identify(install) ignored
[1.153s] Level 1:colcon.colcon_core.package_identification:_identify(log) by extensions ['ignore', 'ignore_ament_install']
[1.153s] Level 1:colcon.colcon_core.package_identification:_identify(log) by extension 'ignore'
[1.153s] Level 1:colcon.colcon_core.package_identification:_identify(log) ignored
[1.153s] Level 1:colcon.colcon_core.package_identification:_identify(src) by extensions ['ignore', 'ignore_ament_install']
[1.153s] Level 1:colcon.colcon_core.package_identification:_identify(src) by extension 'ignore'
[1.153s] Level 1:colcon.colcon_core.package_identification:_identify(src) by extension 'ignore_ament_install'
[1.153s] Level 1:colcon.colcon_core.package_identification:_identify(src) by extensions ['colcon_pkg']
[1.153s] Level 1:colcon.colcon_core.package_identification:_identify(src) by extension 'colcon_pkg'
[1.153s] Level 1:colcon.colcon_core.package_identification:_identify(src) by extensions ['colcon_meta']
[1.153s] Level 1:colcon.colcon_core.package_identification:_identify(src) by extension 'colcon_meta'
[1.153s] Level 1:colcon.colcon_core.package_identification:_identify(src) by extensions ['ros']
[1.153s] Level 1:colcon.colcon_core.package_identification:_identify(src) by extension 'ros'
[1.153s] Level 1:colcon.colcon_core.package_identification:_identify(src) by extensions ['cmake', 'python']
[1.153s] Level 1:colcon.colcon_core.package_identification:_identify(src) by extension 'cmake'
[1.154s] Level 1:colcon.colcon_core.package_identification:_identify(src) by extension 'python'
[1.154s] Level 1:colcon.colcon_core.package_identification:_identify(src) by extensions ['python_setup_py']
[1.154s] Level 1:colcon.colcon_core.package_identification:_identify(src) by extension 'python_setup_py'
[1.154s] Level 1:colcon.colcon_core.package_identification:_identify(src/astra_ros) by extensions ['ignore', 'ignore_ament_install']
[1.154s] Level 1:colcon.colcon_core.package_identification:_identify(src/astra_ros) by extension 'ignore'
[1.154s] Level 1:colcon.colcon_core.package_identification:_identify(src/astra_ros) by extension 'ignore_ament_install'
[1.154s] Level 1:colcon.colcon_core.package_identification:_identify(src/astra_ros) by extensions ['colcon_pkg']
[1.154s] Level 1:colcon.colcon_core.package_identification:_identify(src/astra_ros) by extension 'colcon_pkg'
[1.154s] Level 1:colcon.colcon_core.package_identification:_identify(src/astra_ros) by extensions ['colcon_meta']
[1.154s] Level 1:colcon.colcon_core.package_identification:_identify(src/astra_ros) by extension 'colcon_meta'
[1.154s] Level 1:colcon.colcon_core.package_identification:_identify(src/astra_ros) by extensions ['ros']
[1.154s] Level 1:colcon.colcon_core.package_identification:_identify(src/astra_ros) by extension 'ros'
[1.157s] DEBUG:colcon.colcon_core.package_identification:Package 'src/astra_ros' with type 'ros.ament_cmake' and name 'astra_ros'
[1.157s] Level 1:colcon.colcon_core.package_identification:_identify(src/quori_controller) by extensions ['ignore', 'ignore_ament_install']
[1.157s] Level 1:colcon.colcon_core.package_identification:_identify(src/quori_controller) by extension 'ignore'
[1.157s] Level 1:colcon.colcon_core.package_identification:_identify(src/quori_controller) by extension 'ignore_ament_install'
[1.157s] Level 1:colcon.colcon_core.package_identification:_identify(src/quori_controller) by extensions ['colcon_pkg']
[1.157s] Level 1:colcon.colcon_core.package_identification:_identify(src/quori_controller) by extension 'colcon_pkg'
[1.157s] Level 1:colcon.colcon_core.package_identification:_identify(src/quori_controller) by extensions ['colcon_meta']
[1.157s] Level 1:colcon.colcon_core.package_identification:_identify(src/quori_controller) by extension 'colcon_meta'
[1.157s] Level 1:colcon.colcon_core.package_identification:_identify(src/quori_controller) by extensions ['ros']
[1.157s] Level 1:colcon.colcon_core.package_identification:_identify(src/quori_controller) by extension 'ros'
[1.158s] DEBUG:colcon.colcon_core.package_identification:Package 'src/quori_controller' with type 'ros.ament_cmake' and name 'quori_controller'
[1.158s] Level 1:colcon.colcon_core.package_identification:_identify(src/quori_description) by extensions ['ignore', 'ignore_ament_install']
[1.158s] Level 1:colcon.colcon_core.package_identification:_identify(src/quori_description) by extension 'ignore'
[1.158s] Level 1:colcon.colcon_core.package_identification:_identify(src/quori_description) by extension 'ignore_ament_install'
[1.158s] Level 1:colcon.colcon_core.package_identification:_identify(src/quori_description) by extensions ['colcon_pkg']
[1.158s] Level 1:colcon.colcon_core.package_identification:_identify(src/quori_description) by extension 'colcon_pkg'
[1.158s] Level 1:colcon.colcon_core.package_identification:_identify(src/quori_description) by extensions ['colcon_meta']
[1.158s] Level 1:colcon.colcon_core.package_identification:_identify(src/quori_description) by extension 'colcon_meta'
[1.158s] Level 1:colcon.colcon_core.package_identification:_identify(src/quori_description) by extensions ['ros']
[1.159s] Level 1:colcon.colcon_core.package_identification:_identify(src/quori_description) by extension 'ros'
[1.160s] DEBUG:colcon.colcon_core.package_identification:Found ROS schema reference in package manifest in 'src/quori_description'
[1.160s] WARNING:colcon.colcon_core.package_identification:Failed to parse ROS package manifest in 'src/quori_description': Error(s) in package 'src/quori_description/package.xml':
The package "quori_description" must not "build_depend" on a package with the same name as this package
The package "quori_description" must not "exec_depend" on a package with the same name as this package
[1.160s] Level 1:colcon.colcon_core.package_identification:_identify(src/quori_description) by extensions ['cmake', 'python']
[1.160s] Level 1:colcon.colcon_core.package_identification:_identify(src/quori_description) by extension 'cmake'
[1.162s] Level 1:colcon.colcon_core.package_identification:_identify(src/quori_description) by extension 'python'
[1.162s] DEBUG:colcon.colcon_core.package_identification:Package 'src/quori_description' with type 'cmake' and name 'quori_description'
[1.162s] Level 1:colcon.colcon_core.package_identification:_identify(src/quori_gazebo) by extensions ['ignore', 'ignore_ament_install']
[1.162s] Level 1:colcon.colcon_core.package_identification:_identify(src/quori_gazebo) by extension 'ignore'
[1.162s] Level 1:colcon.colcon_core.package_identification:_identify(src/quori_gazebo) by extension 'ignore_ament_install'
[1.162s] Level 1:colcon.colcon_core.package_identification:_identify(src/quori_gazebo) by extensions ['colcon_pkg']
[1.162s] Level 1:colcon.colcon_core.package_identification:_identify(src/quori_gazebo) by extension 'colcon_pkg'
[1.162s] Level 1:colcon.colcon_core.package_identification:_identify(src/quori_gazebo) by extensions ['colcon_meta']
[1.162s] Level 1:colcon.colcon_core.package_identification:_identify(src/quori_gazebo) by extension 'colcon_meta'
[1.162s] Level 1:colcon.colcon_core.package_identification:_identify(src/quori_gazebo) by extensions ['ros']
[1.162s] Level 1:colcon.colcon_core.package_identification:_identify(src/quori_gazebo) by extension 'ros'
[1.163s] DEBUG:colcon.colcon_core.package_identification:Package 'src/quori_gazebo' with type 'ros.ament_cmake' and name 'quori_gazebo'
[1.163s] Level 1:colcon.colcon_core.package_identification:_identify(src/quori_launch) by extensions ['ignore', 'ignore_ament_install']
[1.163s] Level 1:colcon.colcon_core.package_identification:_identify(src/quori_launch) by extension 'ignore'
[1.163s] Level 1:colcon.colcon_core.package_identification:_identify(src/quori_launch) by extension 'ignore_ament_install'
[1.163s] Level 1:colcon.colcon_core.package_identification:_identify(src/quori_launch) by extensions ['colcon_pkg']
[1.164s] Level 1:colcon.colcon_core.package_identification:_identify(src/quori_launch) by extension 'colcon_pkg'
[1.164s] Level 1:colcon.colcon_core.package_identification:_identify(src/quori_launch) by extensions ['colcon_meta']
[1.164s] Level 1:colcon.colcon_core.package_identification:_identify(src/quori_launch) by extension 'colcon_meta'
[1.164s] Level 1:colcon.colcon_core.package_identification:_identify(src/quori_launch) by extensions ['ros']
[1.164s] Level 1:colcon.colcon_core.package_identification:_identify(src/quori_launch) by extension 'ros'
[1.164s] DEBUG:colcon.colcon_core.package_identification:Package 'src/quori_launch' with type 'ros.ament_cmake' and name 'quori_launch'
[1.164s] Level 1:colcon.colcon_core.package_identification:_identify(src/quori_msgs) by extensions ['ignore', 'ignore_ament_install']
[1.164s] Level 1:colcon.colcon_core.package_identification:_identify(src/quori_msgs) by extension 'ignore'
[1.165s] Level 1:colcon.colcon_core.package_identification:_identify(src/quori_msgs) by extension 'ignore_ament_install'
[1.165s] Level 1:colcon.colcon_core.package_identification:_identify(src/quori_msgs) by extensions ['colcon_pkg']
[1.165s] Level 1:colcon.colcon_core.package_identification:_identify(src/quori_msgs) by extension 'colcon_pkg'
[1.165s] Level 1:colcon.colcon_core.package_identification:_identify(src/quori_msgs) by extensions ['colcon_meta']
[1.165s] Level 1:colcon.colcon_core.package_identification:_identify(src/quori_msgs) by extension 'colcon_meta'
[1.165s] Level 1:colcon.colcon_core.package_identification:_identify(src/quori_msgs) by extensions ['ros']
[1.165s] Level 1:colcon.colcon_core.package_identification:_identify(src/quori_msgs) by extension 'ros'
[1.165s] DEBUG:colcon.colcon_core.package_identification:Package 'src/quori_msgs' with type 'ros.ament_cmake' and name 'quori_msgs'
[1.165s] Level 1:colcon.colcon_core.package_identification:_identify(src/quori_teleop) by extensions ['ignore', 'ignore_ament_install']
[1.165s] Level 1:colcon.colcon_core.package_identification:_identify(src/quori_teleop) by extension 'ignore'
[1.165s] Level 1:colcon.colcon_core.package_identification:_identify(src/quori_teleop) by extension 'ignore_ament_install'
[1.166s] Level 1:colcon.colcon_core.package_identification:_identify(src/quori_teleop) by extensions ['colcon_pkg']
[1.166s] Level 1:colcon.colcon_core.package_identification:_identify(src/quori_teleop) by extension 'colcon_pkg'
[1.166s] Level 1:colcon.colcon_core.package_identification:_identify(src/quori_teleop) by extensions ['colcon_meta']
[1.166s] Level 1:colcon.colcon_core.package_identification:_identify(src/quori_teleop) by extension 'colcon_meta'
[1.166s] Level 1:colcon.colcon_core.package_identification:_identify(src/quori_teleop) by extensions ['ros']
[1.166s] Level 1:colcon.colcon_core.package_identification:_identify(src/quori_teleop) by extension 'ros'
[1.166s] DEBUG:colcon.colcon_core.package_identification:Package 'src/quori_teleop' with type 'ros.ament_cmake' and name 'quori_teleop'
[1.166s] Level 1:colcon.colcon_core.package_identification:_identify(src/quori_work) by extensions ['ignore', 'ignore_ament_install']
[1.166s] Level 1:colcon.colcon_core.package_identification:_identify(src/quori_work) by extension 'ignore'
[1.166s] Level 1:colcon.colcon_core.package_identification:_identify(src/quori_work) by extension 'ignore_ament_install'
[1.167s] Level 1:colcon.colcon_core.package_identification:_identify(src/quori_work) by extensions ['colcon_pkg']
[1.167s] Level 1:colcon.colcon_core.package_identification:_identify(src/quori_work) by extension 'colcon_pkg'
[1.167s] Level 1:colcon.colcon_core.package_identification:_identify(src/quori_work) by extensions ['colcon_meta']
[1.167s] Level 1:colcon.colcon_core.package_identification:_identify(src/quori_work) by extension 'colcon_meta'
[1.167s] Level 1:colcon.colcon_core.package_identification:_identify(src/quori_work) by extensions ['ros']
[1.167s] Level 1:colcon.colcon_core.package_identification:_identify(src/quori_work) by extension 'ros'
[1.167s] DEBUG:colcon.colcon_core.package_identification:Package 'src/quori_work' with type 'ros.ament_cmake' and name 'quori_work'
[1.167s] Level 1:colcon.colcon_core.package_identification:_identify(src/respeaker_ros) by extensions ['ignore', 'ignore_ament_install']
[1.167s] Level 1:colcon.colcon_core.package_identification:_identify(src/respeaker_ros) by extension 'ignore'
[1.168s] Level 1:colcon.colcon_core.package_identification:_identify(src/respeaker_ros) by extension 'ignore_ament_install'
[1.168s] Level 1:colcon.colcon_core.package_identification:_identify(src/respeaker_ros) by extensions ['colcon_pkg']
[1.168s] Level 1:colcon.colcon_core.package_identification:_identify(src/respeaker_ros) by extension 'colcon_pkg'
[1.168s] Level 1:colcon.colcon_core.package_identification:_identify(src/respeaker_ros) by extensions ['colcon_meta']
[1.168s] Level 1:colcon.colcon_core.package_identification:_identify(src/respeaker_ros) by extension 'colcon_meta'
[1.168s] Level 1:colcon.colcon_core.package_identification:_identify(src/respeaker_ros) by extensions ['ros']
[1.168s] Level 1:colcon.colcon_core.package_identification:_identify(src/respeaker_ros) by extension 'ros'
[1.168s] DEBUG:colcon.colcon_core.package_identification:Package 'src/respeaker_ros' with type 'ros.ament_cmake' and name 'respeaker_ros'
[1.168s] Level 1:colcon.colcon_core.package_discovery:discover_packages(recursive) using defaults
[1.168s] Level 1:colcon.colcon_core.package_discovery:discover_packages(ignore) discover
[1.169s] Level 1:colcon.colcon_core.package_discovery:discover_packages(ignore) using defaults
[1.169s] Level 1:colcon.colcon_core.package_discovery:discover_packages(path) discover
[1.169s] Level 1:colcon.colcon_core.package_discovery:discover_packages(path) using defaults
[1.249s] INFO:colcon.colcon_core.package_selection:Skipping package 'quori_controller' in 'src/quori_controller'
[1.280s] Level 1:colcon.colcon_core.package_discovery:discover_packages(prefix_path) check parameters
[1.280s] Level 1:colcon.colcon_core.package_discovery:discover_packages(prefix_path) discover
[1.331s] DEBUG:colcon.colcon_installed_package_information.package_discovery:Found 8 installed packages in /home/jorge/quori_ws/install
[1.348s] DEBUG:colcon.colcon_installed_package_information.package_discovery:Found 29 installed packages in /home/jorge/ros2_ws/install
[1.365s] DEBUG:colcon.colcon_installed_package_information.package_discovery:Found 400 installed packages in /opt/ros/humble
[1.368s] Level 1:colcon.colcon_core.package_discovery:discover_packages(prefix_path) using defaults
[1.473s] Level 5:colcon.colcon_core.verb:set package 'astra_ros' build argument 'cmake_args' from command line to 'None'
[1.473s] Level 5:colcon.colcon_core.verb:set package 'astra_ros' build argument 'cmake_target' from command line to 'None'
[1.473s] Level 5:colcon.colcon_core.verb:set package 'astra_ros' build argument 'cmake_target_skip_unavailable' from command line to 'False'
[1.473s] Level 5:colcon.colcon_core.verb:set package 'astra_ros' build argument 'cmake_clean_cache' from command line to 'False'
[1.473s] Level 5:colcon.colcon_core.verb:set package 'astra_ros' build argument 'cmake_clean_first' from command line to 'False'
[1.473s] Level 5:colcon.colcon_core.verb:set package 'astra_ros' build argument 'cmake_force_configure' from command line to 'False'
[1.473s] Level 5:colcon.colcon_core.verb:set package 'astra_ros' build argument 'ament_cmake_args' from command line to 'None'
[1.473s] Level 5:colcon.colcon_core.verb:set package 'astra_ros' build argument 'catkin_cmake_args' from command line to 'None'
[1.473s] Level 5:colcon.colcon_core.verb:set package 'astra_ros' build argument 'catkin_skip_building_tests' from command line to 'False'
[1.473s] DEBUG:colcon.colcon_core.verb:Building package 'astra_ros' with the following arguments: {'ament_cmake_args': None, 'build_base': '/home/jorge/quori_ws/build/astra_ros', 'catkin_cmake_args': None, 'catkin_skip_building_tests': False, 'cmake_args': None, 'cmake_clean_cache': False, 'cmake_clean_first': False, 'cmake_force_configure': False, 'cmake_target': None, 'cmake_target_skip_unavailable': False, 'install_base': '/home/jorge/quori_ws/install/astra_ros', 'merge_install': False, 'path': '/home/jorge/quori_ws/src/astra_ros', 'symlink_install': True, 'test_result_base': None}
[1.489s] Level 5:colcon.colcon_core.verb:set package 'quori_description' build argument 'cmake_args' from command line to 'None'
[1.489s] Level 5:colcon.colcon_core.verb:set package 'quori_description' build argument 'cmake_target' from command line to 'None'
[1.489s] Level 5:colcon.colcon_core.verb:set package 'quori_description' build argument 'cmake_target_skip_unavailable' from command line to 'False'
[1.489s] Level 5:colcon.colcon_core.verb:set package 'quori_description' build argument 'cmake_clean_cache' from command line to 'False'
[1.489s] Level 5:colcon.colcon_core.verb:set package 'quori_description' build argument 'cmake_clean_first' from command line to 'False'
[1.489s] Level 5:colcon.colcon_core.verb:set package 'quori_description' build argument 'cmake_force_configure' from command line to 'False'
[1.489s] Level 5:colcon.colcon_core.verb:set package 'quori_description' build argument 'ament_cmake_args' from command line to 'None'
[1.489s] Level 5:colcon.colcon_core.verb:set package 'quori_description' build argument 'catkin_cmake_args' from command line to 'None'
[1.489s] Level 5:colcon.colcon_core.verb:set package 'quori_description' build argument 'catkin_skip_building_tests' from command line to 'False'
[1.489s] DEBUG:colcon.colcon_core.verb:Building package 'quori_description' with the following arguments: {'ament_cmake_args': None, 'build_base': '/home/jorge/quori_ws/build/quori_description', 'catkin_cmake_args': None, 'catkin_skip_building_tests': False, 'cmake_args': None, 'cmake_clean_cache': False, 'cmake_clean_first': False, 'cmake_force_configure': False, 'cmake_target': None, 'cmake_target_skip_unavailable': False, 'install_base': '/home/jorge/quori_ws/install/quori_description', 'merge_install': False, 'path': '/home/jorge/quori_ws/src/quori_description', 'symlink_install': True, 'test_result_base': None}
[1.505s] Level 5:colcon.colcon_core.verb:set package 'quori_launch' build argument 'cmake_args' from command line to 'None'
[1.505s] Level 5:colcon.colcon_core.verb:set package 'quori_launch' build argument 'cmake_target' from command line to 'None'
[1.505s] Level 5:colcon.colcon_core.verb:set package 'quori_launch' build argument 'cmake_target_skip_unavailable' from command line to 'False'
[1.505s] Level 5:colcon.colcon_core.verb:set package 'quori_launch' build argument 'cmake_clean_cache' from command line to 'False'
[1.505s] Level 5:colcon.colcon_core.verb:set package 'quori_launch' build argument 'cmake_clean_first' from command line to 'False'
[1.505s] Level 5:colcon.colcon_core.verb:set package 'quori_launch' build argument 'cmake_force_configure' from command line to 'False'
[1.505s] Level 5:colcon.colcon_core.verb:set package 'quori_launch' build argument 'ament_cmake_args' from command line to 'None'
[1.505s] Level 5:colcon.colcon_core.verb:set package 'quori_launch' build argument 'catkin_cmake_args' from command line to 'None'
[1.505s] Level 5:colcon.colcon_core.verb:set package 'quori_launch' build argument 'catkin_skip_building_tests' from command line to 'False'
[1.505s] DEBUG:colcon.colcon_core.verb:Building package 'quori_launch' with the following arguments: {'ament_cmake_args': None, 'build_base': '/home/jorge/quori_ws/build/quori_launch', 'catkin_cmake_args': None, 'catkin_skip_building_tests': False, 'cmake_args': None, 'cmake_clean_cache': False, 'cmake_clean_first': False, 'cmake_force_configure': False, 'cmake_target': None, 'cmake_target_skip_unavailable': False, 'install_base': '/home/jorge/quori_ws/install/quori_launch', 'merge_install': False, 'path': '/home/jorge/quori_ws/src/quori_launch', 'symlink_install': True, 'test_result_base': None}
[1.520s] Level 5:colcon.colcon_core.verb:set package 'quori_msgs' build argument 'cmake_args' from command line to 'None'
[1.520s] Level 5:colcon.colcon_core.verb:set package 'quori_msgs' build argument 'cmake_target' from command line to 'None'
[1.520s] Level 5:colcon.colcon_core.verb:set package 'quori_msgs' build argument 'cmake_target_skip_unavailable' from command line to 'False'
[1.520s] Level 5:colcon.colcon_core.verb:set package 'quori_msgs' build argument 'cmake_clean_cache' from command line to 'False'
[1.520s] Level 5:colcon.colcon_core.verb:set package 'quori_msgs' build argument 'cmake_clean_first' from command line to 'False'
[1.520s] Level 5:colcon.colcon_core.verb:set package 'quori_msgs' build argument 'cmake_force_configure' from command line to 'False'
[1.520s] Level 5:colcon.colcon_core.verb:set package 'quori_msgs' build argument 'ament_cmake_args' from command line to 'None'
[1.520s] Level 5:colcon.colcon_core.verb:set package 'quori_msgs' build argument 'catkin_cmake_args' from command line to 'None'
[1.520s] Level 5:colcon.colcon_core.verb:set package 'quori_msgs' build argument 'catkin_skip_building_tests' from command line to 'False'
[1.521s] DEBUG:colcon.colcon_core.verb:Building package 'quori_msgs' with the following arguments: {'ament_cmake_args': None, 'build_base': '/home/jorge/quori_ws/build/quori_msgs', 'catkin_cmake_args': None, 'catkin_skip_building_tests': False, 'cmake_args': None, 'cmake_clean_cache': False, 'cmake_clean_first': False, 'cmake_force_configure': False, 'cmake_target': None, 'cmake_target_skip_unavailable': False, 'install_base': '/home/jorge/quori_ws/install/quori_msgs', 'merge_install': False, 'path': '/home/jorge/quori_ws/src/quori_msgs', 'symlink_install': True, 'test_result_base': None}
[1.536s] Level 5:colcon.colcon_core.verb:set package 'quori_teleop' build argument 'cmake_args' from command line to 'None'
[1.536s] Level 5:colcon.colcon_core.verb:set package 'quori_teleop' build argument 'cmake_target' from command line to 'None'
[1.536s] Level 5:colcon.colcon_core.verb:set package 'quori_teleop' build argument 'cmake_target_skip_unavailable' from command line to 'False'
[1.536s] Level 5:colcon.colcon_core.verb:set package 'quori_teleop' build argument 'cmake_clean_cache' from command line to 'False'
[1.536s] Level 5:colcon.colcon_core.verb:set package 'quori_teleop' build argument 'cmake_clean_first' from command line to 'False'
[1.536s] Level 5:colcon.colcon_core.verb:set package 'quori_teleop' build argument 'cmake_force_configure' from command line to 'False'
[1.536s] Level 5:colcon.colcon_core.verb:set package 'quori_teleop' build argument 'ament_cmake_args' from command line to 'None'
[1.536s] Level 5:colcon.colcon_core.verb:set package 'quori_teleop' build argument 'catkin_cmake_args' from command line to 'None'
[1.536s] Level 5:colcon.colcon_core.verb:set package 'quori_teleop' build argument 'catkin_skip_building_tests' from command line to 'False'
[1.536s] DEBUG:colcon.colcon_core.verb:Building package 'quori_teleop' with the following arguments: {'ament_cmake_args': None, 'build_base': '/home/jorge/quori_ws/build/quori_teleop', 'catkin_cmake_args': None, 'catkin_skip_building_tests': False, 'cmake_args': None, 'cmake_clean_cache': False, 'cmake_clean_first': False, 'cmake_force_configure': False, 'cmake_target': None, 'cmake_target_skip_unavailable': False, 'install_base': '/home/jorge/quori_ws/install/quori_teleop', 'merge_install': False, 'path': '/home/jorge/quori_ws/src/quori_teleop', 'symlink_install': True, 'test_result_base': None}
[1.551s] Level 5:colcon.colcon_core.verb:set package 'quori_work' build argument 'cmake_args' from command line to 'None'
[1.551s] Level 5:colcon.colcon_core.verb:set package 'quori_work' build argument 'cmake_target' from command line to 'None'
[1.551s] Level 5:colcon.colcon_core.verb:set package 'quori_work' build argument 'cmake_target_skip_unavailable' from command line to 'False'
[1.551s] Level 5:colcon.colcon_core.verb:set package 'quori_work' build argument 'cmake_clean_cache' from command line to 'False'
[1.551s] Level 5:colcon.colcon_core.verb:set package 'quori_work' build argument 'cmake_clean_first' from command line to 'False'
[1.551s] Level 5:colcon.colcon_core.verb:set package 'quori_work' build argument 'cmake_force_configure' from command line to 'False'
[1.551s] Level 5:colcon.colcon_core.verb:set package 'quori_work' build argument 'ament_cmake_args' from command line to 'None'
[1.551s] Level 5:colcon.colcon_core.verb:set package 'quori_work' build argument 'catkin_cmake_args' from command line to 'None'
[1.551s] Level 5:colcon.colcon_core.verb:set package 'quori_work' build argument 'catkin_skip_building_tests' from command line to 'False'
[1.551s] DEBUG:colcon.colcon_core.verb:Building package 'quori_work' with the following arguments: {'ament_cmake_args': None, 'build_base': '/home/jorge/quori_ws/build/quori_work', 'catkin_cmake_args': None, 'catkin_skip_building_tests': False, 'cmake_args': None, 'cmake_clean_cache': False, 'cmake_clean_first': False, 'cmake_force_configure': False, 'cmake_target': None, 'cmake_target_skip_unavailable': False, 'install_base': '/home/jorge/quori_ws/install/quori_work', 'merge_install': False, 'path': '/home/jorge/quori_ws/src/quori_work', 'symlink_install': True, 'test_result_base': None}
[1.567s] Level 5:colcon.colcon_core.verb:set package 'respeaker_ros' build argument 'cmake_args' from command line to 'None'
[1.567s] Level 5:colcon.colcon_core.verb:set package 'respeaker_ros' build argument 'cmake_target' from command line to 'None'
[1.567s] Level 5:colcon.colcon_core.verb:set package 'respeaker_ros' build argument 'cmake_target_skip_unavailable' from command line to 'False'
[1.567s] Level 5:colcon.colcon_core.verb:set package 'respeaker_ros' build argument 'cmake_clean_cache' from command line to 'False'
[1.567s] Level 5:colcon.colcon_core.verb:set package 'respeaker_ros' build argument 'cmake_clean_first' from command line to 'False'
[1.567s] Level 5:colcon.colcon_core.verb:set package 'respeaker_ros' build argument 'cmake_force_configure' from command line to 'False'
[1.567s] Level 5:colcon.colcon_core.verb:set package 'respeaker_ros' build argument 'ament_cmake_args' from command line to 'None'
[1.567s] Level 5:colcon.colcon_core.verb:set package 'respeaker_ros' build argument 'catkin_cmake_args' from command line to 'None'
[1.567s] Level 5:colcon.colcon_core.verb:set package 'respeaker_ros' build argument 'catkin_skip_building_tests' from command line to 'False'
[1.567s] DEBUG:colcon.colcon_core.verb:Building package 'respeaker_ros' with the following arguments: {'ament_cmake_args': None, 'build_base': '/home/jorge/quori_ws/build/respeaker_ros', 'catkin_cmake_args': None, 'catkin_skip_building_tests': False, 'cmake_args': None, 'cmake_clean_cache': False, 'cmake_clean_first': False, 'cmake_force_configure': False, 'cmake_target': None, 'cmake_target_skip_unavailable': False, 'install_base': '/home/jorge/quori_ws/install/respeaker_ros', 'merge_install': False, 'path': '/home/jorge/quori_ws/src/respeaker_ros', 'symlink_install': True, 'test_result_base': None}
[1.582s] Level 5:colcon.colcon_core.verb:set package 'quori_gazebo' build argument 'cmake_args' from command line to 'None'
[1.582s] Level 5:colcon.colcon_core.verb:set package 'quori_gazebo' build argument 'cmake_target' from command line to 'None'
[1.582s] Level 5:colcon.colcon_core.verb:set package 'quori_gazebo' build argument 'cmake_target_skip_unavailable' from command line to 'False'
[1.582s] Level 5:colcon.colcon_core.verb:set package 'quori_gazebo' build argument 'cmake_clean_cache' from command line to 'False'
[1.582s] Level 5:colcon.colcon_core.verb:set package 'quori_gazebo' build argument 'cmake_clean_first' from command line to 'False'
[1.582s] Level 5:colcon.colcon_core.verb:set package 'quori_gazebo' build argument 'cmake_force_configure' from command line to 'False'
[1.582s] Level 5:colcon.colcon_core.verb:set package 'quori_gazebo' build argument 'ament_cmake_args' from command line to 'None'
[1.582s] Level 5:colcon.colcon_core.verb:set package 'quori_gazebo' build argument 'catkin_cmake_args' from command line to 'None'
[1.582s] Level 5:colcon.colcon_core.verb:set package 'quori_gazebo' build argument 'catkin_skip_building_tests' from command line to 'False'
[1.582s] DEBUG:colcon.colcon_core.verb:Building package 'quori_gazebo' with the following arguments: {'ament_cmake_args': None, 'build_base': '/home/jorge/quori_ws/build/quori_gazebo', 'catkin_cmake_args': None, 'catkin_skip_building_tests': False, 'cmake_args': None, 'cmake_clean_cache': False, 'cmake_clean_first': False, 'cmake_force_configure': False, 'cmake_target': None, 'cmake_target_skip_unavailable': False, 'install_base': '/home/jorge/quori_ws/install/quori_gazebo', 'merge_install': False, 'path': '/home/jorge/quori_ws/src/quori_gazebo', 'symlink_install': True, 'test_result_base': None}
[1.597s] INFO:colcon.colcon_core.executor:Executing jobs using 'parallel' executor
[1.613s] DEBUG:colcon.colcon_parallel_executor.executor.parallel:run_until_complete
[1.613s] INFO:colcon.colcon_cmake.task.cmake.build:Building CMake package in '/home/jorge/quori_ws/src/quori_description'
[1.631s] INFO:colcon.colcon_core.plugin_system:Skipping extension 'colcon_core.shell.bat': Not used on non-Windows systems
[1.632s] INFO:colcon.colcon_core.shell:Skip shell extension 'powershell' for command environment: Not usable outside of PowerShell
[1.632s] DEBUG:colcon.colcon_core.shell:Skip shell extension 'dsv' for command environment
[1.719s] INFO:colcon.colcon_ros.task.ament_cmake.build:Building ROS package in '/home/jorge/quori_ws/src/astra_ros' with build type 'ament_cmake'
[1.720s] INFO:colcon.colcon_cmake.task.cmake.build:Building CMake package in '/home/jorge/quori_ws/src/astra_ros'
[1.754s] INFO:colcon.colcon_core.shell:Skip shell extension 'powershell' for command environment: Not usable outside of PowerShell
[1.754s] DEBUG:colcon.colcon_core.shell:Skip shell extension 'dsv' for command environment
[1.910s] INFO:colcon.colcon_ros.task.ament_cmake.build:Building ROS package in '/home/jorge/quori_ws/src/quori_launch' with build type 'ament_cmake'
[1.910s] INFO:colcon.colcon_cmake.task.cmake.build:Building CMake package in '/home/jorge/quori_ws/src/quori_launch'
[1.932s] INFO:colcon.colcon_core.shell:Skip shell extension 'powershell' for command environment: Not usable outside of PowerShell
[1.932s] DEBUG:colcon.colcon_core.shell:Skip shell extension 'dsv' for command environment
[2.023s] INFO:colcon.colcon_ros.task.ament_cmake.build:Building ROS package in '/home/jorge/quori_ws/src/quori_msgs' with build type 'ament_cmake'
[2.023s] INFO:colcon.colcon_cmake.task.cmake.build:Building CMake package in '/home/jorge/quori_ws/src/quori_msgs'
[2.047s] INFO:colcon.colcon_core.shell:Skip shell extension 'powershell' for command environment: Not usable outside of PowerShell
[2.047s] DEBUG:colcon.colcon_core.shell:Skip shell extension 'dsv' for command environment
[2.129s] INFO:colcon.colcon_ros.task.ament_cmake.build:Building ROS package in '/home/jorge/quori_ws/src/quori_teleop' with build type 'ament_cmake'
[2.129s] INFO:colcon.colcon_cmake.task.cmake.build:Building CMake package in '/home/jorge/quori_ws/src/quori_teleop'
[2.149s] INFO:colcon.colcon_core.shell:Skip shell extension 'powershell' for command environment: Not usable outside of PowerShell
[2.149s] DEBUG:colcon.colcon_core.shell:Skip shell extension 'dsv' for command environment
[2.225s] INFO:colcon.colcon_ros.task.ament_cmake.build:Building ROS package in '/home/jorge/quori_ws/src/quori_work' with build type 'ament_cmake'
[2.225s] INFO:colcon.colcon_cmake.task.cmake.build:Building CMake package in '/home/jorge/quori_ws/src/quori_work'
[2.252s] INFO:colcon.colcon_core.shell:Skip shell extension 'powershell' for command environment: Not usable outside of PowerShell
[2.252s] DEBUG:colcon.colcon_core.shell:Skip shell extension 'dsv' for command environment
[2.332s] INFO:colcon.colcon_ros.task.ament_cmake.build:Building ROS package in '/home/jorge/quori_ws/src/respeaker_ros' with build type 'ament_cmake'
[2.333s] INFO:colcon.colcon_cmake.task.cmake.build:Building CMake package in '/home/jorge/quori_ws/src/respeaker_ros'
[2.356s] INFO:colcon.colcon_core.shell:Skip shell extension 'powershell' for command environment: Not usable outside of PowerShell
[2.356s] DEBUG:colcon.colcon_core.shell:Skip shell extension 'dsv' for command environment
[2.457s] DEBUG:colcon.colcon_core.event_handler.log_command:Invoking command in '/home/jorge/quori_ws/build/quori_description': /home/jorge/.local/bin/cmake /home/jorge/quori_ws/src/quori_description -DCMAKE_INSTALL_PREFIX=/home/jorge/quori_ws/install/quori_description
[2.464s] DEBUG:colcon.colcon_core.event_handler.log_command:Invoking command in '/home/jorge/quori_ws/build/astra_ros': CMAKE_PREFIX_PATH=${CMAKE_PREFIX_PATH}:/home/jorge/ros2_ws/install/world_explorer:/home/jorge/ros2_ws/install/sense_stop_go:/home/jorge/ros2_ws/install/rob599_hw3:/home/jorge/ros2_ws/install/rob599_hw2:/home/jorge/ros2_ws/install/py_pubsub:/home/jorge/ros2_ws/install/launch_testing_examples:/home/jorge/ros2_ws/install/examples_rclpy_pointcloud_publisher:/home/jorge/ros2_ws/install/examples_rclpy_minimal_subscriber:/home/jorge/ros2_ws/install/examples_rclpy_minimal_service:/home/jorge/ros2_ws/install/examples_rclpy_minimal_publisher:/home/jorge/ros2_ws/install/examples_rclpy_minimal_client:/home/jorge/ros2_ws/install/examples_rclpy_minimal_action_server:/home/jorge/ros2_ws/install/examples_rclpy_minimal_action_client:/home/jorge/ros2_ws/install/examples_rclpy_guard_conditions:/home/jorge/ros2_ws/install/examples_rclpy_executors:/opt/ros/humble /home/jorge/.local/bin/cmake --build /home/jorge/quori_ws/build/astra_ros -- -j20 -l20
[2.470s] DEBUG:colcon.colcon_core.event_handler.log_command:Invoking command in '/home/jorge/quori_ws/build/quori_launch': CMAKE_PREFIX_PATH=${CMAKE_PREFIX_PATH}:/home/jorge/ros2_ws/install/world_explorer:/home/jorge/ros2_ws/install/sense_stop_go:/home/jorge/ros2_ws/install/rob599_hw3:/home/jorge/ros2_ws/install/rob599_hw2:/home/jorge/ros2_ws/install/py_pubsub:/home/jorge/ros2_ws/install/launch_testing_examples:/home/jorge/ros2_ws/install/examples_rclpy_pointcloud_publisher:/home/jorge/ros2_ws/install/examples_rclpy_minimal_subscriber:/home/jorge/ros2_ws/install/examples_rclpy_minimal_service:/home/jorge/ros2_ws/install/examples_rclpy_minimal_publisher:/home/jorge/ros2_ws/install/examples_rclpy_minimal_client:/home/jorge/ros2_ws/install/examples_rclpy_minimal_action_server:/home/jorge/ros2_ws/install/examples_rclpy_minimal_action_client:/home/jorge/ros2_ws/install/examples_rclpy_guard_conditions:/home/jorge/ros2_ws/install/examples_rclpy_executors:/opt/ros/humble /home/jorge/.local/bin/cmake --build /home/jorge/quori_ws/build/quori_launch -- -j20 -l20
[2.476s] DEBUG:colcon.colcon_core.event_handler.log_command:Invoking command in '/home/jorge/quori_ws/build/quori_msgs': CMAKE_PREFIX_PATH=${CMAKE_PREFIX_PATH}:/home/jorge/ros2_ws/install/world_explorer:/home/jorge/ros2_ws/install/sense_stop_go:/home/jorge/ros2_ws/install/rob599_hw3:/home/jorge/ros2_ws/install/rob599_hw2:/home/jorge/ros2_ws/install/py_pubsub:/home/jorge/ros2_ws/install/launch_testing_examples:/home/jorge/ros2_ws/install/examples_rclpy_pointcloud_publisher:/home/jorge/ros2_ws/install/examples_rclpy_minimal_subscriber:/home/jorge/ros2_ws/install/examples_rclpy_minimal_service:/home/jorge/ros2_ws/install/examples_rclpy_minimal_publisher:/home/jorge/ros2_ws/install/examples_rclpy_minimal_client:/home/jorge/ros2_ws/install/examples_rclpy_minimal_action_server:/home/jorge/ros2_ws/install/examples_rclpy_minimal_action_client:/home/jorge/ros2_ws/install/examples_rclpy_guard_conditions:/home/jorge/ros2_ws/install/examples_rclpy_executors:/opt/ros/humble /home/jorge/.local/bin/cmake --build /home/jorge/quori_ws/build/quori_msgs -- -j20 -l20
[2.482s] DEBUG:colcon.colcon_core.event_handler.log_command:Invoking command in '/home/jorge/quori_ws/build/quori_teleop': CMAKE_PREFIX_PATH=${CMAKE_PREFIX_PATH}:/home/jorge/ros2_ws/install/world_explorer:/home/jorge/ros2_ws/install/sense_stop_go:/home/jorge/ros2_ws/install/rob599_hw3:/home/jorge/ros2_ws/install/rob599_hw2:/home/jorge/ros2_ws/install/py_pubsub:/home/jorge/ros2_ws/install/launch_testing_examples:/home/jorge/ros2_ws/install/examples_rclpy_pointcloud_publisher:/home/jorge/ros2_ws/install/examples_rclpy_minimal_subscriber:/home/jorge/ros2_ws/install/examples_rclpy_minimal_service:/home/jorge/ros2_ws/install/examples_rclpy_minimal_publisher:/home/jorge/ros2_ws/install/examples_rclpy_minimal_client:/home/jorge/ros2_ws/install/examples_rclpy_minimal_action_server:/home/jorge/ros2_ws/install/examples_rclpy_minimal_action_client:/home/jorge/ros2_ws/install/examples_rclpy_guard_conditions:/home/jorge/ros2_ws/install/examples_rclpy_executors:/opt/ros/humble /home/jorge/.local/bin/cmake --build /home/jorge/quori_ws/build/quori_teleop -- -j20 -l20
[2.491s] DEBUG:colcon.colcon_core.event_handler.log_command:Invoking command in '/home/jorge/quori_ws/build/quori_work': CMAKE_PREFIX_PATH=${CMAKE_PREFIX_PATH}:/home/jorge/ros2_ws/install/world_explorer:/home/jorge/ros2_ws/install/sense_stop_go:/home/jorge/ros2_ws/install/rob599_hw3:/home/jorge/ros2_ws/install/rob599_hw2:/home/jorge/ros2_ws/install/py_pubsub:/home/jorge/ros2_ws/install/launch_testing_examples:/home/jorge/ros2_ws/install/examples_rclpy_pointcloud_publisher:/home/jorge/ros2_ws/install/examples_rclpy_minimal_subscriber:/home/jorge/ros2_ws/install/examples_rclpy_minimal_service:/home/jorge/ros2_ws/install/examples_rclpy_minimal_publisher:/home/jorge/ros2_ws/install/examples_rclpy_minimal_client:/home/jorge/ros2_ws/install/examples_rclpy_minimal_action_server:/home/jorge/ros2_ws/install/examples_rclpy_minimal_action_client:/home/jorge/ros2_ws/install/examples_rclpy_guard_conditions:/home/jorge/ros2_ws/install/examples_rclpy_executors:/opt/ros/humble /home/jorge/.local/bin/cmake --build /home/jorge/quori_ws/build/quori_work -- -j20 -l20
[2.506s] DEBUG:colcon.colcon_core.event_handler.log_command:Invoking command in '/home/jorge/quori_ws/build/respeaker_ros': CMAKE_PREFIX_PATH=${CMAKE_PREFIX_PATH}:/home/jorge/ros2_ws/install/world_explorer:/home/jorge/ros2_ws/install/sense_stop_go:/home/jorge/ros2_ws/install/rob599_hw3:/home/jorge/ros2_ws/install/rob599_hw2:/home/jorge/ros2_ws/install/py_pubsub:/home/jorge/ros2_ws/install/launch_testing_examples:/home/jorge/ros2_ws/install/examples_rclpy_pointcloud_publisher:/home/jorge/ros2_ws/install/examples_rclpy_minimal_subscriber:/home/jorge/ros2_ws/install/examples_rclpy_minimal_service:/home/jorge/ros2_ws/install/examples_rclpy_minimal_publisher:/home/jorge/ros2_ws/install/examples_rclpy_minimal_client:/home/jorge/ros2_ws/install/examples_rclpy_minimal_action_server:/home/jorge/ros2_ws/install/examples_rclpy_minimal_action_client:/home/jorge/ros2_ws/install/examples_rclpy_guard_conditions:/home/jorge/ros2_ws/install/examples_rclpy_executors:/opt/ros/humble /home/jorge/.local/bin/cmake --build /home/jorge/quori_ws/build/respeaker_ros -- -j20 -l20
[2.577s] DEBUG:colcon.colcon_core.event_handler.log_command:Invoked command in '/home/jorge/quori_ws/build/astra_ros' returned '0': CMAKE_PREFIX_PATH=${CMAKE_PREFIX_PATH}:/home/jorge/ros2_ws/install/world_explorer:/home/jorge/ros2_ws/install/sense_stop_go:/home/jorge/ros2_ws/install/rob599_hw3:/home/jorge/ros2_ws/install/rob599_hw2:/home/jorge/ros2_ws/install/py_pubsub:/home/jorge/ros2_ws/install/launch_testing_examples:/home/jorge/ros2_ws/install/examples_rclpy_pointcloud_publisher:/home/jorge/ros2_ws/install/examples_rclpy_minimal_subscriber:/home/jorge/ros2_ws/install/examples_rclpy_minimal_service:/home/jorge/ros2_ws/install/examples_rclpy_minimal_publisher:/home/jorge/ros2_ws/install/examples_rclpy_minimal_client:/home/jorge/ros2_ws/install/examples_rclpy_minimal_action_server:/home/jorge/ros2_ws/install/examples_rclpy_minimal_action_client:/home/jorge/ros2_ws/install/examples_rclpy_guard_conditions:/home/jorge/ros2_ws/install/examples_rclpy_executors:/opt/ros/humble /home/jorge/.local/bin/cmake --build /home/jorge/quori_ws/build/astra_ros -- -j20 -l20
[2.587s] DEBUG:colcon.colcon_core.event_handler.log_command:Invoked command in '/home/jorge/quori_ws/build/quori_launch' returned '0': CMAKE_PREFIX_PATH=${CMAKE_PREFIX_PATH}:/home/jorge/ros2_ws/install/world_explorer:/home/jorge/ros2_ws/install/sense_stop_go:/home/jorge/ros2_ws/install/rob599_hw3:/home/jorge/ros2_ws/install/rob599_hw2:/home/jorge/ros2_ws/install/py_pubsub:/home/jorge/ros2_ws/install/launch_testing_examples:/home/jorge/ros2_ws/install/examples_rclpy_pointcloud_publisher:/home/jorge/ros2_ws/install/examples_rclpy_minimal_subscriber:/home/jorge/ros2_ws/install/examples_rclpy_minimal_service:/home/jorge/ros2_ws/install/examples_rclpy_minimal_publisher:/home/jorge/ros2_ws/install/examples_rclpy_minimal_client:/home/jorge/ros2_ws/install/examples_rclpy_minimal_action_server:/home/jorge/ros2_ws/install/examples_rclpy_minimal_action_client:/home/jorge/ros2_ws/install/examples_rclpy_guard_conditions:/home/jorge/ros2_ws/install/examples_rclpy_executors:/opt/ros/humble /home/jorge/.local/bin/cmake --build /home/jorge/quori_ws/build/quori_launch -- -j20 -l20
[2.592s] DEBUG:colcon.colcon_core.event_handler.log_command:Invoked command in '/home/jorge/quori_ws/build/quori_msgs' returned '0': CMAKE_PREFIX_PATH=${CMAKE_PREFIX_PATH}:/home/jorge/ros2_ws/install/world_explorer:/home/jorge/ros2_ws/install/sense_stop_go:/home/jorge/ros2_ws/install/rob599_hw3:/home/jorge/ros2_ws/install/rob599_hw2:/home/jorge/ros2_ws/install/py_pubsub:/home/jorge/ros2_ws/install/launch_testing_examples:/home/jorge/ros2_ws/install/examples_rclpy_pointcloud_publisher:/home/jorge/ros2_ws/install/examples_rclpy_minimal_subscriber:/home/jorge/ros2_ws/install/examples_rclpy_minimal_service:/home/jorge/ros2_ws/install/examples_rclpy_minimal_publisher:/home/jorge/ros2_ws/install/examples_rclpy_minimal_client:/home/jorge/ros2_ws/install/examples_rclpy_minimal_action_server:/home/jorge/ros2_ws/install/examples_rclpy_minimal_action_client:/home/jorge/ros2_ws/install/examples_rclpy_guard_conditions:/home/jorge/ros2_ws/install/examples_rclpy_executors:/opt/ros/humble /home/jorge/.local/bin/cmake --build /home/jorge/quori_ws/build/quori_msgs -- -j20 -l20
[2.604s] DEBUG:colcon.colcon_core.event_handler.log_command:Invoked command in '/home/jorge/quori_ws/build/quori_work' returned '0': CMAKE_PREFIX_PATH=${CMAKE_PREFIX_PATH}:/home/jorge/ros2_ws/install/world_explorer:/home/jorge/ros2_ws/install/sense_stop_go:/home/jorge/ros2_ws/install/rob599_hw3:/home/jorge/ros2_ws/install/rob599_hw2:/home/jorge/ros2_ws/install/py_pubsub:/home/jorge/ros2_ws/install/launch_testing_examples:/home/jorge/ros2_ws/install/examples_rclpy_pointcloud_publisher:/home/jorge/ros2_ws/install/examples_rclpy_minimal_subscriber:/home/jorge/ros2_ws/install/examples_rclpy_minimal_service:/home/jorge/ros2_ws/install/examples_rclpy_minimal_publisher:/home/jorge/ros2_ws/install/examples_rclpy_minimal_client:/home/jorge/ros2_ws/install/examples_rclpy_minimal_action_server:/home/jorge/ros2_ws/install/examples_rclpy_minimal_action_client:/home/jorge/ros2_ws/install/examples_rclpy_guard_conditions:/home/jorge/ros2_ws/install/examples_rclpy_executors:/opt/ros/humble /home/jorge/.local/bin/cmake --build /home/jorge/quori_ws/build/quori_work -- -j20 -l20
[2.622s] DEBUG:colcon.colcon_core.event_handler.log_command:Invoked command in '/home/jorge/quori_ws/build/quori_teleop' returned '0': CMAKE_PREFIX_PATH=${CMAKE_PREFIX_PATH}:/home/jorge/ros2_ws/install/world_explorer:/home/jorge/ros2_ws/install/sense_stop_go:/home/jorge/ros2_ws/install/rob599_hw3:/home/jorge/ros2_ws/install/rob599_hw2:/home/jorge/ros2_ws/install/py_pubsub:/home/jorge/ros2_ws/install/launch_testing_examples:/home/jorge/ros2_ws/install/examples_rclpy_pointcloud_publisher:/home/jorge/ros2_ws/install/examples_rclpy_minimal_subscriber:/home/jorge/ros2_ws/install/examples_rclpy_minimal_service:/home/jorge/ros2_ws/install/examples_rclpy_minimal_publisher:/home/jorge/ros2_ws/install/examples_rclpy_minimal_client:/home/jorge/ros2_ws/install/examples_rclpy_minimal_action_server:/home/jorge/ros2_ws/install/examples_rclpy_minimal_action_client:/home/jorge/ros2_ws/install/examples_rclpy_guard_conditions:/home/jorge/ros2_ws/install/examples_rclpy_executors:/opt/ros/humble /home/jorge/.local/bin/cmake --build /home/jorge/quori_ws/build/quori_teleop -- -j20 -l20
[2.628s] DEBUG:colcon.colcon_core.event_handler.log_command:Invoked command in '/home/jorge/quori_ws/build/respeaker_ros' returned '0': CMAKE_PREFIX_PATH=${CMAKE_PREFIX_PATH}:/home/jorge/ros2_ws/install/world_explorer:/home/jorge/ros2_ws/install/sense_stop_go:/home/jorge/ros2_ws/install/rob599_hw3:/home/jorge/ros2_ws/install/rob599_hw2:/home/jorge/ros2_ws/install/py_pubsub:/home/jorge/ros2_ws/install/launch_testing_examples:/home/jorge/ros2_ws/install/examples_rclpy_pointcloud_publisher:/home/jorge/ros2_ws/install/examples_rclpy_minimal_subscriber:/home/jorge/ros2_ws/install/examples_rclpy_minimal_service:/home/jorge/ros2_ws/install/examples_rclpy_minimal_publisher:/home/jorge/ros2_ws/install/examples_rclpy_minimal_client:/home/jorge/ros2_ws/install/examples_rclpy_minimal_action_server:/home/jorge/ros2_ws/install/examples_rclpy_minimal_action_client:/home/jorge/ros2_ws/install/examples_rclpy_guard_conditions:/home/jorge/ros2_ws/install/examples_rclpy_executors:/opt/ros/humble /home/jorge/.local/bin/cmake --build /home/jorge/quori_ws/build/respeaker_ros -- -j20 -l20
[2.795s] DEBUG:colcon.colcon_core.event_handler.log_command:Invoking command in '/home/jorge/quori_ws/build/quori_msgs': CMAKE_PREFIX_PATH=${CMAKE_PREFIX_PATH}:/home/jorge/ros2_ws/install/world_explorer:/home/jorge/ros2_ws/install/sense_stop_go:/home/jorge/ros2_ws/install/rob599_hw3:/home/jorge/ros2_ws/install/rob599_hw2:/home/jorge/ros2_ws/install/py_pubsub:/home/jorge/ros2_ws/install/launch_testing_examples:/home/jorge/ros2_ws/install/examples_rclpy_pointcloud_publisher:/home/jorge/ros2_ws/install/examples_rclpy_minimal_subscriber:/home/jorge/ros2_ws/install/examples_rclpy_minimal_service:/home/jorge/ros2_ws/install/examples_rclpy_minimal_publisher:/home/jorge/ros2_ws/install/examples_rclpy_minimal_client:/home/jorge/ros2_ws/install/examples_rclpy_minimal_action_server:/home/jorge/ros2_ws/install/examples_rclpy_minimal_action_client:/home/jorge/ros2_ws/install/examples_rclpy_guard_conditions:/home/jorge/ros2_ws/install/examples_rclpy_executors:/opt/ros/humble /home/jorge/.local/bin/cmake --install /home/jorge/quori_ws/build/quori_msgs
[2.803s] DEBUG:colcon.colcon_core.event_handler.log_command:Invoking command in '/home/jorge/quori_ws/build/quori_launch': CMAKE_PREFIX_PATH=${CMAKE_PREFIX_PATH}:/home/jorge/ros2_ws/install/world_explorer:/home/jorge/ros2_ws/install/sense_stop_go:/home/jorge/ros2_ws/install/rob599_hw3:/home/jorge/ros2_ws/install/rob599_hw2:/home/jorge/ros2_ws/install/py_pubsub:/home/jorge/ros2_ws/install/launch_testing_examples:/home/jorge/ros2_ws/install/examples_rclpy_pointcloud_publisher:/home/jorge/ros2_ws/install/examples_rclpy_minimal_subscriber:/home/jorge/ros2_ws/install/examples_rclpy_minimal_service:/home/jorge/ros2_ws/install/examples_rclpy_minimal_publisher:/home/jorge/ros2_ws/install/examples_rclpy_minimal_client:/home/jorge/ros2_ws/install/examples_rclpy_minimal_action_server:/home/jorge/ros2_ws/install/examples_rclpy_minimal_action_client:/home/jorge/ros2_ws/install/examples_rclpy_guard_conditions:/home/jorge/ros2_ws/install/examples_rclpy_executors:/opt/ros/humble /home/jorge/.local/bin/cmake --install /home/jorge/quori_ws/build/quori_launch
[2.804s] DEBUG:colcon.colcon_core.event_handler.log_command:Invoking command in '/home/jorge/quori_ws/build/quori_work': CMAKE_PREFIX_PATH=${CMAKE_PREFIX_PATH}:/home/jorge/ros2_ws/install/world_explorer:/home/jorge/ros2_ws/install/sense_stop_go:/home/jorge/ros2_ws/install/rob599_hw3:/home/jorge/ros2_ws/install/rob599_hw2:/home/jorge/ros2_ws/install/py_pubsub:/home/jorge/ros2_ws/install/launch_testing_examples:/home/jorge/ros2_ws/install/examples_rclpy_pointcloud_publisher:/home/jorge/ros2_ws/install/examples_rclpy_minimal_subscriber:/home/jorge/ros2_ws/install/examples_rclpy_minimal_service:/home/jorge/ros2_ws/install/examples_rclpy_minimal_publisher:/home/jorge/ros2_ws/install/examples_rclpy_minimal_client:/home/jorge/ros2_ws/install/examples_rclpy_minimal_action_server:/home/jorge/ros2_ws/install/examples_rclpy_minimal_action_client:/home/jorge/ros2_ws/install/examples_rclpy_guard_conditions:/home/jorge/ros2_ws/install/examples_rclpy_executors:/opt/ros/humble /home/jorge/.local/bin/cmake --install /home/jorge/quori_ws/build/quori_work
[2.807s] DEBUG:colcon.colcon_core.event_handler.log_command:Invoking command in '/home/jorge/quori_ws/build/astra_ros': CMAKE_PREFIX_PATH=${CMAKE_PREFIX_PATH}:/home/jorge/ros2_ws/install/world_explorer:/home/jorge/ros2_ws/install/sense_stop_go:/home/jorge/ros2_ws/install/rob599_hw3:/home/jorge/ros2_ws/install/rob599_hw2:/home/jorge/ros2_ws/install/py_pubsub:/home/jorge/ros2_ws/install/launch_testing_examples:/home/jorge/ros2_ws/install/examples_rclpy_pointcloud_publisher:/home/jorge/ros2_ws/install/examples_rclpy_minimal_subscriber:/home/jorge/ros2_ws/install/examples_rclpy_minimal_service:/home/jorge/ros2_ws/install/examples_rclpy_minimal_publisher:/home/jorge/ros2_ws/install/examples_rclpy_minimal_client:/home/jorge/ros2_ws/install/examples_rclpy_minimal_action_server:/home/jorge/ros2_ws/install/examples_rclpy_minimal_action_client:/home/jorge/ros2_ws/install/examples_rclpy_guard_conditions:/home/jorge/ros2_ws/install/examples_rclpy_executors:/opt/ros/humble /home/jorge/.local/bin/cmake --install /home/jorge/quori_ws/build/astra_ros
[2.810s] DEBUG:colcon.colcon_core.event_handler.log_command:Invoking command in '/home/jorge/quori_ws/build/quori_teleop': CMAKE_PREFIX_PATH=${CMAKE_PREFIX_PATH}:/home/jorge/ros2_ws/install/world_explorer:/home/jorge/ros2_ws/install/sense_stop_go:/home/jorge/ros2_ws/install/rob599_hw3:/home/jorge/ros2_ws/install/rob599_hw2:/home/jorge/ros2_ws/install/py_pubsub:/home/jorge/ros2_ws/install/launch_testing_examples:/home/jorge/ros2_ws/install/examples_rclpy_pointcloud_publisher:/home/jorge/ros2_ws/install/examples_rclpy_minimal_subscriber:/home/jorge/ros2_ws/install/examples_rclpy_minimal_service:/home/jorge/ros2_ws/install/examples_rclpy_minimal_publisher:/home/jorge/ros2_ws/install/examples_rclpy_minimal_client:/home/jorge/ros2_ws/install/examples_rclpy_minimal_action_server:/home/jorge/ros2_ws/install/examples_rclpy_minimal_action_client:/home/jorge/ros2_ws/install/examples_rclpy_guard_conditions:/home/jorge/ros2_ws/install/examples_rclpy_executors:/opt/ros/humble /home/jorge/.local/bin/cmake --install /home/jorge/quori_ws/build/quori_teleop
[2.813s] DEBUG:colcon.colcon_core.event_handler.log_command:Invoking command in '/home/jorge/quori_ws/build/respeaker_ros': CMAKE_PREFIX_PATH=${CMAKE_PREFIX_PATH}:/home/jorge/ros2_ws/install/world_explorer:/home/jorge/ros2_ws/install/sense_stop_go:/home/jorge/ros2_ws/install/rob599_hw3:/home/jorge/ros2_ws/install/rob599_hw2:/home/jorge/ros2_ws/install/py_pubsub:/home/jorge/ros2_ws/install/launch_testing_examples:/home/jorge/ros2_ws/install/examples_rclpy_pointcloud_publisher:/home/jorge/ros2_ws/install/examples_rclpy_minimal_subscriber:/home/jorge/ros2_ws/install/examples_rclpy_minimal_service:/home/jorge/ros2_ws/install/examples_rclpy_minimal_publisher:/home/jorge/ros2_ws/install/examples_rclpy_minimal_client:/home/jorge/ros2_ws/install/examples_rclpy_minimal_action_server:/home/jorge/ros2_ws/install/examples_rclpy_minimal_action_client:/home/jorge/ros2_ws/install/examples_rclpy_guard_conditions:/home/jorge/ros2_ws/install/examples_rclpy_executors:/opt/ros/humble /home/jorge/.local/bin/cmake --install /home/jorge/quori_ws/build/respeaker_ros
[2.889s] Level 1:colcon.colcon_core.environment:create_environment_scripts_only(quori_msgs)
[2.895s] DEBUG:colcon.colcon_core.event_handler.log_command:Invoked command in '/home/jorge/quori_ws/build/quori_msgs' returned '0': CMAKE_PREFIX_PATH=${CMAKE_PREFIX_PATH}:/home/jorge/ros2_ws/install/world_explorer:/home/jorge/ros2_ws/install/sense_stop_go:/home/jorge/ros2_ws/install/rob599_hw3:/home/jorge/ros2_ws/install/rob599_hw2:/home/jorge/ros2_ws/install/py_pubsub:/home/jorge/ros2_ws/install/launch_testing_examples:/home/jorge/ros2_ws/install/examples_rclpy_pointcloud_publisher:/home/jorge/ros2_ws/install/examples_rclpy_minimal_subscriber:/home/jorge/ros2_ws/install/examples_rclpy_minimal_service:/home/jorge/ros2_ws/install/examples_rclpy_minimal_publisher:/home/jorge/ros2_ws/install/examples_rclpy_minimal_client:/home/jorge/ros2_ws/install/examples_rclpy_minimal_action_server:/home/jorge/ros2_ws/install/examples_rclpy_minimal_action_client:/home/jorge/ros2_ws/install/examples_rclpy_guard_conditions:/home/jorge/ros2_ws/install/examples_rclpy_executors:/opt/ros/humble /home/jorge/.local/bin/cmake --install /home/jorge/quori_ws/build/quori_msgs
[2.952s] Level 1:colcon.colcon_core.environment:checking '/home/jorge/quori_ws/install/quori_msgs' for CMake module files
[2.953s] Level 1:colcon.colcon_core.environment:checking '/home/jorge/quori_ws/install/quori_msgs' for CMake config files
[2.953s] Level 1:colcon.colcon_core.shell:create_environment_hook('quori_msgs', 'cmake_prefix_path')
[2.979s] INFO:colcon.colcon_core.shell:Creating environment hook '/home/jorge/quori_ws/install/quori_msgs/share/quori_msgs/hook/cmake_prefix_path.ps1'
[2.980s] INFO:colcon.colcon_core.shell:Creating environment descriptor '/home/jorge/quori_ws/install/quori_msgs/share/quori_msgs/hook/cmake_prefix_path.dsv'
[2.980s] INFO:colcon.colcon_core.shell:Creating environment hook '/home/jorge/quori_ws/install/quori_msgs/share/quori_msgs/hook/cmake_prefix_path.sh'
[2.981s] Level 1:colcon.colcon_core.environment:checking '/home/jorge/quori_ws/install/quori_msgs/bin'
[2.982s] Level 1:colcon.colcon_core.environment:checking '/home/jorge/quori_ws/install/quori_msgs/lib/pkgconfig/quori_msgs.pc'
[2.982s] Level 1:colcon.colcon_core.environment:checking '/home/jorge/quori_ws/install/quori_msgs/lib/python3.10/site-packages'
[2.982s] Level 1:colcon.colcon_core.environment:checking '/home/jorge/quori_ws/install/quori_msgs/bin'
[3.007s] INFO:colcon.colcon_core.shell:Creating package script '/home/jorge/quori_ws/install/quori_msgs/share/quori_msgs/package.ps1'
[3.008s] INFO:colcon.colcon_core.shell:Creating package descriptor '/home/jorge/quori_ws/install/quori_msgs/share/quori_msgs/package.dsv'
[3.008s] INFO:colcon.colcon_core.shell:Creating package script '/home/jorge/quori_ws/install/quori_msgs/share/quori_msgs/package.sh'
[3.009s] INFO:colcon.colcon_core.shell:Creating package script '/home/jorge/quori_ws/install/quori_msgs/share/quori_msgs/package.bash'
[3.010s] INFO:colcon.colcon_core.shell:Creating package script '/home/jorge/quori_ws/install/quori_msgs/share/quori_msgs/package.zsh'
[3.011s] Level 1:colcon.colcon_core.environment:create_file_with_runtime_dependencies(/home/jorge/quori_ws/install/quori_msgs/share/colcon-core/packages/quori_msgs)
[3.016s] Level 1:colcon.colcon_core.environment:create_environment_scripts_only(respeaker_ros)
[3.018s] DEBUG:colcon.colcon_core.event_handler.log_command:Invoked command in '/home/jorge/quori_ws/build/respeaker_ros' returned '0': CMAKE_PREFIX_PATH=${CMAKE_PREFIX_PATH}:/home/jorge/ros2_ws/install/world_explorer:/home/jorge/ros2_ws/install/sense_stop_go:/home/jorge/ros2_ws/install/rob599_hw3:/home/jorge/ros2_ws/install/rob599_hw2:/home/jorge/ros2_ws/install/py_pubsub:/home/jorge/ros2_ws/install/launch_testing_examples:/home/jorge/ros2_ws/install/examples_rclpy_pointcloud_publisher:/home/jorge/ros2_ws/install/examples_rclpy_minimal_subscriber:/home/jorge/ros2_ws/install/examples_rclpy_minimal_service:/home/jorge/ros2_ws/install/examples_rclpy_minimal_publisher:/home/jorge/ros2_ws/install/examples_rclpy_minimal_client:/home/jorge/ros2_ws/install/examples_rclpy_minimal_action_server:/home/jorge/ros2_ws/install/examples_rclpy_minimal_action_client:/home/jorge/ros2_ws/install/examples_rclpy_guard_conditions:/home/jorge/ros2_ws/install/examples_rclpy_executors:/opt/ros/humble /home/jorge/.local/bin/cmake --install /home/jorge/quori_ws/build/respeaker_ros
[3.045s] Level 1:colcon.colcon_core.environment:checking '/home/jorge/quori_ws/install/respeaker_ros' for CMake module files
[3.046s] Level 1:colcon.colcon_core.environment:checking '/home/jorge/quori_ws/install/respeaker_ros' for CMake config files
[3.047s] Level 1:colcon.colcon_core.shell:create_environment_hook('respeaker_ros', 'cmake_prefix_path')
[3.079s] INFO:colcon.colcon_core.shell:Creating environment hook '/home/jorge/quori_ws/install/respeaker_ros/share/respeaker_ros/hook/cmake_prefix_path.ps1'
[3.080s] INFO:colcon.colcon_core.shell:Creating environment descriptor '/home/jorge/quori_ws/install/respeaker_ros/share/respeaker_ros/hook/cmake_prefix_path.dsv'
[3.080s] INFO:colcon.colcon_core.shell:Creating environment hook '/home/jorge/quori_ws/install/respeaker_ros/share/respeaker_ros/hook/cmake_prefix_path.sh'
[3.081s] Level 1:colcon.colcon_core.environment:checking '/home/jorge/quori_ws/install/respeaker_ros/bin'
[3.081s] Level 1:colcon.colcon_core.environment:checking '/home/jorge/quori_ws/install/respeaker_ros/lib/pkgconfig/respeaker_ros.pc'
[3.082s] Level 1:colcon.colcon_core.environment:checking '/home/jorge/quori_ws/install/respeaker_ros/lib/python3.10/site-packages'
[3.082s] Level 1:colcon.colcon_core.environment:checking '/home/jorge/quori_ws/install/respeaker_ros/bin'
[3.108s] INFO:colcon.colcon_core.shell:Creating package script '/home/jorge/quori_ws/install/respeaker_ros/share/respeaker_ros/package.ps1'
[3.109s] INFO:colcon.colcon_core.shell:Creating package descriptor '/home/jorge/quori_ws/install/respeaker_ros/share/respeaker_ros/package.dsv'
[3.110s] INFO:colcon.colcon_core.shell:Creating package script '/home/jorge/quori_ws/install/respeaker_ros/share/respeaker_ros/package.sh'
[3.110s] INFO:colcon.colcon_core.shell:Creating package script '/home/jorge/quori_ws/install/respeaker_ros/share/respeaker_ros/package.bash'
[3.110s] INFO:colcon.colcon_core.shell:Creating package script '/home/jorge/quori_ws/install/respeaker_ros/share/respeaker_ros/package.zsh'
[3.111s] Level 1:colcon.colcon_core.environment:create_file_with_runtime_dependencies(/home/jorge/quori_ws/install/respeaker_ros/share/colcon-core/packages/respeaker_ros)
[3.112s] Level 1:colcon.colcon_core.environment:create_environment_scripts_only(quori_teleop)
[3.114s] DEBUG:colcon.colcon_core.event_handler.log_command:Invoked command in '/home/jorge/quori_ws/build/quori_teleop' returned '0': CMAKE_PREFIX_PATH=${CMAKE_PREFIX_PATH}:/home/jorge/ros2_ws/install/world_explorer:/home/jorge/ros2_ws/install/sense_stop_go:/home/jorge/ros2_ws/install/rob599_hw3:/home/jorge/ros2_ws/install/rob599_hw2:/home/jorge/ros2_ws/install/py_pubsub:/home/jorge/ros2_ws/install/launch_testing_examples:/home/jorge/ros2_ws/install/examples_rclpy_pointcloud_publisher:/home/jorge/ros2_ws/install/examples_rclpy_minimal_subscriber:/home/jorge/ros2_ws/install/examples_rclpy_minimal_service:/home/jorge/ros2_ws/install/examples_rclpy_minimal_publisher:/home/jorge/ros2_ws/install/examples_rclpy_minimal_client:/home/jorge/ros2_ws/install/examples_rclpy_minimal_action_server:/home/jorge/ros2_ws/install/examples_rclpy_minimal_action_client:/home/jorge/ros2_ws/install/examples_rclpy_guard_conditions:/home/jorge/ros2_ws/install/examples_rclpy_executors:/opt/ros/humble /home/jorge/.local/bin/cmake --install /home/jorge/quori_ws/build/quori_teleop
[3.144s] Level 1:colcon.colcon_core.environment:checking '/home/jorge/quori_ws/install/quori_teleop' for CMake module files
[3.144s] Level 1:colcon.colcon_core.environment:checking '/home/jorge/quori_ws/install/quori_teleop' for CMake config files
[3.145s] Level 1:colcon.colcon_core.shell:create_environment_hook('quori_teleop', 'cmake_prefix_path')
[3.174s] INFO:colcon.colcon_core.shell:Creating environment hook '/home/jorge/quori_ws/install/quori_teleop/share/quori_teleop/hook/cmake_prefix_path.ps1'
[3.175s] INFO:colcon.colcon_core.shell:Creating environment descriptor '/home/jorge/quori_ws/install/quori_teleop/share/quori_teleop/hook/cmake_prefix_path.dsv'
[3.176s] INFO:colcon.colcon_core.shell:Creating environment hook '/home/jorge/quori_ws/install/quori_teleop/share/quori_teleop/hook/cmake_prefix_path.sh'
[3.177s] Level 1:colcon.colcon_core.environment:checking '/home/jorge/quori_ws/install/quori_teleop/bin'
[3.177s] Level 1:colcon.colcon_core.environment:checking '/home/jorge/quori_ws/install/quori_teleop/lib/pkgconfig/quori_teleop.pc'
[3.177s] Level 1:colcon.colcon_core.environment:checking '/home/jorge/quori_ws/install/quori_teleop/lib/python3.10/site-packages'
[3.178s] Level 1:colcon.colcon_core.environment:checking '/home/jorge/quori_ws/install/quori_teleop/bin'
[3.204s] INFO:colcon.colcon_core.shell:Creating package script '/home/jorge/quori_ws/install/quori_teleop/share/quori_teleop/package.ps1'
[3.205s] INFO:colcon.colcon_core.shell:Creating package descriptor '/home/jorge/quori_ws/install/quori_teleop/share/quori_teleop/package.dsv'
[3.206s] INFO:colcon.colcon_core.shell:Creating package script '/home/jorge/quori_ws/install/quori_teleop/share/quori_teleop/package.sh'
[3.206s] INFO:colcon.colcon_core.shell:Creating package script '/home/jorge/quori_ws/install/quori_teleop/share/quori_teleop/package.bash'
[3.206s] INFO:colcon.colcon_core.shell:Creating package script '/home/jorge/quori_ws/install/quori_teleop/share/quori_teleop/package.zsh'
[3.207s] Level 1:colcon.colcon_core.environment:create_file_with_runtime_dependencies(/home/jorge/quori_ws/install/quori_teleop/share/colcon-core/packages/quori_teleop)
[3.208s] Level 1:colcon.colcon_core.environment:create_environment_scripts_only(quori_launch)
[3.209s] DEBUG:colcon.colcon_core.event_handler.log_command:Invoked command in '/home/jorge/quori_ws/build/quori_launch' returned '0': CMAKE_PREFIX_PATH=${CMAKE_PREFIX_PATH}:/home/jorge/ros2_ws/install/world_explorer:/home/jorge/ros2_ws/install/sense_stop_go:/home/jorge/ros2_ws/install/rob599_hw3:/home/jorge/ros2_ws/install/rob599_hw2:/home/jorge/ros2_ws/install/py_pubsub:/home/jorge/ros2_ws/install/launch_testing_examples:/home/jorge/ros2_ws/install/examples_rclpy_pointcloud_publisher:/home/jorge/ros2_ws/install/examples_rclpy_minimal_subscriber:/home/jorge/ros2_ws/install/examples_rclpy_minimal_service:/home/jorge/ros2_ws/install/examples_rclpy_minimal_publisher:/home/jorge/ros2_ws/install/examples_rclpy_minimal_client:/home/jorge/ros2_ws/install/examples_rclpy_minimal_action_server:/home/jorge/ros2_ws/install/examples_rclpy_minimal_action_client:/home/jorge/ros2_ws/install/examples_rclpy_guard_conditions:/home/jorge/ros2_ws/install/examples_rclpy_executors:/opt/ros/humble /home/jorge/.local/bin/cmake --install /home/jorge/quori_ws/build/quori_launch
[3.234s] Level 1:colcon.colcon_core.environment:checking '/home/jorge/quori_ws/install/quori_launch' for CMake module files
[3.235s] Level 1:colcon.colcon_core.environment:checking '/home/jorge/quori_ws/install/quori_launch' for CMake config files
[3.235s] Level 1:colcon.colcon_core.shell:create_environment_hook('quori_launch', 'cmake_prefix_path')
[3.260s] INFO:colcon.colcon_core.shell:Creating environment hook '/home/jorge/quori_ws/install/quori_launch/share/quori_launch/hook/cmake_prefix_path.ps1'
[3.261s] INFO:colcon.colcon_core.shell:Creating environment descriptor '/home/jorge/quori_ws/install/quori_launch/share/quori_launch/hook/cmake_prefix_path.dsv'
[3.262s] INFO:colcon.colcon_core.shell:Creating environment hook '/home/jorge/quori_ws/install/quori_launch/share/quori_launch/hook/cmake_prefix_path.sh'
[3.263s] Level 1:colcon.colcon_core.environment:checking '/home/jorge/quori_ws/install/quori_launch/bin'
[3.263s] Level 1:colcon.colcon_core.environment:checking '/home/jorge/quori_ws/install/quori_launch/lib/pkgconfig/quori_launch.pc'
[3.264s] Level 1:colcon.colcon_core.environment:checking '/home/jorge/quori_ws/install/quori_launch/lib/python3.10/site-packages'
[3.264s] Level 1:colcon.colcon_core.environment:checking '/home/jorge/quori_ws/install/quori_launch/bin'
[3.294s] INFO:colcon.colcon_core.shell:Creating package script '/home/jorge/quori_ws/install/quori_launch/share/quori_launch/package.ps1'
[3.295s] INFO:colcon.colcon_core.shell:Creating package descriptor '/home/jorge/quori_ws/install/quori_launch/share/quori_launch/package.dsv'
[3.296s] INFO:colcon.colcon_core.shell:Creating package script '/home/jorge/quori_ws/install/quori_launch/share/quori_launch/package.sh'
[3.296s] INFO:colcon.colcon_core.shell:Creating package script '/home/jorge/quori_ws/install/quori_launch/share/quori_launch/package.bash'
[3.297s] INFO:colcon.colcon_core.shell:Creating package script '/home/jorge/quori_ws/install/quori_launch/share/quori_launch/package.zsh'
[3.297s] Level 1:colcon.colcon_core.environment:create_file_with_runtime_dependencies(/home/jorge/quori_ws/install/quori_launch/share/colcon-core/packages/quori_launch)
[3.300s] Level 1:colcon.colcon_core.environment:create_environment_scripts_only(astra_ros)
[3.301s] DEBUG:colcon.colcon_core.event_handler.log_command:Invoked command in '/home/jorge/quori_ws/build/astra_ros' returned '0': CMAKE_PREFIX_PATH=${CMAKE_PREFIX_PATH}:/home/jorge/ros2_ws/install/world_explorer:/home/jorge/ros2_ws/install/sense_stop_go:/home/jorge/ros2_ws/install/rob599_hw3:/home/jorge/ros2_ws/install/rob599_hw2:/home/jorge/ros2_ws/install/py_pubsub:/home/jorge/ros2_ws/install/launch_testing_examples:/home/jorge/ros2_ws/install/examples_rclpy_pointcloud_publisher:/home/jorge/ros2_ws/install/examples_rclpy_minimal_subscriber:/home/jorge/ros2_ws/install/examples_rclpy_minimal_service:/home/jorge/ros2_ws/install/examples_rclpy_minimal_publisher:/home/jorge/ros2_ws/install/examples_rclpy_minimal_client:/home/jorge/ros2_ws/install/examples_rclpy_minimal_action_server:/home/jorge/ros2_ws/install/examples_rclpy_minimal_action_client:/home/jorge/ros2_ws/install/examples_rclpy_guard_conditions:/home/jorge/ros2_ws/install/examples_rclpy_executors:/opt/ros/humble /home/jorge/.local/bin/cmake --install /home/jorge/quori_ws/build/astra_ros
[3.326s] Level 1:colcon.colcon_core.environment:checking '/home/jorge/quori_ws/install/astra_ros' for CMake module files
[3.327s] Level 1:colcon.colcon_core.environment:checking '/home/jorge/quori_ws/install/astra_ros' for CMake config files
[3.327s] Level 1:colcon.colcon_core.shell:create_environment_hook('astra_ros', 'cmake_prefix_path')
[3.352s] INFO:colcon.colcon_core.shell:Creating environment hook '/home/jorge/quori_ws/install/astra_ros/share/astra_ros/hook/cmake_prefix_path.ps1'
[3.353s] INFO:colcon.colcon_core.shell:Creating environment descriptor '/home/jorge/quori_ws/install/astra_ros/share/astra_ros/hook/cmake_prefix_path.dsv'
[3.353s] INFO:colcon.colcon_core.shell:Creating environment hook '/home/jorge/quori_ws/install/astra_ros/share/astra_ros/hook/cmake_prefix_path.sh'
[3.354s] Level 1:colcon.colcon_core.environment:checking '/home/jorge/quori_ws/install/astra_ros/bin'
[3.354s] Level 1:colcon.colcon_core.environment:checking '/home/jorge/quori_ws/install/astra_ros/lib/pkgconfig/astra_ros.pc'
[3.355s] Level 1:colcon.colcon_core.environment:checking '/home/jorge/quori_ws/install/astra_ros/lib/python3.10/site-packages'
[3.355s] Level 1:colcon.colcon_core.environment:checking '/home/jorge/quori_ws/install/astra_ros/bin'
[3.386s] INFO:colcon.colcon_core.shell:Creating package script '/home/jorge/quori_ws/install/astra_ros/share/astra_ros/package.ps1'
[3.387s] INFO:colcon.colcon_core.shell:Creating package descriptor '/home/jorge/quori_ws/install/astra_ros/share/astra_ros/package.dsv'
[3.388s] INFO:colcon.colcon_core.shell:Creating package script '/home/jorge/quori_ws/install/astra_ros/share/astra_ros/package.sh'
[3.389s] INFO:colcon.colcon_core.shell:Creating package script '/home/jorge/quori_ws/install/astra_ros/share/astra_ros/package.bash'
[3.389s] INFO:colcon.colcon_core.shell:Creating package script '/home/jorge/quori_ws/install/astra_ros/share/astra_ros/package.zsh'
[3.389s] Level 1:colcon.colcon_core.environment:create_file_with_runtime_dependencies(/home/jorge/quori_ws/install/astra_ros/share/colcon-core/packages/astra_ros)
[3.391s] Level 1:colcon.colcon_core.environment:create_environment_scripts_only(quori_work)
[3.392s] DEBUG:colcon.colcon_core.event_handler.log_command:Invoked command in '/home/jorge/quori_ws/build/quori_work' returned '0': CMAKE_PREFIX_PATH=${CMAKE_PREFIX_PATH}:/home/jorge/ros2_ws/install/world_explorer:/home/jorge/ros2_ws/install/sense_stop_go:/home/jorge/ros2_ws/install/rob599_hw3:/home/jorge/ros2_ws/install/rob599_hw2:/home/jorge/ros2_ws/install/py_pubsub:/home/jorge/ros2_ws/install/launch_testing_examples:/home/jorge/ros2_ws/install/examples_rclpy_pointcloud_publisher:/home/jorge/ros2_ws/install/examples_rclpy_minimal_subscriber:/home/jorge/ros2_ws/install/examples_rclpy_minimal_service:/home/jorge/ros2_ws/install/examples_rclpy_minimal_publisher:/home/jorge/ros2_ws/install/examples_rclpy_minimal_client:/home/jorge/ros2_ws/install/examples_rclpy_minimal_action_server:/home/jorge/ros2_ws/install/examples_rclpy_minimal_action_client:/home/jorge/ros2_ws/install/examples_rclpy_guard_conditions:/home/jorge/ros2_ws/install/examples_rclpy_executors:/opt/ros/humble /home/jorge/.local/bin/cmake --install /home/jorge/quori_ws/build/quori_work
[3.418s] Level 1:colcon.colcon_core.environment:checking '/home/jorge/quori_ws/install/quori_work' for CMake module files
[3.418s] Level 1:colcon.colcon_core.environment:checking '/home/jorge/quori_ws/install/quori_work' for CMake config files
[3.419s] Level 1:colcon.colcon_core.shell:create_environment_hook('quori_work', 'cmake_prefix_path')
[3.445s] INFO:colcon.colcon_core.shell:Creating environment hook '/home/jorge/quori_ws/install/quori_work/share/quori_work/hook/cmake_prefix_path.ps1'
[3.445s] INFO:colcon.colcon_core.shell:Creating environment descriptor '/home/jorge/quori_ws/install/quori_work/share/quori_work/hook/cmake_prefix_path.dsv'
[3.446s] INFO:colcon.colcon_core.shell:Creating environment hook '/home/jorge/quori_ws/install/quori_work/share/quori_work/hook/cmake_prefix_path.sh'
[3.446s] Level 1:colcon.colcon_core.environment:checking '/home/jorge/quori_ws/install/quori_work/bin'
[3.447s] Level 1:colcon.colcon_core.environment:checking '/home/jorge/quori_ws/install/quori_work/lib/pkgconfig/quori_work.pc'
[3.447s] Level 1:colcon.colcon_core.environment:checking '/home/jorge/quori_ws/install/quori_work/lib/python3.10/site-packages'
[3.447s] Level 1:colcon.colcon_core.environment:checking '/home/jorge/quori_ws/install/quori_work/bin'
[3.478s] INFO:colcon.colcon_core.shell:Creating package script '/home/jorge/quori_ws/install/quori_work/share/quori_work/package.ps1'
[3.479s] INFO:colcon.colcon_core.shell:Creating package descriptor '/home/jorge/quori_ws/install/quori_work/share/quori_work/package.dsv'
[3.480s] INFO:colcon.colcon_core.shell:Creating package script '/home/jorge/quori_ws/install/quori_work/share/quori_work/package.sh'
[3.480s] INFO:colcon.colcon_core.shell:Creating package script '/home/jorge/quori_ws/install/quori_work/share/quori_work/package.bash'
[3.481s] INFO:colcon.colcon_core.shell:Creating package script '/home/jorge/quori_ws/install/quori_work/share/quori_work/package.zsh'
[3.481s] Level 1:colcon.colcon_core.environment:create_file_with_runtime_dependencies(/home/jorge/quori_ws/install/quori_work/share/colcon-core/packages/quori_work)
[3.512s] Level 1:colcon.colcon_core.environment:create_environment_scripts_only(quori_msgs)
[3.539s] Level 1:colcon.colcon_core.environment:checking '/home/jorge/quori_ws/install/quori_msgs' for CMake module files
[3.540s] Level 1:colcon.colcon_core.environment:checking '/home/jorge/quori_ws/install/quori_msgs' for CMake config files
[3.540s] Level 1:colcon.colcon_core.shell:create_environment_hook('quori_msgs', 'cmake_prefix_path')
[3.567s] INFO:colcon.colcon_core.shell:Creating environment hook '/home/jorge/quori_ws/install/quori_msgs/share/quori_msgs/hook/cmake_prefix_path.ps1'
[3.568s] INFO:colcon.colcon_core.shell:Creating environment descriptor '/home/jorge/quori_ws/install/quori_msgs/share/quori_msgs/hook/cmake_prefix_path.dsv'
[3.568s] INFO:colcon.colcon_core.shell:Creating environment hook '/home/jorge/quori_ws/install/quori_msgs/share/quori_msgs/hook/cmake_prefix_path.sh'
[3.569s] Level 1:colcon.colcon_core.environment:checking '/home/jorge/quori_ws/install/quori_msgs/bin'
[3.569s] Level 1:colcon.colcon_core.environment:checking '/home/jorge/quori_ws/install/quori_msgs/lib/pkgconfig/quori_msgs.pc'
[3.570s] Level 1:colcon.colcon_core.environment:checking '/home/jorge/quori_ws/install/quori_msgs/lib/python3.10/site-packages'
[3.570s] Level 1:colcon.colcon_core.environment:checking '/home/jorge/quori_ws/install/quori_msgs/bin'
[3.599s] INFO:colcon.colcon_core.shell:Creating package script '/home/jorge/quori_ws/install/quori_msgs/share/quori_msgs/package.ps1'
[3.600s] INFO:colcon.colcon_core.shell:Creating package descriptor '/home/jorge/quori_ws/install/quori_msgs/share/quori_msgs/package.dsv'
[3.600s] INFO:colcon.colcon_core.shell:Creating package script '/home/jorge/quori_ws/install/quori_msgs/share/quori_msgs/package.sh'
[3.601s] INFO:colcon.colcon_core.shell:Creating package script '/home/jorge/quori_ws/install/quori_msgs/share/quori_msgs/package.bash'
[3.601s] INFO:colcon.colcon_core.shell:Creating package script '/home/jorge/quori_ws/install/quori_msgs/share/quori_msgs/package.zsh'
[3.602s] Level 1:colcon.colcon_core.environment:create_file_with_runtime_dependencies(/home/jorge/quori_ws/install/quori_msgs/share/colcon-core/packages/quori_msgs)
[3.627s] Level 1:colcon.colcon_core.environment:create_environment_scripts_only(respeaker_ros)
[3.656s] Level 1:colcon.colcon_core.environment:checking '/home/jorge/quori_ws/install/respeaker_ros' for CMake module files
[3.656s] Level 1:colcon.colcon_core.environment:checking '/home/jorge/quori_ws/install/respeaker_ros' for CMake config files
[3.657s] Level 1:colcon.colcon_core.shell:create_environment_hook('respeaker_ros', 'cmake_prefix_path')
[3.682s] INFO:colcon.colcon_core.shell:Creating environment hook '/home/jorge/quori_ws/install/respeaker_ros/share/respeaker_ros/hook/cmake_prefix_path.ps1'
[3.683s] INFO:colcon.colcon_core.shell:Creating environment descriptor '/home/jorge/quori_ws/install/respeaker_ros/share/respeaker_ros/hook/cmake_prefix_path.dsv'
[3.683s] INFO:colcon.colcon_core.shell:Creating environment hook '/home/jorge/quori_ws/install/respeaker_ros/share/respeaker_ros/hook/cmake_prefix_path.sh'
[3.684s] Level 1:colcon.colcon_core.environment:checking '/home/jorge/quori_ws/install/respeaker_ros/bin'
[3.684s] Level 1:colcon.colcon_core.environment:checking '/home/jorge/quori_ws/install/respeaker_ros/lib/pkgconfig/respeaker_ros.pc'
[3.684s] Level 1:colcon.colcon_core.environment:checking '/home/jorge/quori_ws/install/respeaker_ros/lib/python3.10/site-packages'
[3.684s] Level 1:colcon.colcon_core.environment:checking '/home/jorge/quori_ws/install/respeaker_ros/bin'
[3.711s] INFO:colcon.colcon_core.shell:Creating package script '/home/jorge/quori_ws/install/respeaker_ros/share/respeaker_ros/package.ps1'
[3.711s] INFO:colcon.colcon_core.shell:Creating package descriptor '/home/jorge/quori_ws/install/respeaker_ros/share/respeaker_ros/package.dsv'
[3.712s] INFO:colcon.colcon_core.shell:Creating package script '/home/jorge/quori_ws/install/respeaker_ros/share/respeaker_ros/package.sh'
[3.712s] INFO:colcon.colcon_core.shell:Creating package script '/home/jorge/quori_ws/install/respeaker_ros/share/respeaker_ros/package.bash'
[3.713s] INFO:colcon.colcon_core.shell:Creating package script '/home/jorge/quori_ws/install/respeaker_ros/share/respeaker_ros/package.zsh'
[3.713s] Level 1:colcon.colcon_core.environment:create_file_with_runtime_dependencies(/home/jorge/quori_ws/install/respeaker_ros/share/colcon-core/packages/respeaker_ros)
[3.735s] Level 1:colcon.colcon_core.environment:create_environment_scripts_only(quori_teleop)
[3.756s] Level 1:colcon.colcon_core.environment:checking '/home/jorge/quori_ws/install/quori_teleop' for CMake module files
[3.757s] Level 1:colcon.colcon_core.environment:checking '/home/jorge/quori_ws/install/quori_teleop' for CMake config files
[3.757s] Level 1:colcon.colcon_core.shell:create_environment_hook('quori_teleop', 'cmake_prefix_path')
[3.781s] INFO:colcon.colcon_core.shell:Creating environment hook '/home/jorge/quori_ws/install/quori_teleop/share/quori_teleop/hook/cmake_prefix_path.ps1'
[3.781s] INFO:colcon.colcon_core.shell:Creating environment descriptor '/home/jorge/quori_ws/install/quori_teleop/share/quori_teleop/hook/cmake_prefix_path.dsv'
[3.782s] INFO:colcon.colcon_core.shell:Creating environment hook '/home/jorge/quori_ws/install/quori_teleop/share/quori_teleop/hook/cmake_prefix_path.sh'
[3.782s] Level 1:colcon.colcon_core.environment:checking '/home/jorge/quori_ws/install/quori_teleop/bin'
[3.782s] Level 1:colcon.colcon_core.environment:checking '/home/jorge/quori_ws/install/quori_teleop/lib/pkgconfig/quori_teleop.pc'
[3.783s] Level 1:colcon.colcon_core.environment:checking '/home/jorge/quori_ws/install/quori_teleop/lib/python3.10/site-packages'
[3.783s] Level 1:colcon.colcon_core.environment:checking '/home/jorge/quori_ws/install/quori_teleop/bin'
[3.800s] INFO:colcon.colcon_core.shell:Creating package script '/home/jorge/quori_ws/install/quori_teleop/share/quori_teleop/package.ps1'
[3.800s] INFO:colcon.colcon_core.shell:Creating package descriptor '/home/jorge/quori_ws/install/quori_teleop/share/quori_teleop/package.dsv'
[3.801s] INFO:colcon.colcon_core.shell:Creating package script '/home/jorge/quori_ws/install/quori_teleop/share/quori_teleop/package.sh'
[3.801s] INFO:colcon.colcon_core.shell:Creating package script '/home/jorge/quori_ws/install/quori_teleop/share/quori_teleop/package.bash'
[3.801s] INFO:colcon.colcon_core.shell:Creating package script '/home/jorge/quori_ws/install/quori_teleop/share/quori_teleop/package.zsh'
[3.802s] Level 1:colcon.colcon_core.environment:create_file_with_runtime_dependencies(/home/jorge/quori_ws/install/quori_teleop/share/colcon-core/packages/quori_teleop)
[3.819s] Level 1:colcon.colcon_core.environment:create_environment_scripts_only(quori_launch)
[3.839s] Level 1:colcon.colcon_core.environment:checking '/home/jorge/quori_ws/install/quori_launch' for CMake module files
[3.839s] Level 1:colcon.colcon_core.environment:checking '/home/jorge/quori_ws/install/quori_launch' for CMake config files
[3.840s] Level 1:colcon.colcon_core.shell:create_environment_hook('quori_launch', 'cmake_prefix_path')
[3.862s] INFO:colcon.colcon_core.shell:Creating environment hook '/home/jorge/quori_ws/install/quori_launch/share/quori_launch/hook/cmake_prefix_path.ps1'
[3.862s] INFO:colcon.colcon_core.shell:Creating environment descriptor '/home/jorge/quori_ws/install/quori_launch/share/quori_launch/hook/cmake_prefix_path.dsv'
[3.863s] INFO:colcon.colcon_core.shell:Creating environment hook '/home/jorge/quori_ws/install/quori_launch/share/quori_launch/hook/cmake_prefix_path.sh'
[3.863s] Level 1:colcon.colcon_core.environment:checking '/home/jorge/quori_ws/install/quori_launch/bin'
[3.863s] Level 1:colcon.colcon_core.environment:checking '/home/jorge/quori_ws/install/quori_launch/lib/pkgconfig/quori_launch.pc'
[3.863s] Level 1:colcon.colcon_core.environment:checking '/home/jorge/quori_ws/install/quori_launch/lib/python3.10/site-packages'
[3.864s] Level 1:colcon.colcon_core.environment:checking '/home/jorge/quori_ws/install/quori_launch/bin'
[3.881s] INFO:colcon.colcon_core.shell:Creating package script '/home/jorge/quori_ws/install/quori_launch/share/quori_launch/package.ps1'
[3.881s] INFO:colcon.colcon_core.shell:Creating package descriptor '/home/jorge/quori_ws/install/quori_launch/share/quori_launch/package.dsv'
[3.881s] INFO:colcon.colcon_core.shell:Creating package script '/home/jorge/quori_ws/install/quori_launch/share/quori_launch/package.sh'
[3.882s] INFO:colcon.colcon_core.shell:Creating package script '/home/jorge/quori_ws/install/quori_launch/share/quori_launch/package.bash'
[3.882s] INFO:colcon.colcon_core.shell:Creating package script '/home/jorge/quori_ws/install/quori_launch/share/quori_launch/package.zsh'
[3.882s] Level 1:colcon.colcon_core.environment:create_file_with_runtime_dependencies(/home/jorge/quori_ws/install/quori_launch/share/colcon-core/packages/quori_launch)
[3.900s] Level 1:colcon.colcon_core.environment:create_environment_scripts_only(astra_ros)
[3.918s] Level 1:colcon.colcon_core.environment:checking '/home/jorge/quori_ws/install/astra_ros' for CMake module files
[3.918s] Level 1:colcon.colcon_core.environment:checking '/home/jorge/quori_ws/install/astra_ros' for CMake config files
[3.919s] Level 1:colcon.colcon_core.shell:create_environment_hook('astra_ros', 'cmake_prefix_path')
[3.940s] INFO:colcon.colcon_core.shell:Creating environment hook '/home/jorge/quori_ws/install/astra_ros/share/astra_ros/hook/cmake_prefix_path.ps1'
[3.941s] INFO:colcon.colcon_core.shell:Creating environment descriptor '/home/jorge/quori_ws/install/astra_ros/share/astra_ros/hook/cmake_prefix_path.dsv'
[3.941s] INFO:colcon.colcon_core.shell:Creating environment hook '/home/jorge/quori_ws/install/astra_ros/share/astra_ros/hook/cmake_prefix_path.sh'
[3.942s] Level 1:colcon.colcon_core.environment:checking '/home/jorge/quori_ws/install/astra_ros/bin'
[3.942s] Level 1:colcon.colcon_core.environment:checking '/home/jorge/quori_ws/install/astra_ros/lib/pkgconfig/astra_ros.pc'
[3.942s] Level 1:colcon.colcon_core.environment:checking '/home/jorge/quori_ws/install/astra_ros/lib/python3.10/site-packages'
[3.942s] Level 1:colcon.colcon_core.environment:checking '/home/jorge/quori_ws/install/astra_ros/bin'
[3.961s] INFO:colcon.colcon_core.shell:Creating package script '/home/jorge/quori_ws/install/astra_ros/share/astra_ros/package.ps1'
[3.962s] INFO:colcon.colcon_core.shell:Creating package descriptor '/home/jorge/quori_ws/install/astra_ros/share/astra_ros/package.dsv'
[3.962s] INFO:colcon.colcon_core.shell:Creating package script '/home/jorge/quori_ws/install/astra_ros/share/astra_ros/package.sh'
[3.963s] INFO:colcon.colcon_core.shell:Creating package script '/home/jorge/quori_ws/install/astra_ros/share/astra_ros/package.bash'
[3.963s] INFO:colcon.colcon_core.shell:Creating package script '/home/jorge/quori_ws/install/astra_ros/share/astra_ros/package.zsh'
[3.963s] Level 1:colcon.colcon_core.environment:create_file_with_runtime_dependencies(/home/jorge/quori_ws/install/astra_ros/share/colcon-core/packages/astra_ros)
[3.990s] Level 1:colcon.colcon_core.environment:create_environment_scripts_only(quori_work)
[4.009s] Level 1:colcon.colcon_core.environment:checking '/home/jorge/quori_ws/install/quori_work' for CMake module files
[4.009s] Level 1:colcon.colcon_core.environment:checking '/home/jorge/quori_ws/install/quori_work' for CMake config files
[4.010s] Level 1:colcon.colcon_core.shell:create_environment_hook('quori_work', 'cmake_prefix_path')
[4.026s] INFO:colcon.colcon_core.shell:Creating environment hook '/home/jorge/quori_ws/install/quori_work/share/quori_work/hook/cmake_prefix_path.ps1'
[4.027s] INFO:colcon.colcon_core.shell:Creating environment descriptor '/home/jorge/quori_ws/install/quori_work/share/quori_work/hook/cmake_prefix_path.dsv'
[4.027s] INFO:colcon.colcon_core.shell:Creating environment hook '/home/jorge/quori_ws/install/quori_work/share/quori_work/hook/cmake_prefix_path.sh'
[4.028s] Level 1:colcon.colcon_core.environment:checking '/home/jorge/quori_ws/install/quori_work/bin'
[4.028s] Level 1:colcon.colcon_core.environment:checking '/home/jorge/quori_ws/install/quori_work/lib/pkgconfig/quori_work.pc'
[4.028s] Level 1:colcon.colcon_core.environment:checking '/home/jorge/quori_ws/install/quori_work/lib/python3.10/site-packages'
[4.028s] Level 1:colcon.colcon_core.environment:checking '/home/jorge/quori_ws/install/quori_work/bin'
[4.045s] INFO:colcon.colcon_core.shell:Creating package script '/home/jorge/quori_ws/install/quori_work/share/quori_work/package.ps1'
[4.045s] INFO:colcon.colcon_core.shell:Creating package descriptor '/home/jorge/quori_ws/install/quori_work/share/quori_work/package.dsv'
[4.046s] INFO:colcon.colcon_core.shell:Creating package script '/home/jorge/quori_ws/install/quori_work/share/quori_work/package.sh'
[4.046s] INFO:colcon.colcon_core.shell:Creating package script '/home/jorge/quori_ws/install/quori_work/share/quori_work/package.bash'
[4.047s] INFO:colcon.colcon_core.shell:Creating package script '/home/jorge/quori_ws/install/quori_work/share/quori_work/package.zsh'
[4.047s] Level 1:colcon.colcon_core.environment:create_file_with_runtime_dependencies(/home/jorge/quori_ws/install/quori_work/share/colcon-core/packages/quori_work)
[4.049s] DEBUG:colcon.colcon_core.event_handler.log_command:Invoked command in '/home/jorge/quori_ws/build/quori_description' returned '1': /home/jorge/.local/bin/cmake /home/jorge/quori_ws/src/quori_description -DCMAKE_INSTALL_PREFIX=/home/jorge/quori_ws/install/quori_description
[4.058s] DEBUG:colcon.colcon_parallel_executor.executor.parallel:closing loop
[4.058s] DEBUG:colcon.colcon_parallel_executor.executor.parallel:loop closed
[4.058s] DEBUG:colcon.colcon_parallel_executor.executor.parallel:run_until_complete finished with '1'
[4.058s] DEBUG:colcon.colcon_core.event_reactor:joining thread
[4.089s] INFO:colcon.colcon_core.plugin_system:Skipping extension 'colcon_notification.desktop_notification.terminal_notifier': Not used on non-Darwin systems
[4.089s] INFO:colcon.colcon_core.plugin_system:Skipping extension 'colcon_notification.desktop_notification.win32': Not used on non-Windows systems
[4.090s] INFO:colcon.colcon_notification.desktop_notification:Sending desktop notification using 'notify2'
[4.108s] DEBUG:colcon.colcon_core.event_reactor:joined thread
[4.135s] INFO:colcon.colcon_core.shell:Creating prefix script '/home/jorge/quori_ws/install/local_setup.ps1'
[4.136s] INFO:colcon.colcon_core.shell:Creating prefix util module '/home/jorge/quori_ws/install/_local_setup_util_ps1.py'
[4.138s] INFO:colcon.colcon_core.shell:Creating prefix chain script '/home/jorge/quori_ws/install/setup.ps1'
[4.166s] INFO:colcon.colcon_core.shell:Creating prefix script '/home/jorge/quori_ws/install/local_setup.sh'
[4.167s] INFO:colcon.colcon_core.shell:Creating prefix util module '/home/jorge/quori_ws/install/_local_setup_util_sh.py'
[4.168s] INFO:colcon.colcon_core.shell:Creating prefix chain script '/home/jorge/quori_ws/install/setup.sh'
[4.194s] INFO:colcon.colcon_core.shell:Creating prefix script '/home/jorge/quori_ws/install/local_setup.bash'
[4.195s] INFO:colcon.colcon_core.shell:Creating prefix chain script '/home/jorge/quori_ws/install/setup.bash'
[4.218s] INFO:colcon.colcon_core.shell:Creating prefix script '/home/jorge/quori_ws/install/local_setup.zsh'
[4.219s] INFO:colcon.colcon_core.shell:Creating prefix chain script '/home/jorge/quori_ws/install/setup.zsh'
