[1.396s] Invoking command in '/home/jorge/quori_ws/build/quori_description': CMAKE_PREFIX_PATH=${CMAKE_PREFIX_PATH}:/home/jorge/ros2_ws/install/world_explorer:/home/jorge/ros2_ws/install/sense_stop_go:/home/jorge/ros2_ws/install/rob599_hw3:/home/jorge/ros2_ws/install/rob599_hw2:/home/jorge/ros2_ws/install/py_pubsub:/home/jorge/ros2_ws/install/launch_testing_examples:/home/jorge/ros2_ws/install/examples_rclpy_pointcloud_publisher:/home/jorge/ros2_ws/install/examples_rclpy_minimal_subscriber:/home/jorge/ros2_ws/install/examples_rclpy_minimal_service:/home/jorge/ros2_ws/install/examples_rclpy_minimal_publisher:/home/jorge/ros2_ws/install/examples_rclpy_minimal_client:/home/jorge/ros2_ws/install/examples_rclpy_minimal_action_server:/home/jorge/ros2_ws/install/examples_rclpy_minimal_action_client:/home/jorge/ros2_ws/install/examples_rclpy_guard_conditions:/home/jorge/ros2_ws/install/examples_rclpy_executors:/opt/ros/humble /home/jorge/.local/bin/cmake --build /home/jorge/quori_ws/build/quori_description -- -j20 -l20
[1.542s] Invoked command in '/home/jorge/quori_ws/build/quori_description' returned '0': CMAKE_PREFIX_PATH=${CMAKE_PREFIX_PATH}:/home/jorge/ros2_ws/install/world_explorer:/home/jorge/ros2_ws/install/sense_stop_go:/home/jorge/ros2_ws/install/rob599_hw3:/home/jorge/ros2_ws/install/rob599_hw2:/home/jorge/ros2_ws/install/py_pubsub:/home/jorge/ros2_ws/install/launch_testing_examples:/home/jorge/ros2_ws/install/examples_rclpy_pointcloud_publisher:/home/jorge/ros2_ws/install/examples_rclpy_minimal_subscriber:/home/jorge/ros2_ws/install/examples_rclpy_minimal_service:/home/jorge/ros2_ws/install/examples_rclpy_minimal_publisher:/home/jorge/ros2_ws/install/examples_rclpy_minimal_client:/home/jorge/ros2_ws/install/examples_rclpy_minimal_action_server:/home/jorge/ros2_ws/install/examples_rclpy_minimal_action_client:/home/jorge/ros2_ws/install/examples_rclpy_guard_conditions:/home/jorge/ros2_ws/install/examples_rclpy_executors:/opt/ros/humble /home/jorge/.local/bin/cmake --build /home/jorge/quori_ws/build/quori_description -- -j20 -l20
[1.794s] Invoking command in '/home/jorge/quori_ws/build/quori_description': CMAKE_PREFIX_PATH=${CMAKE_PREFIX_PATH}:/home/jorge/ros2_ws/install/world_explorer:/home/jorge/ros2_ws/install/sense_stop_go:/home/jorge/ros2_ws/install/rob599_hw3:/home/jorge/ros2_ws/install/rob599_hw2:/home/jorge/ros2_ws/install/py_pubsub:/home/jorge/ros2_ws/install/launch_testing_examples:/home/jorge/ros2_ws/install/examples_rclpy_pointcloud_publisher:/home/jorge/ros2_ws/install/examples_rclpy_minimal_subscriber:/home/jorge/ros2_ws/install/examples_rclpy_minimal_service:/home/jorge/ros2_ws/install/examples_rclpy_minimal_publisher:/home/jorge/ros2_ws/install/examples_rclpy_minimal_client:/home/jorge/ros2_ws/install/examples_rclpy_minimal_action_server:/home/jorge/ros2_ws/install/examples_rclpy_minimal_action_client:/home/jorge/ros2_ws/install/examples_rclpy_guard_conditions:/home/jorge/ros2_ws/install/examples_rclpy_executors:/opt/ros/humble /home/jorge/.local/bin/cmake --install /home/jorge/quori_ws/build/quori_description
[1.878s] -- Install configuration: ""
[1.879s] -- Execute custom install script
[1.880s] -- Up-to-date symlink: /home/jorge/quori_ws/install/quori_description/share/quori_description//urdf/quori.gv
[1.880s] -- Up-to-date symlink: /home/jorge/quori_ws/install/quori_description/share/quori_description//urdf/quori.pdf
[1.881s] -- Up-to-date symlink: /home/jorge/quori_ws/install/quori_description/share/quori_description//urdf/quori.urdf
[1.881s] -- Up-to-date symlink: /home/jorge/quori_ws/install/quori_description/share/quori_description//urdf/quori.xacro
[1.882s] -- Up-to-date symlink: /home/jorge/quori_ws/install/quori_description/share/quori_description//urdf/quori_kinematics.xacro
[1.882s] -- Up-to-date symlink: /home/jorge/quori_ws/install/quori_description/share/quori_description//urdf/quori_standalone.xacro
[1.882s] -- Up-to-date symlink: /home/jorge/quori_ws/install/quori_description/share/quori_description//urdf/ramsis_kinematics.urdf
[1.882s] -- Up-to-date symlink: /home/jorge/quori_ws/install/quori_description/share/quori_description//urdf/ramsis_kinematics.xacro
[1.883s] -- Up-to-date symlink: /home/jorge/quori_ws/install/quori_description/share/quori_description//urdf/ramsis_standalone.xacro
[1.883s] [33mCMake Warning (dev) at ament_cmake_symlink_install/ament_cmake_symlink_install.cmake:62 (file):
[1.883s]   Policy CMP0009 is not set: FILE GLOB_RECURSE calls should not follow
[1.884s]   symlinks by default.  Run "cmake --help-policy CMP0009" for policy details.
[1.884s]   Use the cmake_policy command to set the policy and suppress this warning.
[1.884s] Call Stack (most recent call first):
[1.884s]   ament_cmake_symlink_install/ament_cmake_symlink_install.cmake:317 (ament_cmake_symlink_install_directory)
[1.885s]   cmake_install.cmake:46 (include)
[1.885s] This warning is for project developers.  Use -Wno-dev to suppress it.
[1.885s] [0m
[1.886s] -- Up-to-date symlink: /home/jorge/quori_ws/install/quori_description/share/quori_description//meshes/0917_Helmet_Duripod.dae
[1.886s] -- Up-to-date symlink: /home/jorge/quori_ws/install/quori_description/share/quori_description//meshes/0917_Lower_Arm_left.dae
[1.886s] -- Up-to-date symlink: /home/jorge/quori_ws/install/quori_description/share/quori_description//meshes/0917_Lower_Arm_right.dae
[1.887s] -- Up-to-date symlink: /home/jorge/quori_ws/install/quori_description/share/quori_description//meshes/0917_Upper_Arm+gear_left.dae
[1.887s] -- Up-to-date symlink: /home/jorge/quori_ws/install/quori_description/share/quori_description//meshes/0917_Upper_Arm+gear_right.dae
[1.887s] -- Up-to-date symlink: /home/jorge/quori_ws/install/quori_description/share/quori_description//meshes/0917_Upper_Torso+Waist.dae
[1.888s] -- Up-to-date symlink: /home/jorge/quori_ws/install/quori_description/share/quori_description//meshes/180915_Lower_Torso.dae
[1.888s] -- Up-to-date symlink: /home/jorge/quori_ws/install/quori_description/share/quori_description//meshes/build/.built_by
[1.888s] -- Up-to-date symlink: /home/jorge/quori_ws/install/quori_description/share/quori_description//meshes/build/COLCON_IGNORE
[1.889s] -- Up-to-date symlink: /home/jorge/quori_ws/install/quori_description/share/quori_description//meshes/install/.colcon_install_layout
[1.889s] -- Up-to-date symlink: /home/jorge/quori_ws/install/quori_description/share/quori_description//meshes/install/COLCON_IGNORE
[1.889s] -- Up-to-date symlink: /home/jorge/quori_ws/install/quori_description/share/quori_description//meshes/install/_local_setup_util_ps1.py
[1.889s] -- Up-to-date symlink: /home/jorge/quori_ws/install/quori_description/share/quori_description//meshes/install/_local_setup_util_sh.py
[1.890s] -- Up-to-date symlink: /home/jorge/quori_ws/install/quori_description/share/quori_description//meshes/install/local_setup.bash
[1.890s] -- Up-to-date symlink: /home/jorge/quori_ws/install/quori_description/share/quori_description//meshes/install/local_setup.ps1
[1.890s] -- Up-to-date symlink: /home/jorge/quori_ws/install/quori_description/share/quori_description//meshes/install/local_setup.sh
[1.891s] -- Up-to-date symlink: /home/jorge/quori_ws/install/quori_description/share/quori_description//meshes/install/local_setup.zsh
[1.891s] -- Up-to-date symlink: /home/jorge/quori_ws/install/quori_description/share/quori_description//meshes/install/setup.bash
[1.891s] -- Up-to-date symlink: /home/jorge/quori_ws/install/quori_description/share/quori_description//meshes/install/setup.ps1
[1.892s] -- Up-to-date symlink: /home/jorge/quori_ws/install/quori_description/share/quori_description//meshes/install/setup.sh
[1.892s] -- Up-to-date symlink: /home/jorge/quori_ws/install/quori_description/share/quori_description//meshes/install/setup.zsh
[1.892s] -- Up-to-date symlink: /home/jorge/quori_ws/install/quori_description/share/quori_description//meshes/log/COLCON_IGNORE
[1.893s] -- Up-to-date symlink: /home/jorge/quori_ws/install/quori_description/share/quori_description//meshes/log/build_2024-03-10_16-14-19/events.log
[1.893s] -- Up-to-date symlink: /home/jorge/quori_ws/install/quori_description/share/quori_description//meshes/log/build_2024-03-10_16-14-19/logger_all.log
[1.893s] -- Up-to-date symlink: /home/jorge/quori_ws/install/quori_description/share/quori_description//meshes/log/latest/events.log
[1.894s] -- Up-to-date symlink: /home/jorge/quori_ws/install/quori_description/share/quori_description//meshes/log/latest/logger_all.log
[1.894s] -- Up-to-date symlink: /home/jorge/quori_ws/install/quori_description/share/quori_description//meshes/log/latest_build/events.log
[1.894s] -- Up-to-date symlink: /home/jorge/quori_ws/install/quori_description/share/quori_description//meshes/log/latest_build/logger_all.log
[1.894s] -- Up-to-date symlink: /home/jorge/quori_ws/install/quori_description/share/ament_index/resource_index/package_run_dependencies/quori_description
[1.895s] -- Up-to-date symlink: /home/jorge/quori_ws/install/quori_description/share/ament_index/resource_index/parent_prefix_path/quori_description
[1.895s] -- Up-to-date symlink: /home/jorge/quori_ws/install/quori_description/share/quori_description/environment/ament_prefix_path.sh
[1.895s] -- Up-to-date symlink: /home/jorge/quori_ws/install/quori_description/share/quori_description/environment/ament_prefix_path.dsv
[1.896s] -- Up-to-date symlink: /home/jorge/quori_ws/install/quori_description/share/quori_description/environment/path.sh
[1.896s] -- Up-to-date symlink: /home/jorge/quori_ws/install/quori_description/share/quori_description/environment/path.dsv
[1.896s] -- Up-to-date symlink: /home/jorge/quori_ws/install/quori_description/share/quori_description/local_setup.bash
[1.897s] -- Up-to-date symlink: /home/jorge/quori_ws/install/quori_description/share/quori_description/local_setup.sh
[1.897s] -- Up-to-date symlink: /home/jorge/quori_ws/install/quori_description/share/quori_description/local_setup.zsh
[1.897s] -- Up-to-date symlink: /home/jorge/quori_ws/install/quori_description/share/quori_description/local_setup.dsv
[1.898s] -- Symlinking: /home/jorge/quori_ws/install/quori_description/share/quori_description/package.dsv
[1.905s] -- Up-to-date symlink: /home/jorge/quori_ws/install/quori_description/share/ament_index/resource_index/packages/quori_description
[1.906s] -- Up-to-date symlink: /home/jorge/quori_ws/install/quori_description/share/quori_description/cmake/quori_descriptionConfig.cmake
[1.906s] -- Up-to-date symlink: /home/jorge/quori_ws/install/quori_description/share/quori_description/cmake/quori_descriptionConfig-version.cmake
[1.907s] -- Up-to-date symlink: /home/jorge/quori_ws/install/quori_description/share/quori_description/package.xml
[1.930s] Invoked command in '/home/jorge/quori_ws/build/quori_description' returned '0': CMAKE_PREFIX_PATH=${CMAKE_PREFIX_PATH}:/home/jorge/ros2_ws/install/world_explorer:/home/jorge/ros2_ws/install/sense_stop_go:/home/jorge/ros2_ws/install/rob599_hw3:/home/jorge/ros2_ws/install/rob599_hw2:/home/jorge/ros2_ws/install/py_pubsub:/home/jorge/ros2_ws/install/launch_testing_examples:/home/jorge/ros2_ws/install/examples_rclpy_pointcloud_publisher:/home/jorge/ros2_ws/install/examples_rclpy_minimal_subscriber:/home/jorge/ros2_ws/install/examples_rclpy_minimal_service:/home/jorge/ros2_ws/install/examples_rclpy_minimal_publisher:/home/jorge/ros2_ws/install/examples_rclpy_minimal_client:/home/jorge/ros2_ws/install/examples_rclpy_minimal_action_server:/home/jorge/ros2_ws/install/examples_rclpy_minimal_action_client:/home/jorge/ros2_ws/install/examples_rclpy_guard_conditions:/home/jorge/ros2_ws/install/examples_rclpy_executors:/opt/ros/humble /home/jorge/.local/bin/cmake --install /home/jorge/quori_ws/build/quori_description
