[0.881s] Invoking command in '/home/jorge/quori_ws/build/quori_launch': CMAKE_PREFIX_PATH=${CMAKE_PREFIX_PATH}:/home/jorge/ros2_ws/install/world_explorer:/home/jorge/ros2_ws/install/sense_stop_go:/home/jorge/ros2_ws/install/rob599_hw3:/home/jorge/ros2_ws/install/rob599_hw2:/home/jorge/ros2_ws/install/py_pubsub:/home/jorge/ros2_ws/install/launch_testing_examples:/home/jorge/ros2_ws/install/examples_rclpy_pointcloud_publisher:/home/jorge/ros2_ws/install/examples_rclpy_minimal_subscriber:/home/jorge/ros2_ws/install/examples_rclpy_minimal_service:/home/jorge/ros2_ws/install/examples_rclpy_minimal_publisher:/home/jorge/ros2_ws/install/examples_rclpy_minimal_client:/home/jorge/ros2_ws/install/examples_rclpy_minimal_action_server:/home/jorge/ros2_ws/install/examples_rclpy_minimal_action_client:/home/jorge/ros2_ws/install/examples_rclpy_guard_conditions:/home/jorge/ros2_ws/install/examples_rclpy_executors:/opt/ros/humble /home/jorge/.local/bin/cmake /home/jorge/quori_ws/src/quori_launch -DAMENT_CMAKE_SYMLINK_INSTALL=1 -DCMAKE_INSTALL_PREFIX=/home/jorge/quori_ws/install/quori_launch
[1.115s] -- The C compiler identification is GNU 11.4.0
[1.305s] -- The CXX compiler identification is GNU 11.4.0
[1.346s] -- Detecting C compiler ABI info
[1.495s] -- Detecting C compiler ABI info - done
[1.525s] -- Check for working C compiler: /usr/bin/cc - skipped
[1.526s] -- Detecting C compile features
[1.527s] -- Detecting C compile features - done
[1.552s] -- Detecting CXX compiler ABI info
[1.758s] -- Detecting CXX compiler ABI info - done
[1.808s] -- Check for working CXX compiler: /usr/bin/c++ - skipped
[1.810s] -- Detecting CXX compile features
[1.811s] -- Detecting CXX compile features - done
[1.828s] -- Found ament_cmake: 1.3.8 (/opt/ros/humble/share/ament_cmake/cmake)
[2.233s] -- Found Python3: /usr/bin/python3 (found version "3.10.12") found components: Interpreter 
[2.408s] -- Override CMake install command with custom implementation using symlinks instead of copying resources
[2.544s] -- Found rclcpp: 16.0.8 (/opt/ros/humble/share/rclcpp/cmake)
[2.716s] -- Found rosidl_generator_c: 3.1.5 (/opt/ros/humble/share/rosidl_generator_c/cmake)
[2.738s] -- Found rosidl_adapter: 3.1.5 (/opt/ros/humble/share/rosidl_adapter/cmake)
[2.774s] -- Found rosidl_generator_cpp: 3.1.5 (/opt/ros/humble/share/rosidl_generator_cpp/cmake)
[2.848s] -- Using all available rosidl_typesupport_c: rosidl_typesupport_fastrtps_c;rosidl_typesupport_introspection_c
[2.923s] -- Using all available rosidl_typesupport_cpp: rosidl_typesupport_fastrtps_cpp;rosidl_typesupport_introspection_cpp
[3.180s] -- Found rmw_implementation_cmake: 6.1.1 (/opt/ros/humble/share/rmw_implementation_cmake/cmake)
[3.195s] -- Found rmw_fastrtps_cpp: 6.2.6 (/opt/ros/humble/share/rmw_fastrtps_cpp/cmake)
[3.484s] -- Found OpenSSL: /usr/lib/x86_64-linux-gnu/libcrypto.so (found version "3.0.2")  
[3.580s] -- Found FastRTPS: /opt/ros/humble/include  
[3.757s] -- Using RMW implementation 'rmw_fastrtps_cpp' as default
[3.805s] -- Performing Test CMAKE_HAVE_LIBC_PTHREAD
[3.950s] -- Performing Test CMAKE_HAVE_LIBC_PTHREAD - Success
[3.955s] -- Found Threads: TRUE  
[4.423s] -- Found ament_lint_auto: 0.12.10 (/opt/ros/humble/share/ament_lint_auto/cmake)
[4.648s] -- Added test 'flake8' to check Python code syntax and style conventions
[4.651s] -- Added test 'lint_cmake' to check CMake code style
[4.654s] -- Added test 'pep257' to check Python code against some of the docstring style conventions in PEP 257
[4.657s] -- Added test 'xmllint' to check XML markup files
[4.663s] -- Configuring done (3.7s)
[4.671s] -- Generating done (0.0s)
[4.675s] -- Build files have been written to: /home/jorge/quori_ws/build/quori_launch
[4.714s] Invoked command in '/home/jorge/quori_ws/build/quori_launch' returned '0': CMAKE_PREFIX_PATH=${CMAKE_PREFIX_PATH}:/home/jorge/ros2_ws/install/world_explorer:/home/jorge/ros2_ws/install/sense_stop_go:/home/jorge/ros2_ws/install/rob599_hw3:/home/jorge/ros2_ws/install/rob599_hw2:/home/jorge/ros2_ws/install/py_pubsub:/home/jorge/ros2_ws/install/launch_testing_examples:/home/jorge/ros2_ws/install/examples_rclpy_pointcloud_publisher:/home/jorge/ros2_ws/install/examples_rclpy_minimal_subscriber:/home/jorge/ros2_ws/install/examples_rclpy_minimal_service:/home/jorge/ros2_ws/install/examples_rclpy_minimal_publisher:/home/jorge/ros2_ws/install/examples_rclpy_minimal_client:/home/jorge/ros2_ws/install/examples_rclpy_minimal_action_server:/home/jorge/ros2_ws/install/examples_rclpy_minimal_action_client:/home/jorge/ros2_ws/install/examples_rclpy_guard_conditions:/home/jorge/ros2_ws/install/examples_rclpy_executors:/opt/ros/humble /home/jorge/.local/bin/cmake /home/jorge/quori_ws/src/quori_launch -DAMENT_CMAKE_SYMLINK_INSTALL=1 -DCMAKE_INSTALL_PREFIX=/home/jorge/quori_ws/install/quori_launch
[4.718s] Invoking command in '/home/jorge/quori_ws/build/quori_launch': CMAKE_PREFIX_PATH=${CMAKE_PREFIX_PATH}:/home/jorge/ros2_ws/install/world_explorer:/home/jorge/ros2_ws/install/sense_stop_go:/home/jorge/ros2_ws/install/rob599_hw3:/home/jorge/ros2_ws/install/rob599_hw2:/home/jorge/ros2_ws/install/py_pubsub:/home/jorge/ros2_ws/install/launch_testing_examples:/home/jorge/ros2_ws/install/examples_rclpy_pointcloud_publisher:/home/jorge/ros2_ws/install/examples_rclpy_minimal_subscriber:/home/jorge/ros2_ws/install/examples_rclpy_minimal_service:/home/jorge/ros2_ws/install/examples_rclpy_minimal_publisher:/home/jorge/ros2_ws/install/examples_rclpy_minimal_client:/home/jorge/ros2_ws/install/examples_rclpy_minimal_action_server:/home/jorge/ros2_ws/install/examples_rclpy_minimal_action_client:/home/jorge/ros2_ws/install/examples_rclpy_guard_conditions:/home/jorge/ros2_ws/install/examples_rclpy_executors:/opt/ros/humble /home/jorge/.local/bin/cmake --build /home/jorge/quori_ws/build/quori_launch -- -j20 -l20
[4.837s] Invoked command in '/home/jorge/quori_ws/build/quori_launch' returned '0': CMAKE_PREFIX_PATH=${CMAKE_PREFIX_PATH}:/home/jorge/ros2_ws/install/world_explorer:/home/jorge/ros2_ws/install/sense_stop_go:/home/jorge/ros2_ws/install/rob599_hw3:/home/jorge/ros2_ws/install/rob599_hw2:/home/jorge/ros2_ws/install/py_pubsub:/home/jorge/ros2_ws/install/launch_testing_examples:/home/jorge/ros2_ws/install/examples_rclpy_pointcloud_publisher:/home/jorge/ros2_ws/install/examples_rclpy_minimal_subscriber:/home/jorge/ros2_ws/install/examples_rclpy_minimal_service:/home/jorge/ros2_ws/install/examples_rclpy_minimal_publisher:/home/jorge/ros2_ws/install/examples_rclpy_minimal_client:/home/jorge/ros2_ws/install/examples_rclpy_minimal_action_server:/home/jorge/ros2_ws/install/examples_rclpy_minimal_action_client:/home/jorge/ros2_ws/install/examples_rclpy_guard_conditions:/home/jorge/ros2_ws/install/examples_rclpy_executors:/opt/ros/humble /home/jorge/.local/bin/cmake --build /home/jorge/quori_ws/build/quori_launch -- -j20 -l20
[5.233s] Invoking command in '/home/jorge/quori_ws/build/quori_launch': CMAKE_PREFIX_PATH=${CMAKE_PREFIX_PATH}:/home/jorge/ros2_ws/install/world_explorer:/home/jorge/ros2_ws/install/sense_stop_go:/home/jorge/ros2_ws/install/rob599_hw3:/home/jorge/ros2_ws/install/rob599_hw2:/home/jorge/ros2_ws/install/py_pubsub:/home/jorge/ros2_ws/install/launch_testing_examples:/home/jorge/ros2_ws/install/examples_rclpy_pointcloud_publisher:/home/jorge/ros2_ws/install/examples_rclpy_minimal_subscriber:/home/jorge/ros2_ws/install/examples_rclpy_minimal_service:/home/jorge/ros2_ws/install/examples_rclpy_minimal_publisher:/home/jorge/ros2_ws/install/examples_rclpy_minimal_client:/home/jorge/ros2_ws/install/examples_rclpy_minimal_action_server:/home/jorge/ros2_ws/install/examples_rclpy_minimal_action_client:/home/jorge/ros2_ws/install/examples_rclpy_guard_conditions:/home/jorge/ros2_ws/install/examples_rclpy_executors:/opt/ros/humble /home/jorge/.local/bin/cmake --install /home/jorge/quori_ws/build/quori_launch
[5.295s] -- Install configuration: ""
[5.295s] -- Execute custom install script
[5.296s] -- Symlinking: /home/jorge/quori_ws/install/quori_launch/share/ament_index/resource_index/package_run_dependencies/quori_launch
[5.302s] -- Symlinking: /home/jorge/quori_ws/install/quori_launch/share/ament_index/resource_index/parent_prefix_path/quori_launch
[5.308s] -- Symlinking: /home/jorge/quori_ws/install/quori_launch/share/quori_launch/environment/ament_prefix_path.sh
[5.314s] -- Symlinking: /home/jorge/quori_ws/install/quori_launch/share/quori_launch/environment/ament_prefix_path.dsv
[5.320s] -- Symlinking: /home/jorge/quori_ws/install/quori_launch/share/quori_launch/environment/path.sh
[5.326s] -- Symlinking: /home/jorge/quori_ws/install/quori_launch/share/quori_launch/environment/path.dsv
[5.332s] -- Symlinking: /home/jorge/quori_ws/install/quori_launch/share/quori_launch/local_setup.bash
[5.340s] -- Symlinking: /home/jorge/quori_ws/install/quori_launch/share/quori_launch/local_setup.sh
[5.342s] -- Symlinking: /home/jorge/quori_ws/install/quori_launch/share/quori_launch/local_setup.zsh
[5.350s] -- Symlinking: /home/jorge/quori_ws/install/quori_launch/share/quori_launch/local_setup.dsv
[5.353s] -- Symlinking: /home/jorge/quori_ws/install/quori_launch/share/quori_launch/package.dsv
[5.359s] -- Symlinking: /home/jorge/quori_ws/install/quori_launch/share/ament_index/resource_index/packages/quori_launch
[5.365s] -- Symlinking: /home/jorge/quori_ws/install/quori_launch/share/quori_launch/cmake/quori_launchConfig.cmake
[5.371s] -- Symlinking: /home/jorge/quori_ws/install/quori_launch/share/quori_launch/cmake/quori_launchConfig-version.cmake
[5.377s] -- Symlinking: /home/jorge/quori_ws/install/quori_launch/share/quori_launch/package.xml
[5.398s] Invoked command in '/home/jorge/quori_ws/build/quori_launch' returned '0': CMAKE_PREFIX_PATH=${CMAKE_PREFIX_PATH}:/home/jorge/ros2_ws/install/world_explorer:/home/jorge/ros2_ws/install/sense_stop_go:/home/jorge/ros2_ws/install/rob599_hw3:/home/jorge/ros2_ws/install/rob599_hw2:/home/jorge/ros2_ws/install/py_pubsub:/home/jorge/ros2_ws/install/launch_testing_examples:/home/jorge/ros2_ws/install/examples_rclpy_pointcloud_publisher:/home/jorge/ros2_ws/install/examples_rclpy_minimal_subscriber:/home/jorge/ros2_ws/install/examples_rclpy_minimal_service:/home/jorge/ros2_ws/install/examples_rclpy_minimal_publisher:/home/jorge/ros2_ws/install/examples_rclpy_minimal_client:/home/jorge/ros2_ws/install/examples_rclpy_minimal_action_server:/home/jorge/ros2_ws/install/examples_rclpy_minimal_action_client:/home/jorge/ros2_ws/install/examples_rclpy_guard_conditions:/home/jorge/ros2_ws/install/examples_rclpy_executors:/opt/ros/humble /home/jorge/.local/bin/cmake --install /home/jorge/quori_ws/build/quori_launch
