[0.543s] Invoking command in '/home/jorge/quori_ws/build/quori_launch': CMAKE_PREFIX_PATH=${CMAKE_PREFIX_PATH}:/home/jorge/ros2_ws/install/world_explorer:/home/jorge/ros2_ws/install/sense_stop_go:/home/jorge/ros2_ws/install/rob599_hw3:/home/jorge/ros2_ws/install/rob599_hw2:/home/jorge/ros2_ws/install/py_pubsub:/home/jorge/ros2_ws/install/launch_testing_examples:/home/jorge/ros2_ws/install/examples_rclpy_pointcloud_publisher:/home/jorge/ros2_ws/install/examples_rclpy_minimal_subscriber:/home/jorge/ros2_ws/install/examples_rclpy_minimal_service:/home/jorge/ros2_ws/install/examples_rclpy_minimal_publisher:/home/jorge/ros2_ws/install/examples_rclpy_minimal_client:/home/jorge/ros2_ws/install/examples_rclpy_minimal_action_server:/home/jorge/ros2_ws/install/examples_rclpy_minimal_action_client:/home/jorge/ros2_ws/install/examples_rclpy_guard_conditions:/home/jorge/ros2_ws/install/examples_rclpy_executors:/opt/ros/humble /home/jorge/.local/bin/cmake --build /home/jorge/quori_ws/build/quori_launch -- -j20 -l20
[0.663s] Invoked command in '/home/jorge/quori_ws/build/quori_launch' returned '0': CMAKE_PREFIX_PATH=${CMAKE_PREFIX_PATH}:/home/jorge/ros2_ws/install/world_explorer:/home/jorge/ros2_ws/install/sense_stop_go:/home/jorge/ros2_ws/install/rob599_hw3:/home/jorge/ros2_ws/install/rob599_hw2:/home/jorge/ros2_ws/install/py_pubsub:/home/jorge/ros2_ws/install/launch_testing_examples:/home/jorge/ros2_ws/install/examples_rclpy_pointcloud_publisher:/home/jorge/ros2_ws/install/examples_rclpy_minimal_subscriber:/home/jorge/ros2_ws/install/examples_rclpy_minimal_service:/home/jorge/ros2_ws/install/examples_rclpy_minimal_publisher:/home/jorge/ros2_ws/install/examples_rclpy_minimal_client:/home/jorge/ros2_ws/install/examples_rclpy_minimal_action_server:/home/jorge/ros2_ws/install/examples_rclpy_minimal_action_client:/home/jorge/ros2_ws/install/examples_rclpy_guard_conditions:/home/jorge/ros2_ws/install/examples_rclpy_executors:/opt/ros/humble /home/jorge/.local/bin/cmake --build /home/jorge/quori_ws/build/quori_launch -- -j20 -l20
[0.869s] Invoking command in '/home/jorge/quori_ws/build/quori_launch': CMAKE_PREFIX_PATH=${CMAKE_PREFIX_PATH}:/home/jorge/ros2_ws/install/world_explorer:/home/jorge/ros2_ws/install/sense_stop_go:/home/jorge/ros2_ws/install/rob599_hw3:/home/jorge/ros2_ws/install/rob599_hw2:/home/jorge/ros2_ws/install/py_pubsub:/home/jorge/ros2_ws/install/launch_testing_examples:/home/jorge/ros2_ws/install/examples_rclpy_pointcloud_publisher:/home/jorge/ros2_ws/install/examples_rclpy_minimal_subscriber:/home/jorge/ros2_ws/install/examples_rclpy_minimal_service:/home/jorge/ros2_ws/install/examples_rclpy_minimal_publisher:/home/jorge/ros2_ws/install/examples_rclpy_minimal_client:/home/jorge/ros2_ws/install/examples_rclpy_minimal_action_server:/home/jorge/ros2_ws/install/examples_rclpy_minimal_action_client:/home/jorge/ros2_ws/install/examples_rclpy_guard_conditions:/home/jorge/ros2_ws/install/examples_rclpy_executors:/opt/ros/humble /home/jorge/.local/bin/cmake --install /home/jorge/quori_ws/build/quori_launch
[0.941s] -- Install configuration: ""
[0.942s] -- Execute custom install script
[0.943s] -- Up-to-date symlink: /home/jorge/quori_ws/install/quori_launch/share/ament_index/resource_index/package_run_dependencies/quori_launch
[0.943s] -- Up-to-date symlink: /home/jorge/quori_ws/install/quori_launch/share/ament_index/resource_index/parent_prefix_path/quori_launch
[0.944s] -- Up-to-date symlink: /home/jorge/quori_ws/install/quori_launch/share/quori_launch/environment/ament_prefix_path.sh
[0.944s] -- Up-to-date symlink: /home/jorge/quori_ws/install/quori_launch/share/quori_launch/environment/ament_prefix_path.dsv
[0.945s] -- Up-to-date symlink: /home/jorge/quori_ws/install/quori_launch/share/quori_launch/environment/path.sh
[0.946s] -- Up-to-date symlink: /home/jorge/quori_ws/install/quori_launch/share/quori_launch/environment/path.dsv
[0.946s] -- Up-to-date symlink: /home/jorge/quori_ws/install/quori_launch/share/quori_launch/local_setup.bash
[0.947s] -- Up-to-date symlink: /home/jorge/quori_ws/install/quori_launch/share/quori_launch/local_setup.sh
[0.948s] -- Up-to-date symlink: /home/jorge/quori_ws/install/quori_launch/share/quori_launch/local_setup.zsh
[0.948s] -- Up-to-date symlink: /home/jorge/quori_ws/install/quori_launch/share/quori_launch/local_setup.dsv
[0.949s] -- Symlinking: /home/jorge/quori_ws/install/quori_launch/share/quori_launch/package.dsv
[0.954s] -- Up-to-date symlink: /home/jorge/quori_ws/install/quori_launch/share/ament_index/resource_index/packages/quori_launch
[0.954s] -- Up-to-date symlink: /home/jorge/quori_ws/install/quori_launch/share/quori_launch/cmake/quori_launchConfig.cmake
[0.955s] -- Up-to-date symlink: /home/jorge/quori_ws/install/quori_launch/share/quori_launch/cmake/quori_launchConfig-version.cmake
[0.955s] -- Up-to-date symlink: /home/jorge/quori_ws/install/quori_launch/share/quori_launch/package.xml
[1.093s] Invoked command in '/home/jorge/quori_ws/build/quori_launch' returned '0': CMAKE_PREFIX_PATH=${CMAKE_PREFIX_PATH}:/home/jorge/ros2_ws/install/world_explorer:/home/jorge/ros2_ws/install/sense_stop_go:/home/jorge/ros2_ws/install/rob599_hw3:/home/jorge/ros2_ws/install/rob599_hw2:/home/jorge/ros2_ws/install/py_pubsub:/home/jorge/ros2_ws/install/launch_testing_examples:/home/jorge/ros2_ws/install/examples_rclpy_pointcloud_publisher:/home/jorge/ros2_ws/install/examples_rclpy_minimal_subscriber:/home/jorge/ros2_ws/install/examples_rclpy_minimal_service:/home/jorge/ros2_ws/install/examples_rclpy_minimal_publisher:/home/jorge/ros2_ws/install/examples_rclpy_minimal_client:/home/jorge/ros2_ws/install/examples_rclpy_minimal_action_server:/home/jorge/ros2_ws/install/examples_rclpy_minimal_action_client:/home/jorge/ros2_ws/install/examples_rclpy_guard_conditions:/home/jorge/ros2_ws/install/examples_rclpy_executors:/opt/ros/humble /home/jorge/.local/bin/cmake --install /home/jorge/quori_ws/build/quori_launch
