[1.457s] Invoking command in '/home/jorge/quori_ws/build/astra_ros': CMAKE_PREFIX_PATH=${CMAKE_PREFIX_PATH}:/home/jorge/ros2_ws/install/world_explorer:/home/jorge/ros2_ws/install/sense_stop_go:/home/jorge/ros2_ws/install/rob599_hw3:/home/jorge/ros2_ws/install/rob599_hw2:/home/jorge/ros2_ws/install/py_pubsub:/home/jorge/ros2_ws/install/launch_testing_examples:/home/jorge/ros2_ws/install/examples_rclpy_pointcloud_publisher:/home/jorge/ros2_ws/install/examples_rclpy_minimal_subscriber:/home/jorge/ros2_ws/install/examples_rclpy_minimal_service:/home/jorge/ros2_ws/install/examples_rclpy_minimal_publisher:/home/jorge/ros2_ws/install/examples_rclpy_minimal_client:/home/jorge/ros2_ws/install/examples_rclpy_minimal_action_server:/home/jorge/ros2_ws/install/examples_rclpy_minimal_action_client:/home/jorge/ros2_ws/install/examples_rclpy_guard_conditions:/home/jorge/ros2_ws/install/examples_rclpy_executors:/opt/ros/humble /home/jorge/.local/bin/cmake --build /home/jorge/quori_ws/build/astra_ros -- -j20 -l20
[1.607s] Invoked command in '/home/jorge/quori_ws/build/astra_ros' returned '0': CMAKE_PREFIX_PATH=${CMAKE_PREFIX_PATH}:/home/jorge/ros2_ws/install/world_explorer:/home/jorge/ros2_ws/install/sense_stop_go:/home/jorge/ros2_ws/install/rob599_hw3:/home/jorge/ros2_ws/install/rob599_hw2:/home/jorge/ros2_ws/install/py_pubsub:/home/jorge/ros2_ws/install/launch_testing_examples:/home/jorge/ros2_ws/install/examples_rclpy_pointcloud_publisher:/home/jorge/ros2_ws/install/examples_rclpy_minimal_subscriber:/home/jorge/ros2_ws/install/examples_rclpy_minimal_service:/home/jorge/ros2_ws/install/examples_rclpy_minimal_publisher:/home/jorge/ros2_ws/install/examples_rclpy_minimal_client:/home/jorge/ros2_ws/install/examples_rclpy_minimal_action_server:/home/jorge/ros2_ws/install/examples_rclpy_minimal_action_client:/home/jorge/ros2_ws/install/examples_rclpy_guard_conditions:/home/jorge/ros2_ws/install/examples_rclpy_executors:/opt/ros/humble /home/jorge/.local/bin/cmake --build /home/jorge/quori_ws/build/astra_ros -- -j20 -l20
[1.895s] Invoking command in '/home/jorge/quori_ws/build/astra_ros': CMAKE_PREFIX_PATH=${CMAKE_PREFIX_PATH}:/home/jorge/ros2_ws/install/world_explorer:/home/jorge/ros2_ws/install/sense_stop_go:/home/jorge/ros2_ws/install/rob599_hw3:/home/jorge/ros2_ws/install/rob599_hw2:/home/jorge/ros2_ws/install/py_pubsub:/home/jorge/ros2_ws/install/launch_testing_examples:/home/jorge/ros2_ws/install/examples_rclpy_pointcloud_publisher:/home/jorge/ros2_ws/install/examples_rclpy_minimal_subscriber:/home/jorge/ros2_ws/install/examples_rclpy_minimal_service:/home/jorge/ros2_ws/install/examples_rclpy_minimal_publisher:/home/jorge/ros2_ws/install/examples_rclpy_minimal_client:/home/jorge/ros2_ws/install/examples_rclpy_minimal_action_server:/home/jorge/ros2_ws/install/examples_rclpy_minimal_action_client:/home/jorge/ros2_ws/install/examples_rclpy_guard_conditions:/home/jorge/ros2_ws/install/examples_rclpy_executors:/opt/ros/humble /home/jorge/.local/bin/cmake --install /home/jorge/quori_ws/build/astra_ros
[1.994s] -- Install configuration: ""
[1.996s] -- Execute custom install script
[1.999s] -- Up-to-date symlink: /home/jorge/quori_ws/install/astra_ros/share/ament_index/resource_index/package_run_dependencies/astra_ros
[1.999s] -- Up-to-date symlink: /home/jorge/quori_ws/install/astra_ros/share/ament_index/resource_index/parent_prefix_path/astra_ros
[2.000s] -- Up-to-date symlink: /home/jorge/quori_ws/install/astra_ros/share/astra_ros/environment/ament_prefix_path.sh
[2.000s] -- Up-to-date symlink: /home/jorge/quori_ws/install/astra_ros/share/astra_ros/environment/ament_prefix_path.dsv
[2.001s] -- Up-to-date symlink: /home/jorge/quori_ws/install/astra_ros/share/astra_ros/environment/path.sh
[2.001s] -- Up-to-date symlink: /home/jorge/quori_ws/install/astra_ros/share/astra_ros/environment/path.dsv
[2.001s] -- Up-to-date symlink: /home/jorge/quori_ws/install/astra_ros/share/astra_ros/local_setup.bash
[2.002s] -- Up-to-date symlink: /home/jorge/quori_ws/install/astra_ros/share/astra_ros/local_setup.sh
[2.009s] -- Up-to-date symlink: /home/jorge/quori_ws/install/astra_ros/share/astra_ros/local_setup.zsh
[2.010s] -- Up-to-date symlink: /home/jorge/quori_ws/install/astra_ros/share/astra_ros/local_setup.dsv
[2.012s] -- Symlinking: /home/jorge/quori_ws/install/astra_ros/share/astra_ros/package.dsv
[2.030s] -- Up-to-date symlink: /home/jorge/quori_ws/install/astra_ros/share/ament_index/resource_index/packages/astra_ros
[2.030s] -- Up-to-date symlink: /home/jorge/quori_ws/install/astra_ros/share/astra_ros/cmake/astra_rosConfig.cmake
[2.031s] -- Up-to-date symlink: /home/jorge/quori_ws/install/astra_ros/share/astra_ros/cmake/astra_rosConfig-version.cmake
[2.034s] -- Up-to-date symlink: /home/jorge/quori_ws/install/astra_ros/share/astra_ros/package.xml
[2.062s] Invoked command in '/home/jorge/quori_ws/build/astra_ros' returned '0': CMAKE_PREFIX_PATH=${CMAKE_PREFIX_PATH}:/home/jorge/ros2_ws/install/world_explorer:/home/jorge/ros2_ws/install/sense_stop_go:/home/jorge/ros2_ws/install/rob599_hw3:/home/jorge/ros2_ws/install/rob599_hw2:/home/jorge/ros2_ws/install/py_pubsub:/home/jorge/ros2_ws/install/launch_testing_examples:/home/jorge/ros2_ws/install/examples_rclpy_pointcloud_publisher:/home/jorge/ros2_ws/install/examples_rclpy_minimal_subscriber:/home/jorge/ros2_ws/install/examples_rclpy_minimal_service:/home/jorge/ros2_ws/install/examples_rclpy_minimal_publisher:/home/jorge/ros2_ws/install/examples_rclpy_minimal_client:/home/jorge/ros2_ws/install/examples_rclpy_minimal_action_server:/home/jorge/ros2_ws/install/examples_rclpy_minimal_action_client:/home/jorge/ros2_ws/install/examples_rclpy_guard_conditions:/home/jorge/ros2_ws/install/examples_rclpy_executors:/opt/ros/humble /home/jorge/.local/bin/cmake --install /home/jorge/quori_ws/build/astra_ros
