-- The C compiler identification is GNU 11.4.0
-- The CXX compiler identification is GNU 11.4.0
-- Detecting C compiler ABI info
-- Detecting C compiler ABI info - done
-- Check for working C compiler: /usr/bin/cc - skipped
-- Detecting C compile features
-- Detecting C compile features - done
-- Detecting CXX compiler ABI info
-- Detecting CXX compiler ABI info - done
-- Check for working CXX compiler: /usr/bin/c++ - skipped
-- Detecting CXX compile features
-- Detecting CXX compile features - done
-- Found ament_cmake: 1.3.8 (/opt/ros/humble/share/ament_cmake/cmake)
-- Found Python3: /usr/bin/python3 (found version "3.10.12") found components: Interpreter 
-- Override CMake install command with custom implementation using symlinks instead of copying resources
-- Found ament_lint_auto: 0.12.10 (/opt/ros/humble/share/ament_lint_auto/cmake)
-- Added test 'lint_cmake' to check CMake code style
-- Added test 'xmllint' to check XML markup files
-- Configuring done (1.9s)
-- Generating done (0.0s)
-- Build files have been written to: /home/jorge/quori_ws/build/quori_msgs
-- Install configuration: ""
-- Execute custom install script
-- Symlinking: /home/jorge/quori_ws/install/quori_msgs/share/ament_index/resource_index/package_run_dependencies/quori_msgs
-- Symlinking: /home/jorge/quori_ws/install/quori_msgs/share/ament_index/resource_index/parent_prefix_path/quori_msgs
-- Symlinking: /home/jorge/quori_ws/install/quori_msgs/share/quori_msgs/environment/ament_prefix_path.sh
-- Symlinking: /home/jorge/quori_ws/install/quori_msgs/share/quori_msgs/environment/ament_prefix_path.dsv
-- Symlinking: /home/jorge/quori_ws/install/quori_msgs/share/quori_msgs/environment/path.sh
-- Symlinking: /home/jorge/quori_ws/install/quori_msgs/share/quori_msgs/environment/path.dsv
-- Symlinking: /home/jorge/quori_ws/install/quori_msgs/share/quori_msgs/local_setup.bash
-- Symlinking: /home/jorge/quori_ws/install/quori_msgs/share/quori_msgs/local_setup.sh
-- Symlinking: /home/jorge/quori_ws/install/quori_msgs/share/quori_msgs/local_setup.zsh
-- Symlinking: /home/jorge/quori_ws/install/quori_msgs/share/quori_msgs/local_setup.dsv
-- Symlinking: /home/jorge/quori_ws/install/quori_msgs/share/quori_msgs/package.dsv
-- Symlinking: /home/jorge/quori_ws/install/quori_msgs/share/ament_index/resource_index/packages/quori_msgs
-- Symlinking: /home/jorge/quori_ws/install/quori_msgs/share/quori_msgs/cmake/quori_msgsConfig.cmake
-- Symlinking: /home/jorge/quori_ws/install/quori_msgs/share/quori_msgs/cmake/quori_msgsConfig-version.cmake
-- Symlinking: /home/jorge/quori_ws/install/quori_msgs/share/quori_msgs/package.xml
