[0.755s] Invoking command in '/home/jorge/quori_ws/build/quori_msgs': CMAKE_PREFIX_PATH=${CMAKE_PREFIX_PATH}:/home/jorge/ros2_ws/install/world_explorer:/home/jorge/ros2_ws/install/sense_stop_go:/home/jorge/ros2_ws/install/rob599_hw3:/home/jorge/ros2_ws/install/rob599_hw2:/home/jorge/ros2_ws/install/py_pubsub:/home/jorge/ros2_ws/install/launch_testing_examples:/home/jorge/ros2_ws/install/examples_rclpy_pointcloud_publisher:/home/jorge/ros2_ws/install/examples_rclpy_minimal_subscriber:/home/jorge/ros2_ws/install/examples_rclpy_minimal_service:/home/jorge/ros2_ws/install/examples_rclpy_minimal_publisher:/home/jorge/ros2_ws/install/examples_rclpy_minimal_client:/home/jorge/ros2_ws/install/examples_rclpy_minimal_action_server:/home/jorge/ros2_ws/install/examples_rclpy_minimal_action_client:/home/jorge/ros2_ws/install/examples_rclpy_guard_conditions:/home/jorge/ros2_ws/install/examples_rclpy_executors:/opt/ros/humble /home/jorge/.local/bin/cmake /home/jorge/quori_ws/src/quori_msgs -DAMENT_CMAKE_SYMLINK_INSTALL=1 -DCMAKE_INSTALL_PREFIX=/home/jorge/quori_ws/install/quori_msgs
[1.006s] -- The C compiler identification is GNU 11.4.0
[1.171s] -- The CXX compiler identification is GNU 11.4.0
[1.212s] -- Detecting C compiler ABI info
[1.362s] -- Detecting C compiler ABI info - done
[1.403s] -- Check for working C compiler: /usr/bin/cc - skipped
[1.404s] -- Detecting C compile features
[1.405s] -- Detecting C compile features - done
[1.433s] -- Detecting CXX compiler ABI info
[1.624s] -- Detecting CXX compiler ABI info - done
[1.660s] -- Check for working CXX compiler: /usr/bin/c++ - skipped
[1.661s] -- Detecting CXX compile features
[1.663s] -- Detecting CXX compile features - done
[1.676s] -- Found ament_cmake: 1.3.8 (/opt/ros/humble/share/ament_cmake/cmake)
[2.096s] -- Found Python3: /usr/bin/python3 (found version "3.10.12") found components: Interpreter 
[2.333s] -- Override CMake install command with custom implementation using symlinks instead of copying resources
[2.474s] -- Found ament_lint_auto: 0.12.10 (/opt/ros/humble/share/ament_lint_auto/cmake)
[2.722s] -- Added test 'lint_cmake' to check CMake code style
[2.726s] -- Added test 'xmllint' to check XML markup files
[2.733s] -- Configuring done (1.9s)
[2.738s] -- Generating done (0.0s)
[2.741s] -- Build files have been written to: /home/jorge/quori_ws/build/quori_msgs
[2.762s] Invoked command in '/home/jorge/quori_ws/build/quori_msgs' returned '0': CMAKE_PREFIX_PATH=${CMAKE_PREFIX_PATH}:/home/jorge/ros2_ws/install/world_explorer:/home/jorge/ros2_ws/install/sense_stop_go:/home/jorge/ros2_ws/install/rob599_hw3:/home/jorge/ros2_ws/install/rob599_hw2:/home/jorge/ros2_ws/install/py_pubsub:/home/jorge/ros2_ws/install/launch_testing_examples:/home/jorge/ros2_ws/install/examples_rclpy_pointcloud_publisher:/home/jorge/ros2_ws/install/examples_rclpy_minimal_subscriber:/home/jorge/ros2_ws/install/examples_rclpy_minimal_service:/home/jorge/ros2_ws/install/examples_rclpy_minimal_publisher:/home/jorge/ros2_ws/install/examples_rclpy_minimal_client:/home/jorge/ros2_ws/install/examples_rclpy_minimal_action_server:/home/jorge/ros2_ws/install/examples_rclpy_minimal_action_client:/home/jorge/ros2_ws/install/examples_rclpy_guard_conditions:/home/jorge/ros2_ws/install/examples_rclpy_executors:/opt/ros/humble /home/jorge/.local/bin/cmake /home/jorge/quori_ws/src/quori_msgs -DAMENT_CMAKE_SYMLINK_INSTALL=1 -DCMAKE_INSTALL_PREFIX=/home/jorge/quori_ws/install/quori_msgs
[2.767s] Invoking command in '/home/jorge/quori_ws/build/quori_msgs': CMAKE_PREFIX_PATH=${CMAKE_PREFIX_PATH}:/home/jorge/ros2_ws/install/world_explorer:/home/jorge/ros2_ws/install/sense_stop_go:/home/jorge/ros2_ws/install/rob599_hw3:/home/jorge/ros2_ws/install/rob599_hw2:/home/jorge/ros2_ws/install/py_pubsub:/home/jorge/ros2_ws/install/launch_testing_examples:/home/jorge/ros2_ws/install/examples_rclpy_pointcloud_publisher:/home/jorge/ros2_ws/install/examples_rclpy_minimal_subscriber:/home/jorge/ros2_ws/install/examples_rclpy_minimal_service:/home/jorge/ros2_ws/install/examples_rclpy_minimal_publisher:/home/jorge/ros2_ws/install/examples_rclpy_minimal_client:/home/jorge/ros2_ws/install/examples_rclpy_minimal_action_server:/home/jorge/ros2_ws/install/examples_rclpy_minimal_action_client:/home/jorge/ros2_ws/install/examples_rclpy_guard_conditions:/home/jorge/ros2_ws/install/examples_rclpy_executors:/opt/ros/humble /home/jorge/.local/bin/cmake --build /home/jorge/quori_ws/build/quori_msgs -- -j20 -l20
[2.896s] Invoked command in '/home/jorge/quori_ws/build/quori_msgs' returned '0': CMAKE_PREFIX_PATH=${CMAKE_PREFIX_PATH}:/home/jorge/ros2_ws/install/world_explorer:/home/jorge/ros2_ws/install/sense_stop_go:/home/jorge/ros2_ws/install/rob599_hw3:/home/jorge/ros2_ws/install/rob599_hw2:/home/jorge/ros2_ws/install/py_pubsub:/home/jorge/ros2_ws/install/launch_testing_examples:/home/jorge/ros2_ws/install/examples_rclpy_pointcloud_publisher:/home/jorge/ros2_ws/install/examples_rclpy_minimal_subscriber:/home/jorge/ros2_ws/install/examples_rclpy_minimal_service:/home/jorge/ros2_ws/install/examples_rclpy_minimal_publisher:/home/jorge/ros2_ws/install/examples_rclpy_minimal_client:/home/jorge/ros2_ws/install/examples_rclpy_minimal_action_server:/home/jorge/ros2_ws/install/examples_rclpy_minimal_action_client:/home/jorge/ros2_ws/install/examples_rclpy_guard_conditions:/home/jorge/ros2_ws/install/examples_rclpy_executors:/opt/ros/humble /home/jorge/.local/bin/cmake --build /home/jorge/quori_ws/build/quori_msgs -- -j20 -l20
[3.057s] Invoking command in '/home/jorge/quori_ws/build/quori_msgs': CMAKE_PREFIX_PATH=${CMAKE_PREFIX_PATH}:/home/jorge/ros2_ws/install/world_explorer:/home/jorge/ros2_ws/install/sense_stop_go:/home/jorge/ros2_ws/install/rob599_hw3:/home/jorge/ros2_ws/install/rob599_hw2:/home/jorge/ros2_ws/install/py_pubsub:/home/jorge/ros2_ws/install/launch_testing_examples:/home/jorge/ros2_ws/install/examples_rclpy_pointcloud_publisher:/home/jorge/ros2_ws/install/examples_rclpy_minimal_subscriber:/home/jorge/ros2_ws/install/examples_rclpy_minimal_service:/home/jorge/ros2_ws/install/examples_rclpy_minimal_publisher:/home/jorge/ros2_ws/install/examples_rclpy_minimal_client:/home/jorge/ros2_ws/install/examples_rclpy_minimal_action_server:/home/jorge/ros2_ws/install/examples_rclpy_minimal_action_client:/home/jorge/ros2_ws/install/examples_rclpy_guard_conditions:/home/jorge/ros2_ws/install/examples_rclpy_executors:/opt/ros/humble /home/jorge/.local/bin/cmake --install /home/jorge/quori_ws/build/quori_msgs
[3.128s] -- Install configuration: ""
[3.129s] -- Execute custom install script
[3.129s] -- Symlinking: /home/jorge/quori_ws/install/quori_msgs/share/ament_index/resource_index/package_run_dependencies/quori_msgs
[3.137s] -- Symlinking: /home/jorge/quori_ws/install/quori_msgs/share/ament_index/resource_index/parent_prefix_path/quori_msgs
[3.143s] -- Symlinking: /home/jorge/quori_ws/install/quori_msgs/share/quori_msgs/environment/ament_prefix_path.sh
[3.150s] -- Symlinking: /home/jorge/quori_ws/install/quori_msgs/share/quori_msgs/environment/ament_prefix_path.dsv
[3.157s] -- Symlinking: /home/jorge/quori_ws/install/quori_msgs/share/quori_msgs/environment/path.sh
[3.164s] -- Symlinking: /home/jorge/quori_ws/install/quori_msgs/share/quori_msgs/environment/path.dsv
[3.170s] -- Symlinking: /home/jorge/quori_ws/install/quori_msgs/share/quori_msgs/local_setup.bash
[3.177s] -- Symlinking: /home/jorge/quori_ws/install/quori_msgs/share/quori_msgs/local_setup.sh
[3.183s] -- Symlinking: /home/jorge/quori_ws/install/quori_msgs/share/quori_msgs/local_setup.zsh
[3.189s] -- Symlinking: /home/jorge/quori_ws/install/quori_msgs/share/quori_msgs/local_setup.dsv
[3.195s] -- Symlinking: /home/jorge/quori_ws/install/quori_msgs/share/quori_msgs/package.dsv
[3.201s] -- Symlinking: /home/jorge/quori_ws/install/quori_msgs/share/ament_index/resource_index/packages/quori_msgs
[3.207s] -- Symlinking: /home/jorge/quori_ws/install/quori_msgs/share/quori_msgs/cmake/quori_msgsConfig.cmake
[3.213s] -- Symlinking: /home/jorge/quori_ws/install/quori_msgs/share/quori_msgs/cmake/quori_msgsConfig-version.cmake
[3.219s] -- Symlinking: /home/jorge/quori_ws/install/quori_msgs/share/quori_msgs/package.xml
[3.370s] Invoked command in '/home/jorge/quori_ws/build/quori_msgs' returned '0': CMAKE_PREFIX_PATH=${CMAKE_PREFIX_PATH}:/home/jorge/ros2_ws/install/world_explorer:/home/jorge/ros2_ws/install/sense_stop_go:/home/jorge/ros2_ws/install/rob599_hw3:/home/jorge/ros2_ws/install/rob599_hw2:/home/jorge/ros2_ws/install/py_pubsub:/home/jorge/ros2_ws/install/launch_testing_examples:/home/jorge/ros2_ws/install/examples_rclpy_pointcloud_publisher:/home/jorge/ros2_ws/install/examples_rclpy_minimal_subscriber:/home/jorge/ros2_ws/install/examples_rclpy_minimal_service:/home/jorge/ros2_ws/install/examples_rclpy_minimal_publisher:/home/jorge/ros2_ws/install/examples_rclpy_minimal_client:/home/jorge/ros2_ws/install/examples_rclpy_minimal_action_server:/home/jorge/ros2_ws/install/examples_rclpy_minimal_action_client:/home/jorge/ros2_ws/install/examples_rclpy_guard_conditions:/home/jorge/ros2_ws/install/examples_rclpy_executors:/opt/ros/humble /home/jorge/.local/bin/cmake --install /home/jorge/quori_ws/build/quori_msgs
