[0.215s] Invoking command in '/home/jorge/quori_ws/build/quori_gazebo': AMENT_PREFIX_PATH=/home/jorge/quori_ws/install/quori_description:${AMENT_PREFIX_PATH} CMAKE_PREFIX_PATH=/home/jorge/quori_ws/install/quori_description:/home/jorge/ros2_ws/install/world_explorer_interfaces:/home/jorge/ros2_ws/install/rob599_msgs:/home/jorge/ros2_ws/install/examples_rclcpp_wait_set:/home/jorge/ros2_ws/install/examples_rclcpp_multithreaded_executor:/home/jorge/ros2_ws/install/examples_rclcpp_minimal_timer:/home/jorge/ros2_ws/install/examples_rclcpp_minimal_subscriber:/home/jorge/ros2_ws/install/examples_rclcpp_minimal_service:/home/jorge/ros2_ws/install/examples_rclcpp_minimal_publisher:/home/jorge/ros2_ws/install/examples_rclcpp_minimal_composition:/home/jorge/ros2_ws/install/examples_rclcpp_minimal_client:/home/jorge/ros2_ws/install/examples_rclcpp_minimal_action_server:/home/jorge/ros2_ws/install/examples_rclcpp_minimal_action_client:/home/jorge/ros2_ws/install/examples_rclcpp_cbg_executor:/home/jorge/ros2_ws/install/examples_rclcpp_async_client:/home/jorge/ros2_ws/install/world_explorer:/home/jorge/ros2_ws/install/sense_stop_go:/home/jorge/ros2_ws/install/rob599_hw3:/home/jorge/ros2_ws/install/rob599_hw2:/home/jorge/ros2_ws/install/py_pubsub:/home/jorge/ros2_ws/install/launch_testing_examples:/home/jorge/ros2_ws/install/examples_rclpy_pointcloud_publisher:/home/jorge/ros2_ws/install/examples_rclpy_minimal_subscriber:/home/jorge/ros2_ws/install/examples_rclpy_minimal_service:/home/jorge/ros2_ws/install/examples_rclpy_minimal_publisher:/home/jorge/ros2_ws/install/examples_rclpy_minimal_client:/home/jorge/ros2_ws/install/examples_rclpy_minimal_action_server:/home/jorge/ros2_ws/install/examples_rclpy_minimal_action_client:/home/jorge/ros2_ws/install/examples_rclpy_guard_conditions:/home/jorge/ros2_ws/install/examples_rclpy_executors:/opt/ros/humble /home/jorge/.local/bin/cmake /home/jorge/quori_ws/src/quori_gazebo -DCMAKE_INSTALL_PREFIX=/home/jorge/quori_ws/install/quori_gazebo
[0.397s] -- The C compiler identification is GNU 11.4.0
[0.533s] -- The CXX compiler identification is GNU 11.4.0
[0.575s] -- Detecting C compiler ABI info
[0.702s] -- Detecting C compiler ABI info - done
[0.732s] -- Check for working C compiler: /usr/bin/cc - skipped
[0.733s] -- Detecting C compile features
[0.734s] -- Detecting C compile features - done
[0.759s] -- Detecting CXX compiler ABI info
[0.937s] -- Detecting CXX compiler ABI info - done
[0.970s] -- Check for working CXX compiler: /usr/bin/c++ - skipped
[0.970s] -- Detecting CXX compile features
[0.971s] -- Detecting CXX compile features - done
[0.984s] -- Found ament_cmake: 1.3.8 (/opt/ros/humble/share/ament_cmake/cmake)
[1.306s] -- Found Python3: /usr/bin/python3 (found version "3.10.12") found components: Interpreter 
[1.629s] -- Found rclcpp: 16.0.8 (/opt/ros/humble/share/rclcpp/cmake)
[1.758s] -- Found rosidl_generator_c: 3.1.5 (/opt/ros/humble/share/rosidl_generator_c/cmake)
[1.774s] -- Found rosidl_adapter: 3.1.5 (/opt/ros/humble/share/rosidl_adapter/cmake)
[1.796s] -- Found rosidl_generator_cpp: 3.1.5 (/opt/ros/humble/share/rosidl_generator_cpp/cmake)
[1.833s] -- Using all available rosidl_typesupport_c: rosidl_typesupport_fastrtps_c;rosidl_typesupport_introspection_c
[1.884s] -- Using all available rosidl_typesupport_cpp: rosidl_typesupport_fastrtps_cpp;rosidl_typesupport_introspection_cpp
[2.050s] -- Found rmw_implementation_cmake: 6.1.1 (/opt/ros/humble/share/rmw_implementation_cmake/cmake)
[2.061s] -- Found rmw_fastrtps_cpp: 6.2.6 (/opt/ros/humble/share/rmw_fastrtps_cpp/cmake)
[2.237s] -- Found OpenSSL: /usr/lib/x86_64-linux-gnu/libcrypto.so (found version "3.0.2")  
[2.297s] -- Found FastRTPS: /opt/ros/humble/include  
[2.391s] -- Using RMW implementation 'rmw_fastrtps_cpp' as default
[2.416s] -- Performing Test CMAKE_HAVE_LIBC_PTHREAD
[2.508s] -- Performing Test CMAKE_HAVE_LIBC_PTHREAD - Success
[2.510s] -- Found Threads: TRUE  
[2.842s] -- Found gazebo_ros: 3.7.0 (/opt/ros/humble/share/gazebo_ros/cmake)
[2.871s] -- Found PkgConfig: /usr/bin/pkg-config (found version "0.29.2") 
[2.874s] -- Checking for module 'bullet>=2.82'
[2.898s] --   Found bullet, version 3.05
[3.077s] -- Found fcl: /usr/include (found suitable version "0.7.0", minimum required is "0.5.0") 
[3.144s] -- Found assimp: /usr/include (found version "5.2.0") 
[3.206s] -- Found DART: /usr/include (Required is at least version "6.6") found components: dart 
[3.283s] -- Found Boost: /usr/lib/x86_64-linux-gnu/cmake/Boost-1.74.0/BoostConfig.cmake (found suitable version "1.74.0", minimum required is "1.40.0") found components: thread system filesystem program_options regex iostreams date_time 
[3.320s] -- Found Protobuf: /usr/lib/x86_64-linux-gnu/libprotobuf.so (found version "3.12.4") 
[3.334s] -- Looking for ignition-math6 -- found version 6.15.1
[3.350s] -- Searching for dependencies of ignition-math6
[3.353s] -- Looking for OGRE...
[3.354s] -- OGRE_PREFIX_WATCH changed.
[3.365s] -- Checking for module 'OGRE'
[3.384s] --   Found OGRE, version 1.9.0
[3.425s] -- Found Ogre Ghadamon (1.9.0)
[3.446s] -- Found OGRE: optimized;/usr/lib/x86_64-linux-gnu/libOgreMain.so;debug;/usr/lib/x86_64-linux-gnu/libOgreMain.so
[3.469s] -- Looking for OGRE_Paging...
[3.488s] -- Found OGRE_Paging: optimized;/usr/lib/x86_64-linux-gnu/libOgrePaging.so;debug;/usr/lib/x86_64-linux-gnu/libOgrePaging.so
[3.488s] -- Looking for OGRE_Terrain...
[3.508s] -- Found OGRE_Terrain: optimized;/usr/lib/x86_64-linux-gnu/libOgreTerrain.so;debug;/usr/lib/x86_64-linux-gnu/libOgreTerrain.so
[3.509s] -- Looking for OGRE_Property...
[3.526s] -- Found OGRE_Property: optimized;/usr/lib/x86_64-linux-gnu/libOgreProperty.so;debug;/usr/lib/x86_64-linux-gnu/libOgreProperty.so
[3.527s] -- Looking for OGRE_RTShaderSystem...
[3.544s] -- Found OGRE_RTShaderSystem: optimized;/usr/lib/x86_64-linux-gnu/libOgreRTShaderSystem.so;debug;/usr/lib/x86_64-linux-gnu/libOgreRTShaderSystem.so
[3.544s] -- Looking for OGRE_Volume...
[3.566s] -- Found OGRE_Volume: optimized;/usr/lib/x86_64-linux-gnu/libOgreVolume.so;debug;/usr/lib/x86_64-linux-gnu/libOgreVolume.so
[3.566s] -- Looking for OGRE_Overlay...
[3.585s] -- Found OGRE_Overlay: optimized;/usr/lib/x86_64-linux-gnu/libOgreOverlay.so;debug;/usr/lib/x86_64-linux-gnu/libOgreOverlay.so
[3.968s] -- Looking for ignition-math6 -- found version 6.15.1
[3.976s] -- Looking for ignition-transport8 -- found version 8.2.1
[3.977s] -- Searching for dependencies of ignition-transport8
[4.011s] -- Found Protobuf: /usr/lib/x86_64-linux-gnu/libprotobuf.so (found suitable version "3.12.4", minimum required is "3") 
[4.034s] -- Config-file not installed for ZeroMQ -- checking for pkg-config
[4.042s] -- Checking for module 'libzmq >= 4'
[4.072s] --   Found libzmq , version 4.3.4
[4.124s] -- Found ZeroMQ: TRUE (Required is at least version "4") 
[4.135s] -- Checking for module 'uuid'
[4.156s] --   Found uuid, version 2.37.2
[4.239s] -- Found UUID: TRUE  
[4.255s] -- Looking for ignition-msgs5 -- found version 5.8.1
[4.255s] -- Searching for dependencies of ignition-msgs5
[4.337s] -- Looking for ignition-math6 -- found version 6.15.1
[4.354s] -- Checking for module 'tinyxml2'
[4.397s] --   Found tinyxml2, version 9.0.0
[4.489s] -- Looking for ignition-msgs5 -- found version 5.8.1
[4.507s] -- Looking for ignition-common3 -- found version 3.14.0
[4.508s] -- Searching for dependencies of ignition-common3
[4.511s] -- Looking for dlfcn.h - found
[4.517s] -- Looking for libdl - found
[4.524s] -- Found DL: TRUE  
[4.587s] -- Found tinyobjloader: /usr/lib/x86_64-linux-gnu/cmake/tinyobjloader/tinyobjloader-config.cmake (found version "2.0.0") 
[4.589s] -- Searching for <ignition-common3> component [graphics]
[4.605s] -- Looking for ignition-common3-graphics -- found version 3.14.0
[4.606s] -- Searching for dependencies of ignition-common3-graphics
[4.607s] -- Looking for ignition-math6 -- found version 6.15.1
[4.628s] -- Looking for ignition-fuel_tools4 -- found version 4.4.0
[4.629s] -- Searching for dependencies of ignition-fuel_tools4
[4.878s] -- Found CURL: /usr/lib/x86_64-linux-gnu/libcurl.so (found version "7.81.0")  
[4.893s] [0mCMake Deprecation Warning at /usr/lib/x86_64-linux-gnu/cmake/jsoncpp/jsoncppConfig.cmake:2 (cmake_policy):
[4.893s]   Compatibility with CMake < 3.5 will be removed from a future version of
[4.894s]   CMake.
[4.894s] 
[4.894s]   Update the VERSION argument <min> value or use a ...<max> suffix to tell
[4.894s]   CMake that the project does not need compatibility with older versions.
[4.895s] Call Stack (most recent call first):
[4.895s]   /usr/share/cmake/ignition-cmake2/cmake2/FindJSONCPP.cmake:34 (find_package)
[4.895s]   /usr/lib/x86_64-linux-gnu/cmake/ignition-fuel_tools4/ignition-fuel_tools4-config.cmake:94 (find_package)
[4.895s]   /usr/lib/x86_64-linux-gnu/cmake/gazebo/gazebo-config.cmake:251 (find_package)
[4.896s]   /opt/ros/humble/share/gazebo_dev/cmake/gazebo_dev-extras.cmake:3 (find_package)
[4.896s]   /opt/ros/humble/share/gazebo_dev/cmake/gazebo_devConfig.cmake:41 (include)
[4.896s]   /opt/ros/humble/share/gazebo_ros/cmake/ament_cmake_export_dependencies-extras.cmake:21 (find_package)
[4.896s]   /opt/ros/humble/share/gazebo_ros/cmake/gazebo_rosConfig.cmake:41 (include)
[4.897s]   CMakeLists.txt:11 (find_package)
[4.897s] 
[4.897s] [0m
[4.918s] -- Checking for module 'jsoncpp'
[4.966s] --   Found jsoncpp, version 1.9.5
[5.063s] -- Found JSONCPP: TRUE  
[5.084s] -- Checking for module 'libzip'
[5.123s] --   Found libzip, version 1.7.3
[5.196s] -- Found ZIP: TRUE  
[5.198s] -- Looking for ignition-common3 -- found version 3.14.0
[5.199s] -- Looking for ignition-math6 -- found version 6.15.1
[5.201s] -- Looking for ignition-msgs5 -- found version 5.8.1
[5.218s] -- Gazebo version: 11.10
[5.218s] -- Checking for module 'tbb'
[5.264s] --   Found tbb, version 2021.5.0
[5.384s] -- Found rclpy: 3.3.12 (/opt/ros/humble/share/rclpy/cmake)
[5.385s] -- Found quori_description: 0.0.0 (/home/jorge/quori_ws/install/quori_description/share/quori_description/cmake)
[5.400s] -- Found ament_lint_auto: 0.12.10 (/opt/ros/humble/share/ament_lint_auto/cmake)
[5.680s] -- Added test 'copyright' to check source files copyright and LICENSE
[5.687s] -- Added test 'flake8' to check Python code syntax and style conventions
[5.690s] -- Added test 'lint_cmake' to check CMake code style
[5.692s] -- Added test 'pep257' to check Python code against some of the docstring style conventions in PEP 257
[5.695s] -- Added test 'xmllint' to check XML markup files
[5.700s] -- Configuring done (5.4s)
[5.710s] -- Generating done (0.0s)
[5.715s] -- Build files have been written to: /home/jorge/quori_ws/build/quori_gazebo
[5.750s] Invoked command in '/home/jorge/quori_ws/build/quori_gazebo' returned '0': AMENT_PREFIX_PATH=/home/jorge/quori_ws/install/quori_description:${AMENT_PREFIX_PATH} CMAKE_PREFIX_PATH=/home/jorge/quori_ws/install/quori_description:/home/jorge/ros2_ws/install/world_explorer_interfaces:/home/jorge/ros2_ws/install/rob599_msgs:/home/jorge/ros2_ws/install/examples_rclcpp_wait_set:/home/jorge/ros2_ws/install/examples_rclcpp_multithreaded_executor:/home/jorge/ros2_ws/install/examples_rclcpp_minimal_timer:/home/jorge/ros2_ws/install/examples_rclcpp_minimal_subscriber:/home/jorge/ros2_ws/install/examples_rclcpp_minimal_service:/home/jorge/ros2_ws/install/examples_rclcpp_minimal_publisher:/home/jorge/ros2_ws/install/examples_rclcpp_minimal_composition:/home/jorge/ros2_ws/install/examples_rclcpp_minimal_client:/home/jorge/ros2_ws/install/examples_rclcpp_minimal_action_server:/home/jorge/ros2_ws/install/examples_rclcpp_minimal_action_client:/home/jorge/ros2_ws/install/examples_rclcpp_cbg_executor:/home/jorge/ros2_ws/install/examples_rclcpp_async_client:/home/jorge/ros2_ws/install/world_explorer:/home/jorge/ros2_ws/install/sense_stop_go:/home/jorge/ros2_ws/install/rob599_hw3:/home/jorge/ros2_ws/install/rob599_hw2:/home/jorge/ros2_ws/install/py_pubsub:/home/jorge/ros2_ws/install/launch_testing_examples:/home/jorge/ros2_ws/install/examples_rclpy_pointcloud_publisher:/home/jorge/ros2_ws/install/examples_rclpy_minimal_subscriber:/home/jorge/ros2_ws/install/examples_rclpy_minimal_service:/home/jorge/ros2_ws/install/examples_rclpy_minimal_publisher:/home/jorge/ros2_ws/install/examples_rclpy_minimal_client:/home/jorge/ros2_ws/install/examples_rclpy_minimal_action_server:/home/jorge/ros2_ws/install/examples_rclpy_minimal_action_client:/home/jorge/ros2_ws/install/examples_rclpy_guard_conditions:/home/jorge/ros2_ws/install/examples_rclpy_executors:/opt/ros/humble /home/jorge/.local/bin/cmake /home/jorge/quori_ws/src/quori_gazebo -DCMAKE_INSTALL_PREFIX=/home/jorge/quori_ws/install/quori_gazebo
[5.754s] Invoking command in '/home/jorge/quori_ws/build/quori_gazebo': AMENT_PREFIX_PATH=/home/jorge/quori_ws/install/quori_description:${AMENT_PREFIX_PATH} CMAKE_PREFIX_PATH=/home/jorge/quori_ws/install/quori_description:/home/jorge/ros2_ws/install/world_explorer_interfaces:/home/jorge/ros2_ws/install/rob599_msgs:/home/jorge/ros2_ws/install/examples_rclcpp_wait_set:/home/jorge/ros2_ws/install/examples_rclcpp_multithreaded_executor:/home/jorge/ros2_ws/install/examples_rclcpp_minimal_timer:/home/jorge/ros2_ws/install/examples_rclcpp_minimal_subscriber:/home/jorge/ros2_ws/install/examples_rclcpp_minimal_service:/home/jorge/ros2_ws/install/examples_rclcpp_minimal_publisher:/home/jorge/ros2_ws/install/examples_rclcpp_minimal_composition:/home/jorge/ros2_ws/install/examples_rclcpp_minimal_client:/home/jorge/ros2_ws/install/examples_rclcpp_minimal_action_server:/home/jorge/ros2_ws/install/examples_rclcpp_minimal_action_client:/home/jorge/ros2_ws/install/examples_rclcpp_cbg_executor:/home/jorge/ros2_ws/install/examples_rclcpp_async_client:/home/jorge/ros2_ws/install/world_explorer:/home/jorge/ros2_ws/install/sense_stop_go:/home/jorge/ros2_ws/install/rob599_hw3:/home/jorge/ros2_ws/install/rob599_hw2:/home/jorge/ros2_ws/install/py_pubsub:/home/jorge/ros2_ws/install/launch_testing_examples:/home/jorge/ros2_ws/install/examples_rclpy_pointcloud_publisher:/home/jorge/ros2_ws/install/examples_rclpy_minimal_subscriber:/home/jorge/ros2_ws/install/examples_rclpy_minimal_service:/home/jorge/ros2_ws/install/examples_rclpy_minimal_publisher:/home/jorge/ros2_ws/install/examples_rclpy_minimal_client:/home/jorge/ros2_ws/install/examples_rclpy_minimal_action_server:/home/jorge/ros2_ws/install/examples_rclpy_minimal_action_client:/home/jorge/ros2_ws/install/examples_rclpy_guard_conditions:/home/jorge/ros2_ws/install/examples_rclpy_executors:/opt/ros/humble /home/jorge/.local/bin/cmake --build /home/jorge/quori_ws/build/quori_gazebo -- -j20 -l20
[5.869s] Invoked command in '/home/jorge/quori_ws/build/quori_gazebo' returned '0': AMENT_PREFIX_PATH=/home/jorge/quori_ws/install/quori_description:${AMENT_PREFIX_PATH} CMAKE_PREFIX_PATH=/home/jorge/quori_ws/install/quori_description:/home/jorge/ros2_ws/install/world_explorer_interfaces:/home/jorge/ros2_ws/install/rob599_msgs:/home/jorge/ros2_ws/install/examples_rclcpp_wait_set:/home/jorge/ros2_ws/install/examples_rclcpp_multithreaded_executor:/home/jorge/ros2_ws/install/examples_rclcpp_minimal_timer:/home/jorge/ros2_ws/install/examples_rclcpp_minimal_subscriber:/home/jorge/ros2_ws/install/examples_rclcpp_minimal_service:/home/jorge/ros2_ws/install/examples_rclcpp_minimal_publisher:/home/jorge/ros2_ws/install/examples_rclcpp_minimal_composition:/home/jorge/ros2_ws/install/examples_rclcpp_minimal_client:/home/jorge/ros2_ws/install/examples_rclcpp_minimal_action_server:/home/jorge/ros2_ws/install/examples_rclcpp_minimal_action_client:/home/jorge/ros2_ws/install/examples_rclcpp_cbg_executor:/home/jorge/ros2_ws/install/examples_rclcpp_async_client:/home/jorge/ros2_ws/install/world_explorer:/home/jorge/ros2_ws/install/sense_stop_go:/home/jorge/ros2_ws/install/rob599_hw3:/home/jorge/ros2_ws/install/rob599_hw2:/home/jorge/ros2_ws/install/py_pubsub:/home/jorge/ros2_ws/install/launch_testing_examples:/home/jorge/ros2_ws/install/examples_rclpy_pointcloud_publisher:/home/jorge/ros2_ws/install/examples_rclpy_minimal_subscriber:/home/jorge/ros2_ws/install/examples_rclpy_minimal_service:/home/jorge/ros2_ws/install/examples_rclpy_minimal_publisher:/home/jorge/ros2_ws/install/examples_rclpy_minimal_client:/home/jorge/ros2_ws/install/examples_rclpy_minimal_action_server:/home/jorge/ros2_ws/install/examples_rclpy_minimal_action_client:/home/jorge/ros2_ws/install/examples_rclpy_guard_conditions:/home/jorge/ros2_ws/install/examples_rclpy_executors:/opt/ros/humble /home/jorge/.local/bin/cmake --build /home/jorge/quori_ws/build/quori_gazebo -- -j20 -l20
[5.996s] Invoking command in '/home/jorge/quori_ws/build/quori_gazebo': AMENT_PREFIX_PATH=/home/jorge/quori_ws/install/quori_description:${AMENT_PREFIX_PATH} CMAKE_PREFIX_PATH=/home/jorge/quori_ws/install/quori_description:/home/jorge/ros2_ws/install/world_explorer_interfaces:/home/jorge/ros2_ws/install/rob599_msgs:/home/jorge/ros2_ws/install/examples_rclcpp_wait_set:/home/jorge/ros2_ws/install/examples_rclcpp_multithreaded_executor:/home/jorge/ros2_ws/install/examples_rclcpp_minimal_timer:/home/jorge/ros2_ws/install/examples_rclcpp_minimal_subscriber:/home/jorge/ros2_ws/install/examples_rclcpp_minimal_service:/home/jorge/ros2_ws/install/examples_rclcpp_minimal_publisher:/home/jorge/ros2_ws/install/examples_rclcpp_minimal_composition:/home/jorge/ros2_ws/install/examples_rclcpp_minimal_client:/home/jorge/ros2_ws/install/examples_rclcpp_minimal_action_server:/home/jorge/ros2_ws/install/examples_rclcpp_minimal_action_client:/home/jorge/ros2_ws/install/examples_rclcpp_cbg_executor:/home/jorge/ros2_ws/install/examples_rclcpp_async_client:/home/jorge/ros2_ws/install/world_explorer:/home/jorge/ros2_ws/install/sense_stop_go:/home/jorge/ros2_ws/install/rob599_hw3:/home/jorge/ros2_ws/install/rob599_hw2:/home/jorge/ros2_ws/install/py_pubsub:/home/jorge/ros2_ws/install/launch_testing_examples:/home/jorge/ros2_ws/install/examples_rclpy_pointcloud_publisher:/home/jorge/ros2_ws/install/examples_rclpy_minimal_subscriber:/home/jorge/ros2_ws/install/examples_rclpy_minimal_service:/home/jorge/ros2_ws/install/examples_rclpy_minimal_publisher:/home/jorge/ros2_ws/install/examples_rclpy_minimal_client:/home/jorge/ros2_ws/install/examples_rclpy_minimal_action_server:/home/jorge/ros2_ws/install/examples_rclpy_minimal_action_client:/home/jorge/ros2_ws/install/examples_rclpy_guard_conditions:/home/jorge/ros2_ws/install/examples_rclpy_executors:/opt/ros/humble /home/jorge/.local/bin/cmake --install /home/jorge/quori_ws/build/quori_gazebo
[6.068s] -- Install configuration: ""
[6.068s] -- Installing: /home/jorge/quori_ws/install/quori_gazebo/share/quori_gazebo//launch
[6.069s] -- Installing: /home/jorge/quori_ws/install/quori_gazebo/share/quori_gazebo//launch/empty_world.launch.py
[6.069s] -- Installing: /home/jorge/quori_ws/install/quori_gazebo/share/quori_gazebo//launch/robot_state_publisher.launch.py
[6.069s] -- Installing: /home/jorge/quori_ws/install/quori_gazebo/share/quori_gazebo//launch/spawn_quori.launch.py
[6.070s] -- Installing: /home/jorge/quori_ws/install/quori_gazebo/share/quori_gazebo//launch/spawn_quori.launch_old.py
[6.070s] -- Installing: /home/jorge/quori_ws/install/quori_gazebo/share/quori_gazebo//worlds
[6.070s] -- Installing: /home/jorge/quori_ws/install/quori_gazebo/share/quori_gazebo//worlds/empty.world
[6.071s] -- Installing: /home/jorge/quori_ws/install/quori_gazebo/share/ament_index/resource_index/package_run_dependencies/quori_gazebo
[6.071s] -- Installing: /home/jorge/quori_ws/install/quori_gazebo/share/ament_index/resource_index/parent_prefix_path/quori_gazebo
[6.071s] -- Installing: /home/jorge/quori_ws/install/quori_gazebo/share/quori_gazebo/environment/ament_prefix_path.sh
[6.071s] -- Installing: /home/jorge/quori_ws/install/quori_gazebo/share/quori_gazebo/environment/ament_prefix_path.dsv
[6.072s] -- Installing: /home/jorge/quori_ws/install/quori_gazebo/share/quori_gazebo/environment/path.sh
[6.072s] -- Installing: /home/jorge/quori_ws/install/quori_gazebo/share/quori_gazebo/environment/path.dsv
[6.072s] -- Installing: /home/jorge/quori_ws/install/quori_gazebo/share/quori_gazebo/local_setup.bash
[6.072s] -- Installing: /home/jorge/quori_ws/install/quori_gazebo/share/quori_gazebo/local_setup.sh
[6.073s] -- Installing: /home/jorge/quori_ws/install/quori_gazebo/share/quori_gazebo/local_setup.zsh
[6.073s] -- Installing: /home/jorge/quori_ws/install/quori_gazebo/share/quori_gazebo/local_setup.dsv
[6.073s] -- Installing: /home/jorge/quori_ws/install/quori_gazebo/share/quori_gazebo/package.dsv
[6.073s] -- Installing: /home/jorge/quori_ws/install/quori_gazebo/share/ament_index/resource_index/packages/quori_gazebo
[6.073s] -- Installing: /home/jorge/quori_ws/install/quori_gazebo/share/quori_gazebo/cmake/ament_cmake_export_dependencies-extras.cmake
[6.074s] -- Installing: /home/jorge/quori_ws/install/quori_gazebo/share/quori_gazebo/cmake/quori_gazeboConfig.cmake
[6.074s] -- Installing: /home/jorge/quori_ws/install/quori_gazebo/share/quori_gazebo/cmake/quori_gazeboConfig-version.cmake
[6.074s] -- Installing: /home/jorge/quori_ws/install/quori_gazebo/share/quori_gazebo/package.xml
[6.086s] Invoked command in '/home/jorge/quori_ws/build/quori_gazebo' returned '0': AMENT_PREFIX_PATH=/home/jorge/quori_ws/install/quori_description:${AMENT_PREFIX_PATH} CMAKE_PREFIX_PATH=/home/jorge/quori_ws/install/quori_description:/home/jorge/ros2_ws/install/world_explorer_interfaces:/home/jorge/ros2_ws/install/rob599_msgs:/home/jorge/ros2_ws/install/examples_rclcpp_wait_set:/home/jorge/ros2_ws/install/examples_rclcpp_multithreaded_executor:/home/jorge/ros2_ws/install/examples_rclcpp_minimal_timer:/home/jorge/ros2_ws/install/examples_rclcpp_minimal_subscriber:/home/jorge/ros2_ws/install/examples_rclcpp_minimal_service:/home/jorge/ros2_ws/install/examples_rclcpp_minimal_publisher:/home/jorge/ros2_ws/install/examples_rclcpp_minimal_composition:/home/jorge/ros2_ws/install/examples_rclcpp_minimal_client:/home/jorge/ros2_ws/install/examples_rclcpp_minimal_action_server:/home/jorge/ros2_ws/install/examples_rclcpp_minimal_action_client:/home/jorge/ros2_ws/install/examples_rclcpp_cbg_executor:/home/jorge/ros2_ws/install/examples_rclcpp_async_client:/home/jorge/ros2_ws/install/world_explorer:/home/jorge/ros2_ws/install/sense_stop_go:/home/jorge/ros2_ws/install/rob599_hw3:/home/jorge/ros2_ws/install/rob599_hw2:/home/jorge/ros2_ws/install/py_pubsub:/home/jorge/ros2_ws/install/launch_testing_examples:/home/jorge/ros2_ws/install/examples_rclpy_pointcloud_publisher:/home/jorge/ros2_ws/install/examples_rclpy_minimal_subscriber:/home/jorge/ros2_ws/install/examples_rclpy_minimal_service:/home/jorge/ros2_ws/install/examples_rclpy_minimal_publisher:/home/jorge/ros2_ws/install/examples_rclpy_minimal_client:/home/jorge/ros2_ws/install/examples_rclpy_minimal_action_server:/home/jorge/ros2_ws/install/examples_rclpy_minimal_action_client:/home/jorge/ros2_ws/install/examples_rclpy_guard_conditions:/home/jorge/ros2_ws/install/examples_rclpy_executors:/opt/ros/humble /home/jorge/.local/bin/cmake --install /home/jorge/quori_ws/build/quori_gazebo
