[0.322s] Invoking command in '/home/jorge/quori_ws/build/respeaker_ros': CMAKE_PREFIX_PATH=${CMAKE_PREFIX_PATH}:/home/jorge/ros2_ws/install/world_explorer:/home/jorge/ros2_ws/install/sense_stop_go:/home/jorge/ros2_ws/install/rob599_hw3:/home/jorge/ros2_ws/install/rob599_hw2:/home/jorge/ros2_ws/install/py_pubsub:/home/jorge/ros2_ws/install/launch_testing_examples:/home/jorge/ros2_ws/install/examples_rclpy_pointcloud_publisher:/home/jorge/ros2_ws/install/examples_rclpy_minimal_subscriber:/home/jorge/ros2_ws/install/examples_rclpy_minimal_service:/home/jorge/ros2_ws/install/examples_rclpy_minimal_publisher:/home/jorge/ros2_ws/install/examples_rclpy_minimal_client:/home/jorge/ros2_ws/install/examples_rclpy_minimal_action_server:/home/jorge/ros2_ws/install/examples_rclpy_minimal_action_client:/home/jorge/ros2_ws/install/examples_rclpy_guard_conditions:/home/jorge/ros2_ws/install/examples_rclpy_executors:/opt/ros/humble /home/jorge/.local/bin/cmake --build /home/jorge/quori_ws/build/respeaker_ros -- -j20 -l20
[0.467s] Invoked command in '/home/jorge/quori_ws/build/respeaker_ros' returned '0': CMAKE_PREFIX_PATH=${CMAKE_PREFIX_PATH}:/home/jorge/ros2_ws/install/world_explorer:/home/jorge/ros2_ws/install/sense_stop_go:/home/jorge/ros2_ws/install/rob599_hw3:/home/jorge/ros2_ws/install/rob599_hw2:/home/jorge/ros2_ws/install/py_pubsub:/home/jorge/ros2_ws/install/launch_testing_examples:/home/jorge/ros2_ws/install/examples_rclpy_pointcloud_publisher:/home/jorge/ros2_ws/install/examples_rclpy_minimal_subscriber:/home/jorge/ros2_ws/install/examples_rclpy_minimal_service:/home/jorge/ros2_ws/install/examples_rclpy_minimal_publisher:/home/jorge/ros2_ws/install/examples_rclpy_minimal_client:/home/jorge/ros2_ws/install/examples_rclpy_minimal_action_server:/home/jorge/ros2_ws/install/examples_rclpy_minimal_action_client:/home/jorge/ros2_ws/install/examples_rclpy_guard_conditions:/home/jorge/ros2_ws/install/examples_rclpy_executors:/opt/ros/humble /home/jorge/.local/bin/cmake --build /home/jorge/quori_ws/build/respeaker_ros -- -j20 -l20
[0.679s] Invoking command in '/home/jorge/quori_ws/build/respeaker_ros': CMAKE_PREFIX_PATH=${CMAKE_PREFIX_PATH}:/home/jorge/ros2_ws/install/world_explorer:/home/jorge/ros2_ws/install/sense_stop_go:/home/jorge/ros2_ws/install/rob599_hw3:/home/jorge/ros2_ws/install/rob599_hw2:/home/jorge/ros2_ws/install/py_pubsub:/home/jorge/ros2_ws/install/launch_testing_examples:/home/jorge/ros2_ws/install/examples_rclpy_pointcloud_publisher:/home/jorge/ros2_ws/install/examples_rclpy_minimal_subscriber:/home/jorge/ros2_ws/install/examples_rclpy_minimal_service:/home/jorge/ros2_ws/install/examples_rclpy_minimal_publisher:/home/jorge/ros2_ws/install/examples_rclpy_minimal_client:/home/jorge/ros2_ws/install/examples_rclpy_minimal_action_server:/home/jorge/ros2_ws/install/examples_rclpy_minimal_action_client:/home/jorge/ros2_ws/install/examples_rclpy_guard_conditions:/home/jorge/ros2_ws/install/examples_rclpy_executors:/opt/ros/humble /home/jorge/.local/bin/cmake --install /home/jorge/quori_ws/build/respeaker_ros
[0.768s] -- Install configuration: ""
[0.769s] -- Execute custom install script
[0.769s] -- Up-to-date symlink: /home/jorge/quori_ws/install/respeaker_ros/share/ament_index/resource_index/package_run_dependencies/respeaker_ros
[0.773s] -- Up-to-date symlink: /home/jorge/quori_ws/install/respeaker_ros/share/ament_index/resource_index/parent_prefix_path/respeaker_ros
[0.776s] -- Up-to-date symlink: /home/jorge/quori_ws/install/respeaker_ros/share/respeaker_ros/environment/ament_prefix_path.sh
[0.778s] -- Up-to-date symlink: /home/jorge/quori_ws/install/respeaker_ros/share/respeaker_ros/environment/ament_prefix_path.dsv
[0.779s] -- Up-to-date symlink: /home/jorge/quori_ws/install/respeaker_ros/share/respeaker_ros/environment/path.sh
[0.783s] -- Up-to-date symlink: /home/jorge/quori_ws/install/respeaker_ros/share/respeaker_ros/environment/path.dsv
[0.783s] -- Up-to-date symlink: /home/jorge/quori_ws/install/respeaker_ros/share/respeaker_ros/local_setup.bash
[0.783s] -- Up-to-date symlink: /home/jorge/quori_ws/install/respeaker_ros/share/respeaker_ros/local_setup.sh
[0.784s] -- Up-to-date symlink: /home/jorge/quori_ws/install/respeaker_ros/share/respeaker_ros/local_setup.zsh
[0.785s] -- Up-to-date symlink: /home/jorge/quori_ws/install/respeaker_ros/share/respeaker_ros/local_setup.dsv
[0.785s] -- Symlinking: /home/jorge/quori_ws/install/respeaker_ros/share/respeaker_ros/package.dsv
[0.793s] -- Up-to-date symlink: /home/jorge/quori_ws/install/respeaker_ros/share/ament_index/resource_index/packages/respeaker_ros
[0.794s] -- Up-to-date symlink: /home/jorge/quori_ws/install/respeaker_ros/share/respeaker_ros/cmake/respeaker_rosConfig.cmake
[0.794s] -- Up-to-date symlink: /home/jorge/quori_ws/install/respeaker_ros/share/respeaker_ros/cmake/respeaker_rosConfig-version.cmake
[0.794s] -- Up-to-date symlink: /home/jorge/quori_ws/install/respeaker_ros/share/respeaker_ros/package.xml
[1.415s] Invoked command in '/home/jorge/quori_ws/build/respeaker_ros' returned '0': CMAKE_PREFIX_PATH=${CMAKE_PREFIX_PATH}:/home/jorge/ros2_ws/install/world_explorer:/home/jorge/ros2_ws/install/sense_stop_go:/home/jorge/ros2_ws/install/rob599_hw3:/home/jorge/ros2_ws/install/rob599_hw2:/home/jorge/ros2_ws/install/py_pubsub:/home/jorge/ros2_ws/install/launch_testing_examples:/home/jorge/ros2_ws/install/examples_rclpy_pointcloud_publisher:/home/jorge/ros2_ws/install/examples_rclpy_minimal_subscriber:/home/jorge/ros2_ws/install/examples_rclpy_minimal_service:/home/jorge/ros2_ws/install/examples_rclpy_minimal_publisher:/home/jorge/ros2_ws/install/examples_rclpy_minimal_client:/home/jorge/ros2_ws/install/examples_rclpy_minimal_action_server:/home/jorge/ros2_ws/install/examples_rclpy_minimal_action_client:/home/jorge/ros2_ws/install/examples_rclpy_guard_conditions:/home/jorge/ros2_ws/install/examples_rclpy_executors:/opt/ros/humble /home/jorge/.local/bin/cmake --install /home/jorge/quori_ws/build/respeaker_ros
