[1.065s] Invoking command in '/home/jorge/quori_ws/build/astra_ros': CMAKE_PREFIX_PATH=${CMAKE_PREFIX_PATH}:/home/jorge/ros2_ws/install/world_explorer:/home/jorge/ros2_ws/install/sense_stop_go:/home/jorge/ros2_ws/install/rob599_hw3:/home/jorge/ros2_ws/install/rob599_hw2:/home/jorge/ros2_ws/install/py_pubsub:/home/jorge/ros2_ws/install/launch_testing_examples:/home/jorge/ros2_ws/install/examples_rclpy_pointcloud_publisher:/home/jorge/ros2_ws/install/examples_rclpy_minimal_subscriber:/home/jorge/ros2_ws/install/examples_rclpy_minimal_service:/home/jorge/ros2_ws/install/examples_rclpy_minimal_publisher:/home/jorge/ros2_ws/install/examples_rclpy_minimal_client:/home/jorge/ros2_ws/install/examples_rclpy_minimal_action_server:/home/jorge/ros2_ws/install/examples_rclpy_minimal_action_client:/home/jorge/ros2_ws/install/examples_rclpy_guard_conditions:/home/jorge/ros2_ws/install/examples_rclpy_executors:/opt/ros/humble /home/jorge/.local/bin/cmake /home/jorge/quori_ws/src/astra_ros -DAMENT_CMAKE_SYMLINK_INSTALL=1 -DCMAKE_INSTALL_PREFIX=/home/jorge/quori_ws/install/astra_ros
[1.301s] -- The C compiler identification is GNU 11.4.0
[1.489s] -- The CXX compiler identification is GNU 11.4.0
[1.529s] -- Detecting C compiler ABI info
[1.691s] -- Detecting C compiler ABI info - done
[1.719s] -- Check for working C compiler: /usr/bin/cc - skipped
[1.720s] -- Detecting C compile features
[1.722s] -- Detecting C compile features - done
[1.744s] -- Detecting CXX compiler ABI info
[1.956s] -- Detecting CXX compiler ABI info - done
[1.993s] -- Check for working CXX compiler: /usr/bin/c++ - skipped
[1.994s] -- Detecting CXX compile features
[1.996s] -- Detecting CXX compile features - done
[2.008s] -- Found ament_cmake: 1.3.8 (/opt/ros/humble/share/ament_cmake/cmake)
[2.415s] -- Found Python3: /usr/bin/python3 (found version "3.10.12") found components: Interpreter 
[2.590s] -- Override CMake install command with custom implementation using symlinks instead of copying resources
[2.726s] -- Found rclcpp: 16.0.8 (/opt/ros/humble/share/rclcpp/cmake)
[2.898s] -- Found rosidl_generator_c: 3.1.5 (/opt/ros/humble/share/rosidl_generator_c/cmake)
[2.920s] -- Found rosidl_adapter: 3.1.5 (/opt/ros/humble/share/rosidl_adapter/cmake)
[2.955s] -- Found rosidl_generator_cpp: 3.1.5 (/opt/ros/humble/share/rosidl_generator_cpp/cmake)
[3.014s] -- Using all available rosidl_typesupport_c: rosidl_typesupport_fastrtps_c;rosidl_typesupport_introspection_c
[3.095s] -- Using all available rosidl_typesupport_cpp: rosidl_typesupport_fastrtps_cpp;rosidl_typesupport_introspection_cpp
[3.352s] -- Found rmw_implementation_cmake: 6.1.1 (/opt/ros/humble/share/rmw_implementation_cmake/cmake)
[3.366s] -- Found rmw_fastrtps_cpp: 6.2.6 (/opt/ros/humble/share/rmw_fastrtps_cpp/cmake)
[3.650s] -- Found OpenSSL: /usr/lib/x86_64-linux-gnu/libcrypto.so (found version "3.0.2")  
[3.760s] -- Found FastRTPS: /opt/ros/humble/include  
[3.939s] -- Using RMW implementation 'rmw_fastrtps_cpp' as default
[3.986s] -- Performing Test CMAKE_HAVE_LIBC_PTHREAD
[4.136s] -- Performing Test CMAKE_HAVE_LIBC_PTHREAD - Success
[4.138s] -- Found Threads: TRUE  
[4.612s] -- Found ament_lint_auto: 0.12.10 (/opt/ros/humble/share/ament_lint_auto/cmake)
[4.843s] -- Added test 'lint_cmake' to check CMake code style
[4.846s] -- Added test 'xmllint' to check XML markup files
[4.853s] -- Configuring done (3.7s)
[4.861s] -- Generating done (0.0s)
[4.864s] -- Build files have been written to: /home/jorge/quori_ws/build/astra_ros
[4.897s] Invoked command in '/home/jorge/quori_ws/build/astra_ros' returned '0': CMAKE_PREFIX_PATH=${CMAKE_PREFIX_PATH}:/home/jorge/ros2_ws/install/world_explorer:/home/jorge/ros2_ws/install/sense_stop_go:/home/jorge/ros2_ws/install/rob599_hw3:/home/jorge/ros2_ws/install/rob599_hw2:/home/jorge/ros2_ws/install/py_pubsub:/home/jorge/ros2_ws/install/launch_testing_examples:/home/jorge/ros2_ws/install/examples_rclpy_pointcloud_publisher:/home/jorge/ros2_ws/install/examples_rclpy_minimal_subscriber:/home/jorge/ros2_ws/install/examples_rclpy_minimal_service:/home/jorge/ros2_ws/install/examples_rclpy_minimal_publisher:/home/jorge/ros2_ws/install/examples_rclpy_minimal_client:/home/jorge/ros2_ws/install/examples_rclpy_minimal_action_server:/home/jorge/ros2_ws/install/examples_rclpy_minimal_action_client:/home/jorge/ros2_ws/install/examples_rclpy_guard_conditions:/home/jorge/ros2_ws/install/examples_rclpy_executors:/opt/ros/humble /home/jorge/.local/bin/cmake /home/jorge/quori_ws/src/astra_ros -DAMENT_CMAKE_SYMLINK_INSTALL=1 -DCMAKE_INSTALL_PREFIX=/home/jorge/quori_ws/install/astra_ros
[4.901s] Invoking command in '/home/jorge/quori_ws/build/astra_ros': CMAKE_PREFIX_PATH=${CMAKE_PREFIX_PATH}:/home/jorge/ros2_ws/install/world_explorer:/home/jorge/ros2_ws/install/sense_stop_go:/home/jorge/ros2_ws/install/rob599_hw3:/home/jorge/ros2_ws/install/rob599_hw2:/home/jorge/ros2_ws/install/py_pubsub:/home/jorge/ros2_ws/install/launch_testing_examples:/home/jorge/ros2_ws/install/examples_rclpy_pointcloud_publisher:/home/jorge/ros2_ws/install/examples_rclpy_minimal_subscriber:/home/jorge/ros2_ws/install/examples_rclpy_minimal_service:/home/jorge/ros2_ws/install/examples_rclpy_minimal_publisher:/home/jorge/ros2_ws/install/examples_rclpy_minimal_client:/home/jorge/ros2_ws/install/examples_rclpy_minimal_action_server:/home/jorge/ros2_ws/install/examples_rclpy_minimal_action_client:/home/jorge/ros2_ws/install/examples_rclpy_guard_conditions:/home/jorge/ros2_ws/install/examples_rclpy_executors:/opt/ros/humble /home/jorge/.local/bin/cmake --build /home/jorge/quori_ws/build/astra_ros -- -j20 -l20
[5.021s] Invoked command in '/home/jorge/quori_ws/build/astra_ros' returned '0': CMAKE_PREFIX_PATH=${CMAKE_PREFIX_PATH}:/home/jorge/ros2_ws/install/world_explorer:/home/jorge/ros2_ws/install/sense_stop_go:/home/jorge/ros2_ws/install/rob599_hw3:/home/jorge/ros2_ws/install/rob599_hw2:/home/jorge/ros2_ws/install/py_pubsub:/home/jorge/ros2_ws/install/launch_testing_examples:/home/jorge/ros2_ws/install/examples_rclpy_pointcloud_publisher:/home/jorge/ros2_ws/install/examples_rclpy_minimal_subscriber:/home/jorge/ros2_ws/install/examples_rclpy_minimal_service:/home/jorge/ros2_ws/install/examples_rclpy_minimal_publisher:/home/jorge/ros2_ws/install/examples_rclpy_minimal_client:/home/jorge/ros2_ws/install/examples_rclpy_minimal_action_server:/home/jorge/ros2_ws/install/examples_rclpy_minimal_action_client:/home/jorge/ros2_ws/install/examples_rclpy_guard_conditions:/home/jorge/ros2_ws/install/examples_rclpy_executors:/opt/ros/humble /home/jorge/.local/bin/cmake --build /home/jorge/quori_ws/build/astra_ros -- -j20 -l20
[5.148s] Invoking command in '/home/jorge/quori_ws/build/astra_ros': CMAKE_PREFIX_PATH=${CMAKE_PREFIX_PATH}:/home/jorge/ros2_ws/install/world_explorer:/home/jorge/ros2_ws/install/sense_stop_go:/home/jorge/ros2_ws/install/rob599_hw3:/home/jorge/ros2_ws/install/rob599_hw2:/home/jorge/ros2_ws/install/py_pubsub:/home/jorge/ros2_ws/install/launch_testing_examples:/home/jorge/ros2_ws/install/examples_rclpy_pointcloud_publisher:/home/jorge/ros2_ws/install/examples_rclpy_minimal_subscriber:/home/jorge/ros2_ws/install/examples_rclpy_minimal_service:/home/jorge/ros2_ws/install/examples_rclpy_minimal_publisher:/home/jorge/ros2_ws/install/examples_rclpy_minimal_client:/home/jorge/ros2_ws/install/examples_rclpy_minimal_action_server:/home/jorge/ros2_ws/install/examples_rclpy_minimal_action_client:/home/jorge/ros2_ws/install/examples_rclpy_guard_conditions:/home/jorge/ros2_ws/install/examples_rclpy_executors:/opt/ros/humble /home/jorge/.local/bin/cmake --install /home/jorge/quori_ws/build/astra_ros
[5.232s] -- Install configuration: ""
[5.233s] -- Execute custom install script
[5.234s] -- Symlinking: /home/jorge/quori_ws/install/astra_ros/share/ament_index/resource_index/package_run_dependencies/astra_ros
[5.241s] -- Symlinking: /home/jorge/quori_ws/install/astra_ros/share/ament_index/resource_index/parent_prefix_path/astra_ros
[5.248s] -- Symlinking: /home/jorge/quori_ws/install/astra_ros/share/astra_ros/environment/ament_prefix_path.sh
[5.253s] -- Symlinking: /home/jorge/quori_ws/install/astra_ros/share/astra_ros/environment/ament_prefix_path.dsv
[5.261s] -- Symlinking: /home/jorge/quori_ws/install/astra_ros/share/astra_ros/environment/path.sh
[5.266s] -- Symlinking: /home/jorge/quori_ws/install/astra_ros/share/astra_ros/environment/path.dsv
[5.273s] -- Symlinking: /home/jorge/quori_ws/install/astra_ros/share/astra_ros/local_setup.bash
[5.278s] -- Symlinking: /home/jorge/quori_ws/install/astra_ros/share/astra_ros/local_setup.sh
[5.283s] -- Symlinking: /home/jorge/quori_ws/install/astra_ros/share/astra_ros/local_setup.zsh
[5.287s] -- Symlinking: /home/jorge/quori_ws/install/astra_ros/share/astra_ros/local_setup.dsv
[5.292s] -- Symlinking: /home/jorge/quori_ws/install/astra_ros/share/astra_ros/package.dsv
[5.296s] -- Symlinking: /home/jorge/quori_ws/install/astra_ros/share/ament_index/resource_index/packages/astra_ros
[5.300s] -- Symlinking: /home/jorge/quori_ws/install/astra_ros/share/astra_ros/cmake/astra_rosConfig.cmake
[5.304s] -- Symlinking: /home/jorge/quori_ws/install/astra_ros/share/astra_ros/cmake/astra_rosConfig-version.cmake
[5.308s] -- Symlinking: /home/jorge/quori_ws/install/astra_ros/share/astra_ros/package.xml
[5.430s] Invoked command in '/home/jorge/quori_ws/build/astra_ros' returned '0': CMAKE_PREFIX_PATH=${CMAKE_PREFIX_PATH}:/home/jorge/ros2_ws/install/world_explorer:/home/jorge/ros2_ws/install/sense_stop_go:/home/jorge/ros2_ws/install/rob599_hw3:/home/jorge/ros2_ws/install/rob599_hw2:/home/jorge/ros2_ws/install/py_pubsub:/home/jorge/ros2_ws/install/launch_testing_examples:/home/jorge/ros2_ws/install/examples_rclpy_pointcloud_publisher:/home/jorge/ros2_ws/install/examples_rclpy_minimal_subscriber:/home/jorge/ros2_ws/install/examples_rclpy_minimal_service:/home/jorge/ros2_ws/install/examples_rclpy_minimal_publisher:/home/jorge/ros2_ws/install/examples_rclpy_minimal_client:/home/jorge/ros2_ws/install/examples_rclpy_minimal_action_server:/home/jorge/ros2_ws/install/examples_rclpy_minimal_action_client:/home/jorge/ros2_ws/install/examples_rclpy_guard_conditions:/home/jorge/ros2_ws/install/examples_rclpy_executors:/opt/ros/humble /home/jorge/.local/bin/cmake --install /home/jorge/quori_ws/build/astra_ros
