-- Found ament_cmake: 1.3.8 (/opt/ros/humble/share/ament_cmake/cmake)
-- Override CMake install command with custom implementation using symlinks instead of copying resources
-- Found std_msgs: 4.2.3 (/opt/ros/humble/share/std_msgs/cmake)
-- Found rosidl_generator_c: 3.1.5 (/opt/ros/humble/share/rosidl_generator_c/cmake)
-- Found rosidl_adapter: 3.1.5 (/opt/ros/humble/share/rosidl_adapter/cmake)
-- Found rosidl_generator_cpp: 3.1.5 (/opt/ros/humble/share/rosidl_generator_cpp/cmake)
-- Using all available rosidl_typesupport_c: rosidl_typesupport_fastrtps_c;rosidl_typesupport_introspection_c
-- Using all available rosidl_typesupport_cpp: rosidl_typesupport_fastrtps_cpp;rosidl_typesupport_introspection_cpp
-- Found geometry_msgs: 4.2.3 (/opt/ros/humble/share/geometry_msgs/cmake)
-- Found urdf: 2.6.0 (/opt/ros/humble/share/urdf/cmake)
-- Found xacro: 2.0.8 (/opt/ros/humble/share/xacro/cmake)
-- Found ament_lint_auto: 0.12.10 (/opt/ros/humble/share/ament_lint_auto/cmake)
-- Added test 'flake8' to check Python code syntax and style conventions
-- Added test 'lint_cmake' to check CMake code style
-- Added test 'pep257' to check Python code against some of the docstring style conventions in PEP 257
-- Added test 'xmllint' to check XML markup files
-- Configuring done (1.1s)
-- Generating done (0.0s)
-- Build files have been written to: /home/jorge/quori_ws/build/quori_description
-- Install configuration: ""
-- Execute custom install script
-- Up-to-date symlink: /home/jorge/quori_ws/install/quori_description/share/quori_description//urdf/quori.gv
-- Up-to-date symlink: /home/jorge/quori_ws/install/quori_description/share/quori_description//urdf/quori.pdf
-- Up-to-date symlink: /home/jorge/quori_ws/install/quori_description/share/quori_description//urdf/quori.urdf
-- Up-to-date symlink: /home/jorge/quori_ws/install/quori_description/share/quori_description//urdf/quori.xacro
-- Up-to-date symlink: /home/jorge/quori_ws/install/quori_description/share/quori_description//urdf/quori_kinematics.xacro
-- Up-to-date symlink: /home/jorge/quori_ws/install/quori_description/share/quori_description//urdf/quori_standalone.xacro
-- Up-to-date symlink: /home/jorge/quori_ws/install/quori_description/share/quori_description//urdf/ramsis_kinematics.urdf
-- Up-to-date symlink: /home/jorge/quori_ws/install/quori_description/share/quori_description//urdf/ramsis_kinematics.xacro
-- Up-to-date symlink: /home/jorge/quori_ws/install/quori_description/share/quori_description//urdf/ramsis_standalone.xacro
[33mCMake Warning (dev) at ament_cmake_symlink_install/ament_cmake_symlink_install.cmake:62 (file):
  Policy CMP0009 is not set: FILE GLOB_RECURSE calls should not follow
  symlinks by default.  Run "cmake --help-policy CMP0009" for policy details.
  Use the cmake_policy command to set the policy and suppress this warning.
Call Stack (most recent call first):
  ament_cmake_symlink_install/ament_cmake_symlink_install.cmake:317 (ament_cmake_symlink_install_directory)
  cmake_install.cmake:46 (include)
This warning is for project developers.  Use -Wno-dev to suppress it.
[0m
-- Up-to-date symlink: /home/jorge/quori_ws/install/quori_description/share/quori_description//meshes/0917_Helmet_Duripod.dae
-- Up-to-date symlink: /home/jorge/quori_ws/install/quori_description/share/quori_description//meshes/0917_Lower_Arm_left.dae
-- Up-to-date symlink: /home/jorge/quori_ws/install/quori_description/share/quori_description//meshes/0917_Lower_Arm_right.dae
-- Up-to-date symlink: /home/jorge/quori_ws/install/quori_description/share/quori_description//meshes/0917_Upper_Arm+gear_left.dae
-- Up-to-date symlink: /home/jorge/quori_ws/install/quori_description/share/quori_description//meshes/0917_Upper_Arm+gear_right.dae
-- Up-to-date symlink: /home/jorge/quori_ws/install/quori_description/share/quori_description//meshes/0917_Upper_Torso+Waist.dae
-- Up-to-date symlink: /home/jorge/quori_ws/install/quori_description/share/quori_description//meshes/180915_Lower_Torso.dae
-- Up-to-date symlink: /home/jorge/quori_ws/install/quori_description/share/quori_description//meshes/build/.built_by
-- Up-to-date symlink: /home/jorge/quori_ws/install/quori_description/share/quori_description//meshes/build/COLCON_IGNORE
-- Up-to-date symlink: /home/jorge/quori_ws/install/quori_description/share/quori_description//meshes/install/.colcon_install_layout
-- Up-to-date symlink: /home/jorge/quori_ws/install/quori_description/share/quori_description//meshes/install/COLCON_IGNORE
-- Up-to-date symlink: /home/jorge/quori_ws/install/quori_description/share/quori_description//meshes/install/_local_setup_util_ps1.py
-- Up-to-date symlink: /home/jorge/quori_ws/install/quori_description/share/quori_description//meshes/install/_local_setup_util_sh.py
-- Up-to-date symlink: /home/jorge/quori_ws/install/quori_description/share/quori_description//meshes/install/local_setup.bash
-- Up-to-date symlink: /home/jorge/quori_ws/install/quori_description/share/quori_description//meshes/install/local_setup.ps1
-- Up-to-date symlink: /home/jorge/quori_ws/install/quori_description/share/quori_description//meshes/install/local_setup.sh
-- Up-to-date symlink: /home/jorge/quori_ws/install/quori_description/share/quori_description//meshes/install/local_setup.zsh
-- Up-to-date symlink: /home/jorge/quori_ws/install/quori_description/share/quori_description//meshes/install/setup.bash
-- Up-to-date symlink: /home/jorge/quori_ws/install/quori_description/share/quori_description//meshes/install/setup.ps1
-- Up-to-date symlink: /home/jorge/quori_ws/install/quori_description/share/quori_description//meshes/install/setup.sh
-- Up-to-date symlink: /home/jorge/quori_ws/install/quori_description/share/quori_description//meshes/install/setup.zsh
-- Up-to-date symlink: /home/jorge/quori_ws/install/quori_description/share/quori_description//meshes/log/COLCON_IGNORE
-- Up-to-date symlink: /home/jorge/quori_ws/install/quori_description/share/quori_description//meshes/log/build_2024-03-10_16-14-19/events.log
-- Up-to-date symlink: /home/jorge/quori_ws/install/quori_description/share/quori_description//meshes/log/build_2024-03-10_16-14-19/logger_all.log
-- Up-to-date symlink: /home/jorge/quori_ws/install/quori_description/share/quori_description//meshes/log/latest/events.log
-- Up-to-date symlink: /home/jorge/quori_ws/install/quori_description/share/quori_description//meshes/log/latest/logger_all.log
-- Up-to-date symlink: /home/jorge/quori_ws/install/quori_description/share/quori_description//meshes/log/latest_build/events.log
-- Up-to-date symlink: /home/jorge/quori_ws/install/quori_description/share/quori_description//meshes/log/latest_build/logger_all.log
-- Up-to-date symlink: /home/jorge/quori_ws/install/quori_description/share/ament_index/resource_index/package_run_dependencies/quori_description
-- Up-to-date symlink: /home/jorge/quori_ws/install/quori_description/share/ament_index/resource_index/parent_prefix_path/quori_description
-- Up-to-date symlink: /home/jorge/quori_ws/install/quori_description/share/quori_description/environment/ament_prefix_path.sh
-- Up-to-date symlink: /home/jorge/quori_ws/install/quori_description/share/quori_description/environment/ament_prefix_path.dsv
-- Up-to-date symlink: /home/jorge/quori_ws/install/quori_description/share/quori_description/environment/path.sh
-- Up-to-date symlink: /home/jorge/quori_ws/install/quori_description/share/quori_description/environment/path.dsv
-- Up-to-date symlink: /home/jorge/quori_ws/install/quori_description/share/quori_description/local_setup.bash
-- Up-to-date symlink: /home/jorge/quori_ws/install/quori_description/share/quori_description/local_setup.sh
-- Up-to-date symlink: /home/jorge/quori_ws/install/quori_description/share/quori_description/local_setup.zsh
-- Up-to-date symlink: /home/jorge/quori_ws/install/quori_description/share/quori_description/local_setup.dsv
-- Symlinking: /home/jorge/quori_ws/install/quori_description/share/quori_description/package.dsv
-- Up-to-date symlink: /home/jorge/quori_ws/install/quori_description/share/ament_index/resource_index/packages/quori_description
-- Up-to-date symlink: /home/jorge/quori_ws/install/quori_description/share/quori_description/cmake/quori_descriptionConfig.cmake
-- Up-to-date symlink: /home/jorge/quori_ws/install/quori_description/share/quori_description/cmake/quori_descriptionConfig-version.cmake
-- Up-to-date symlink: /home/jorge/quori_ws/install/quori_description/share/quori_description/package.xml
