[0.578s] Invoking command in '/home/jorge/quori_ws/build/quori_work': CMAKE_PREFIX_PATH=${CMAKE_PREFIX_PATH}:/home/jorge/ros2_ws/install/world_explorer:/home/jorge/ros2_ws/install/sense_stop_go:/home/jorge/ros2_ws/install/rob599_hw3:/home/jorge/ros2_ws/install/rob599_hw2:/home/jorge/ros2_ws/install/py_pubsub:/home/jorge/ros2_ws/install/launch_testing_examples:/home/jorge/ros2_ws/install/examples_rclpy_pointcloud_publisher:/home/jorge/ros2_ws/install/examples_rclpy_minimal_subscriber:/home/jorge/ros2_ws/install/examples_rclpy_minimal_service:/home/jorge/ros2_ws/install/examples_rclpy_minimal_publisher:/home/jorge/ros2_ws/install/examples_rclpy_minimal_client:/home/jorge/ros2_ws/install/examples_rclpy_minimal_action_server:/home/jorge/ros2_ws/install/examples_rclpy_minimal_action_client:/home/jorge/ros2_ws/install/examples_rclpy_guard_conditions:/home/jorge/ros2_ws/install/examples_rclpy_executors:/opt/ros/humble /home/jorge/.local/bin/cmake --build /home/jorge/quori_ws/build/quori_work -- -j20 -l20
[0.718s] Invoked command in '/home/jorge/quori_ws/build/quori_work' returned '0': CMAKE_PREFIX_PATH=${CMAKE_PREFIX_PATH}:/home/jorge/ros2_ws/install/world_explorer:/home/jorge/ros2_ws/install/sense_stop_go:/home/jorge/ros2_ws/install/rob599_hw3:/home/jorge/ros2_ws/install/rob599_hw2:/home/jorge/ros2_ws/install/py_pubsub:/home/jorge/ros2_ws/install/launch_testing_examples:/home/jorge/ros2_ws/install/examples_rclpy_pointcloud_publisher:/home/jorge/ros2_ws/install/examples_rclpy_minimal_subscriber:/home/jorge/ros2_ws/install/examples_rclpy_minimal_service:/home/jorge/ros2_ws/install/examples_rclpy_minimal_publisher:/home/jorge/ros2_ws/install/examples_rclpy_minimal_client:/home/jorge/ros2_ws/install/examples_rclpy_minimal_action_server:/home/jorge/ros2_ws/install/examples_rclpy_minimal_action_client:/home/jorge/ros2_ws/install/examples_rclpy_guard_conditions:/home/jorge/ros2_ws/install/examples_rclpy_executors:/opt/ros/humble /home/jorge/.local/bin/cmake --build /home/jorge/quori_ws/build/quori_work -- -j20 -l20
[0.989s] Invoking command in '/home/jorge/quori_ws/build/quori_work': CMAKE_PREFIX_PATH=${CMAKE_PREFIX_PATH}:/home/jorge/ros2_ws/install/world_explorer:/home/jorge/ros2_ws/install/sense_stop_go:/home/jorge/ros2_ws/install/rob599_hw3:/home/jorge/ros2_ws/install/rob599_hw2:/home/jorge/ros2_ws/install/py_pubsub:/home/jorge/ros2_ws/install/launch_testing_examples:/home/jorge/ros2_ws/install/examples_rclpy_pointcloud_publisher:/home/jorge/ros2_ws/install/examples_rclpy_minimal_subscriber:/home/jorge/ros2_ws/install/examples_rclpy_minimal_service:/home/jorge/ros2_ws/install/examples_rclpy_minimal_publisher:/home/jorge/ros2_ws/install/examples_rclpy_minimal_client:/home/jorge/ros2_ws/install/examples_rclpy_minimal_action_server:/home/jorge/ros2_ws/install/examples_rclpy_minimal_action_client:/home/jorge/ros2_ws/install/examples_rclpy_guard_conditions:/home/jorge/ros2_ws/install/examples_rclpy_executors:/opt/ros/humble /home/jorge/.local/bin/cmake --install /home/jorge/quori_ws/build/quori_work
[1.135s] -- Install configuration: ""
[1.139s] -- Execute custom install script
[1.140s] -- Up-to-date symlink: /home/jorge/quori_ws/install/quori_work/share/ament_index/resource_index/package_run_dependencies/quori_work
[1.141s] -- Up-to-date symlink: /home/jorge/quori_ws/install/quori_work/share/ament_index/resource_index/parent_prefix_path/quori_work
[1.142s] -- Up-to-date symlink: /home/jorge/quori_ws/install/quori_work/share/quori_work/environment/ament_prefix_path.sh
[1.142s] -- Up-to-date symlink: /home/jorge/quori_ws/install/quori_work/share/quori_work/environment/ament_prefix_path.dsv
[1.143s] -- Up-to-date symlink: /home/jorge/quori_ws/install/quori_work/share/quori_work/environment/path.sh
[1.143s] -- Up-to-date symlink: /home/jorge/quori_ws/install/quori_work/share/quori_work/environment/path.dsv
[1.143s] -- Up-to-date symlink: /home/jorge/quori_ws/install/quori_work/share/quori_work/local_setup.bash
[1.143s] -- Up-to-date symlink: /home/jorge/quori_ws/install/quori_work/share/quori_work/local_setup.sh
[1.143s] -- Up-to-date symlink: /home/jorge/quori_ws/install/quori_work/share/quori_work/local_setup.zsh
[1.143s] -- Up-to-date symlink: /home/jorge/quori_ws/install/quori_work/share/quori_work/local_setup.dsv
[1.144s] -- Symlinking: /home/jorge/quori_ws/install/quori_work/share/quori_work/package.dsv
[1.145s] -- Up-to-date symlink: /home/jorge/quori_ws/install/quori_work/share/ament_index/resource_index/packages/quori_work
[1.145s] -- Up-to-date symlink: /home/jorge/quori_ws/install/quori_work/share/quori_work/cmake/quori_workConfig.cmake
[1.145s] -- Up-to-date symlink: /home/jorge/quori_ws/install/quori_work/share/quori_work/cmake/quori_workConfig-version.cmake
[1.145s] -- Up-to-date symlink: /home/jorge/quori_ws/install/quori_work/share/quori_work/package.xml
[1.820s] Invoked command in '/home/jorge/quori_ws/build/quori_work' returned '0': CMAKE_PREFIX_PATH=${CMAKE_PREFIX_PATH}:/home/jorge/ros2_ws/install/world_explorer:/home/jorge/ros2_ws/install/sense_stop_go:/home/jorge/ros2_ws/install/rob599_hw3:/home/jorge/ros2_ws/install/rob599_hw2:/home/jorge/ros2_ws/install/py_pubsub:/home/jorge/ros2_ws/install/launch_testing_examples:/home/jorge/ros2_ws/install/examples_rclpy_pointcloud_publisher:/home/jorge/ros2_ws/install/examples_rclpy_minimal_subscriber:/home/jorge/ros2_ws/install/examples_rclpy_minimal_service:/home/jorge/ros2_ws/install/examples_rclpy_minimal_publisher:/home/jorge/ros2_ws/install/examples_rclpy_minimal_client:/home/jorge/ros2_ws/install/examples_rclpy_minimal_action_server:/home/jorge/ros2_ws/install/examples_rclpy_minimal_action_client:/home/jorge/ros2_ws/install/examples_rclpy_guard_conditions:/home/jorge/ros2_ws/install/examples_rclpy_executors:/opt/ros/humble /home/jorge/.local/bin/cmake --install /home/jorge/quori_ws/build/quori_work
