[0.482s] Invoking command in '/home/jorge/quori_ws/build/quori_work': CMAKE_PREFIX_PATH=${CMAKE_PREFIX_PATH}:/home/jorge/ros2_ws/install/world_explorer:/home/jorge/ros2_ws/install/sense_stop_go:/home/jorge/ros2_ws/install/rob599_hw3:/home/jorge/ros2_ws/install/rob599_hw2:/home/jorge/ros2_ws/install/py_pubsub:/home/jorge/ros2_ws/install/launch_testing_examples:/home/jorge/ros2_ws/install/examples_rclpy_pointcloud_publisher:/home/jorge/ros2_ws/install/examples_rclpy_minimal_subscriber:/home/jorge/ros2_ws/install/examples_rclpy_minimal_service:/home/jorge/ros2_ws/install/examples_rclpy_minimal_publisher:/home/jorge/ros2_ws/install/examples_rclpy_minimal_client:/home/jorge/ros2_ws/install/examples_rclpy_minimal_action_server:/home/jorge/ros2_ws/install/examples_rclpy_minimal_action_client:/home/jorge/ros2_ws/install/examples_rclpy_guard_conditions:/home/jorge/ros2_ws/install/examples_rclpy_executors:/opt/ros/humble /home/jorge/.local/bin/cmake --build /home/jorge/quori_ws/build/quori_work -- -j20 -l20
[0.620s] Invoked command in '/home/jorge/quori_ws/build/quori_work' returned '0': CMAKE_PREFIX_PATH=${CMAKE_PREFIX_PATH}:/home/jorge/ros2_ws/install/world_explorer:/home/jorge/ros2_ws/install/sense_stop_go:/home/jorge/ros2_ws/install/rob599_hw3:/home/jorge/ros2_ws/install/rob599_hw2:/home/jorge/ros2_ws/install/py_pubsub:/home/jorge/ros2_ws/install/launch_testing_examples:/home/jorge/ros2_ws/install/examples_rclpy_pointcloud_publisher:/home/jorge/ros2_ws/install/examples_rclpy_minimal_subscriber:/home/jorge/ros2_ws/install/examples_rclpy_minimal_service:/home/jorge/ros2_ws/install/examples_rclpy_minimal_publisher:/home/jorge/ros2_ws/install/examples_rclpy_minimal_client:/home/jorge/ros2_ws/install/examples_rclpy_minimal_action_server:/home/jorge/ros2_ws/install/examples_rclpy_minimal_action_client:/home/jorge/ros2_ws/install/examples_rclpy_guard_conditions:/home/jorge/ros2_ws/install/examples_rclpy_executors:/opt/ros/humble /home/jorge/.local/bin/cmake --build /home/jorge/quori_ws/build/quori_work -- -j20 -l20
[0.873s] Invoking command in '/home/jorge/quori_ws/build/quori_work': CMAKE_PREFIX_PATH=${CMAKE_PREFIX_PATH}:/home/jorge/ros2_ws/install/world_explorer:/home/jorge/ros2_ws/install/sense_stop_go:/home/jorge/ros2_ws/install/rob599_hw3:/home/jorge/ros2_ws/install/rob599_hw2:/home/jorge/ros2_ws/install/py_pubsub:/home/jorge/ros2_ws/install/launch_testing_examples:/home/jorge/ros2_ws/install/examples_rclpy_pointcloud_publisher:/home/jorge/ros2_ws/install/examples_rclpy_minimal_subscriber:/home/jorge/ros2_ws/install/examples_rclpy_minimal_service:/home/jorge/ros2_ws/install/examples_rclpy_minimal_publisher:/home/jorge/ros2_ws/install/examples_rclpy_minimal_client:/home/jorge/ros2_ws/install/examples_rclpy_minimal_action_server:/home/jorge/ros2_ws/install/examples_rclpy_minimal_action_client:/home/jorge/ros2_ws/install/examples_rclpy_guard_conditions:/home/jorge/ros2_ws/install/examples_rclpy_executors:/opt/ros/humble /home/jorge/.local/bin/cmake --install /home/jorge/quori_ws/build/quori_work
[0.968s] -- Install configuration: ""
[0.968s] -- Execute custom install script
[0.969s] -- Up-to-date symlink: /home/jorge/quori_ws/install/quori_work/share/ament_index/resource_index/package_run_dependencies/quori_work
[0.970s] -- Up-to-date symlink: /home/jorge/quori_ws/install/quori_work/share/ament_index/resource_index/parent_prefix_path/quori_work
[0.971s] -- Up-to-date symlink: /home/jorge/quori_ws/install/quori_work/share/quori_work/environment/ament_prefix_path.sh
[0.973s] -- Up-to-date symlink: /home/jorge/quori_ws/install/quori_work/share/quori_work/environment/ament_prefix_path.dsv
[0.974s] -- Up-to-date symlink: /home/jorge/quori_ws/install/quori_work/share/quori_work/environment/path.sh
[0.974s] -- Up-to-date symlink: /home/jorge/quori_ws/install/quori_work/share/quori_work/environment/path.dsv
[0.976s] -- Up-to-date symlink: /home/jorge/quori_ws/install/quori_work/share/quori_work/local_setup.bash
[0.978s] -- Up-to-date symlink: /home/jorge/quori_ws/install/quori_work/share/quori_work/local_setup.sh
[0.978s] -- Up-to-date symlink: /home/jorge/quori_ws/install/quori_work/share/quori_work/local_setup.zsh
[0.981s] -- Up-to-date symlink: /home/jorge/quori_ws/install/quori_work/share/quori_work/local_setup.dsv
[0.982s] -- Symlinking: /home/jorge/quori_ws/install/quori_work/share/quori_work/package.dsv
[0.991s] -- Up-to-date symlink: /home/jorge/quori_ws/install/quori_work/share/ament_index/resource_index/packages/quori_work
[0.991s] -- Up-to-date symlink: /home/jorge/quori_ws/install/quori_work/share/quori_work/cmake/quori_workConfig.cmake
[0.994s] -- Up-to-date symlink: /home/jorge/quori_ws/install/quori_work/share/quori_work/cmake/quori_workConfig-version.cmake
[0.995s] -- Up-to-date symlink: /home/jorge/quori_ws/install/quori_work/share/quori_work/package.xml
[1.543s] Invoked command in '/home/jorge/quori_ws/build/quori_work' returned '0': CMAKE_PREFIX_PATH=${CMAKE_PREFIX_PATH}:/home/jorge/ros2_ws/install/world_explorer:/home/jorge/ros2_ws/install/sense_stop_go:/home/jorge/ros2_ws/install/rob599_hw3:/home/jorge/ros2_ws/install/rob599_hw2:/home/jorge/ros2_ws/install/py_pubsub:/home/jorge/ros2_ws/install/launch_testing_examples:/home/jorge/ros2_ws/install/examples_rclpy_pointcloud_publisher:/home/jorge/ros2_ws/install/examples_rclpy_minimal_subscriber:/home/jorge/ros2_ws/install/examples_rclpy_minimal_service:/home/jorge/ros2_ws/install/examples_rclpy_minimal_publisher:/home/jorge/ros2_ws/install/examples_rclpy_minimal_client:/home/jorge/ros2_ws/install/examples_rclpy_minimal_action_server:/home/jorge/ros2_ws/install/examples_rclpy_minimal_action_client:/home/jorge/ros2_ws/install/examples_rclpy_guard_conditions:/home/jorge/ros2_ws/install/examples_rclpy_executors:/opt/ros/humble /home/jorge/.local/bin/cmake --install /home/jorge/quori_ws/build/quori_work
