[0.829s] Invoking command in '/home/jorge/quori_ws/build/quori_description': CMAKE_PREFIX_PATH=${CMAKE_PREFIX_PATH}:/home/jorge/ros2_ws/install/world_explorer:/home/jorge/ros2_ws/install/sense_stop_go:/home/jorge/ros2_ws/install/rob599_hw3:/home/jorge/ros2_ws/install/rob599_hw2:/home/jorge/ros2_ws/install/py_pubsub:/home/jorge/ros2_ws/install/launch_testing_examples:/home/jorge/ros2_ws/install/examples_rclpy_pointcloud_publisher:/home/jorge/ros2_ws/install/examples_rclpy_minimal_subscriber:/home/jorge/ros2_ws/install/examples_rclpy_minimal_service:/home/jorge/ros2_ws/install/examples_rclpy_minimal_publisher:/home/jorge/ros2_ws/install/examples_rclpy_minimal_client:/home/jorge/ros2_ws/install/examples_rclpy_minimal_action_server:/home/jorge/ros2_ws/install/examples_rclpy_minimal_action_client:/home/jorge/ros2_ws/install/examples_rclpy_guard_conditions:/home/jorge/ros2_ws/install/examples_rclpy_executors:/opt/ros/humble /home/jorge/.local/bin/cmake /home/jorge/quori_ws/src/quori_description -DCMAKE_INSTALL_PREFIX=/home/jorge/quori_ws/install/quori_description
[1.087s] -- The C compiler identification is GNU 11.4.0
[1.281s] -- The CXX compiler identification is GNU 11.4.0
[1.329s] -- Detecting C compiler ABI info
[1.514s] -- Detecting C compiler ABI info - done
[1.547s] -- Check for working C compiler: /usr/bin/cc - skipped
[1.548s] -- Detecting C compile features
[1.549s] -- Detecting C compile features - done
[1.578s] -- Detecting CXX compiler ABI info
[1.797s] -- Detecting CXX compiler ABI info - done
[1.833s] -- Check for working CXX compiler: /usr/bin/c++ - skipped
[1.834s] -- Detecting CXX compile features
[1.835s] -- Detecting CXX compile features - done
[1.847s] -- Found ament_cmake: 1.3.8 (/opt/ros/humble/share/ament_cmake/cmake)
[2.368s] -- Found Python3: /usr/bin/python3 (found version "3.10.12") found components: Interpreter 
[2.744s] -- Found std_msgs: 4.2.3 (/opt/ros/humble/share/std_msgs/cmake)
[2.939s] -- Found rosidl_generator_c: 3.1.5 (/opt/ros/humble/share/rosidl_generator_c/cmake)
[2.965s] -- Found rosidl_adapter: 3.1.5 (/opt/ros/humble/share/rosidl_adapter/cmake)
[3.002s] -- Found rosidl_generator_cpp: 3.1.5 (/opt/ros/humble/share/rosidl_generator_cpp/cmake)
[3.060s] -- Using all available rosidl_typesupport_c: rosidl_typesupport_fastrtps_c;rosidl_typesupport_introspection_c
[3.152s] -- Using all available rosidl_typesupport_cpp: rosidl_typesupport_fastrtps_cpp;rosidl_typesupport_introspection_cpp
[3.367s] -- Found geometry_msgs: 4.2.3 (/opt/ros/humble/share/geometry_msgs/cmake)
[3.545s] -- Found urdf: 2.6.0 (/opt/ros/humble/share/urdf/cmake)
[3.738s] -- Found xacro: 2.0.8 (/opt/ros/humble/share/xacro/cmake)
[3.754s] -- Found ament_lint_auto: 0.12.10 (/opt/ros/humble/share/ament_lint_auto/cmake)
[4.033s] -- Added test 'flake8' to check Python code syntax and style conventions
[4.038s] -- Added test 'lint_cmake' to check CMake code style
[4.041s] -- Added test 'pep257' to check Python code against some of the docstring style conventions in PEP 257
[4.049s] -- Added test 'xmllint' to check XML markup files
[4.057s] -- Configuring done (3.1s)
[4.064s] -- Generating done (0.0s)
[4.066s] -- Build files have been written to: /home/jorge/quori_ws/build/quori_description
[4.311s] Invoked command in '/home/jorge/quori_ws/build/quori_description' returned '0': CMAKE_PREFIX_PATH=${CMAKE_PREFIX_PATH}:/home/jorge/ros2_ws/install/world_explorer:/home/jorge/ros2_ws/install/sense_stop_go:/home/jorge/ros2_ws/install/rob599_hw3:/home/jorge/ros2_ws/install/rob599_hw2:/home/jorge/ros2_ws/install/py_pubsub:/home/jorge/ros2_ws/install/launch_testing_examples:/home/jorge/ros2_ws/install/examples_rclpy_pointcloud_publisher:/home/jorge/ros2_ws/install/examples_rclpy_minimal_subscriber:/home/jorge/ros2_ws/install/examples_rclpy_minimal_service:/home/jorge/ros2_ws/install/examples_rclpy_minimal_publisher:/home/jorge/ros2_ws/install/examples_rclpy_minimal_client:/home/jorge/ros2_ws/install/examples_rclpy_minimal_action_server:/home/jorge/ros2_ws/install/examples_rclpy_minimal_action_client:/home/jorge/ros2_ws/install/examples_rclpy_guard_conditions:/home/jorge/ros2_ws/install/examples_rclpy_executors:/opt/ros/humble /home/jorge/.local/bin/cmake /home/jorge/quori_ws/src/quori_description -DCMAKE_INSTALL_PREFIX=/home/jorge/quori_ws/install/quori_description
[4.312s] Invoking command in '/home/jorge/quori_ws/build/quori_description': CMAKE_PREFIX_PATH=${CMAKE_PREFIX_PATH}:/home/jorge/ros2_ws/install/world_explorer:/home/jorge/ros2_ws/install/sense_stop_go:/home/jorge/ros2_ws/install/rob599_hw3:/home/jorge/ros2_ws/install/rob599_hw2:/home/jorge/ros2_ws/install/py_pubsub:/home/jorge/ros2_ws/install/launch_testing_examples:/home/jorge/ros2_ws/install/examples_rclpy_pointcloud_publisher:/home/jorge/ros2_ws/install/examples_rclpy_minimal_subscriber:/home/jorge/ros2_ws/install/examples_rclpy_minimal_service:/home/jorge/ros2_ws/install/examples_rclpy_minimal_publisher:/home/jorge/ros2_ws/install/examples_rclpy_minimal_client:/home/jorge/ros2_ws/install/examples_rclpy_minimal_action_server:/home/jorge/ros2_ws/install/examples_rclpy_minimal_action_client:/home/jorge/ros2_ws/install/examples_rclpy_guard_conditions:/home/jorge/ros2_ws/install/examples_rclpy_executors:/opt/ros/humble /home/jorge/.local/bin/cmake --build /home/jorge/quori_ws/build/quori_description -- -j20 -l20
[4.442s] Invoked command in '/home/jorge/quori_ws/build/quori_description' returned '0': CMAKE_PREFIX_PATH=${CMAKE_PREFIX_PATH}:/home/jorge/ros2_ws/install/world_explorer:/home/jorge/ros2_ws/install/sense_stop_go:/home/jorge/ros2_ws/install/rob599_hw3:/home/jorge/ros2_ws/install/rob599_hw2:/home/jorge/ros2_ws/install/py_pubsub:/home/jorge/ros2_ws/install/launch_testing_examples:/home/jorge/ros2_ws/install/examples_rclpy_pointcloud_publisher:/home/jorge/ros2_ws/install/examples_rclpy_minimal_subscriber:/home/jorge/ros2_ws/install/examples_rclpy_minimal_service:/home/jorge/ros2_ws/install/examples_rclpy_minimal_publisher:/home/jorge/ros2_ws/install/examples_rclpy_minimal_client:/home/jorge/ros2_ws/install/examples_rclpy_minimal_action_server:/home/jorge/ros2_ws/install/examples_rclpy_minimal_action_client:/home/jorge/ros2_ws/install/examples_rclpy_guard_conditions:/home/jorge/ros2_ws/install/examples_rclpy_executors:/opt/ros/humble /home/jorge/.local/bin/cmake --build /home/jorge/quori_ws/build/quori_description -- -j20 -l20
[4.587s] Invoking command in '/home/jorge/quori_ws/build/quori_description': CMAKE_PREFIX_PATH=${CMAKE_PREFIX_PATH}:/home/jorge/ros2_ws/install/world_explorer:/home/jorge/ros2_ws/install/sense_stop_go:/home/jorge/ros2_ws/install/rob599_hw3:/home/jorge/ros2_ws/install/rob599_hw2:/home/jorge/ros2_ws/install/py_pubsub:/home/jorge/ros2_ws/install/launch_testing_examples:/home/jorge/ros2_ws/install/examples_rclpy_pointcloud_publisher:/home/jorge/ros2_ws/install/examples_rclpy_minimal_subscriber:/home/jorge/ros2_ws/install/examples_rclpy_minimal_service:/home/jorge/ros2_ws/install/examples_rclpy_minimal_publisher:/home/jorge/ros2_ws/install/examples_rclpy_minimal_client:/home/jorge/ros2_ws/install/examples_rclpy_minimal_action_server:/home/jorge/ros2_ws/install/examples_rclpy_minimal_action_client:/home/jorge/ros2_ws/install/examples_rclpy_guard_conditions:/home/jorge/ros2_ws/install/examples_rclpy_executors:/opt/ros/humble /home/jorge/.local/bin/cmake --install /home/jorge/quori_ws/build/quori_description
[4.672s] -- Install configuration: ""
[4.672s] -- Installing: /home/jorge/quori_ws/install/quori_description/share/quori_description//urdf
[4.673s] -- Installing: /home/jorge/quori_ws/install/quori_description/share/quori_description//urdf/ramsis_standalone.xacro
[4.673s] -- Installing: /home/jorge/quori_ws/install/quori_description/share/quori_description//urdf/quori.gv
[4.674s] -- Installing: /home/jorge/quori_ws/install/quori_description/share/quori_description//urdf/ramsis_kinematics.xacro
[4.674s] -- Installing: /home/jorge/quori_ws/install/quori_description/share/quori_description//urdf/quori.urdf
[4.675s] -- Installing: /home/jorge/quori_ws/install/quori_description/share/quori_description//urdf/quori.pdf
[4.675s] -- Installing: /home/jorge/quori_ws/install/quori_description/share/quori_description//urdf/quori.xacro
[4.675s] -- Installing: /home/jorge/quori_ws/install/quori_description/share/quori_description//urdf/quori_kinematics.xacro
[4.675s] -- Installing: /home/jorge/quori_ws/install/quori_description/share/quori_description//urdf/quori_standalone.xacro
[4.675s] -- Installing: /home/jorge/quori_ws/install/quori_description/share/quori_description//urdf/ramsis_kinematics.urdf
[4.676s] -- Installing: /home/jorge/quori_ws/install/quori_description/share/quori_description//meshes
[4.676s] -- Installing: /home/jorge/quori_ws/install/quori_description/share/quori_description//meshes/0917_Upper_Arm+gear_right.dae
[4.676s] -- Installing: /home/jorge/quori_ws/install/quori_description/share/quori_description//meshes/install
[4.676s] -- Installing: /home/jorge/quori_ws/install/quori_description/share/quori_description//meshes/install/COLCON_IGNORE
[4.676s] -- Installing: /home/jorge/quori_ws/install/quori_description/share/quori_description//meshes/install/local_setup.sh
[4.676s] -- Installing: /home/jorge/quori_ws/install/quori_description/share/quori_description//meshes/install/.colcon_install_layout
[4.676s] -- Installing: /home/jorge/quori_ws/install/quori_description/share/quori_description//meshes/install/setup.bash
[4.677s] -- Installing: /home/jorge/quori_ws/install/quori_description/share/quori_description//meshes/install/setup.sh
[4.677s] -- Installing: /home/jorge/quori_ws/install/quori_description/share/quori_description//meshes/install/local_setup.ps1
[4.677s] -- Installing: /home/jorge/quori_ws/install/quori_description/share/quori_description//meshes/install/_local_setup_util_ps1.py
[4.677s] -- Installing: /home/jorge/quori_ws/install/quori_description/share/quori_description//meshes/install/setup.zsh
[4.677s] -- Installing: /home/jorge/quori_ws/install/quori_description/share/quori_description//meshes/install/local_setup.bash
[4.678s] -- Installing: /home/jorge/quori_ws/install/quori_description/share/quori_description//meshes/install/local_setup.zsh
[4.678s] -- Installing: /home/jorge/quori_ws/install/quori_description/share/quori_description//meshes/install/setup.ps1
[4.678s] -- Installing: /home/jorge/quori_ws/install/quori_description/share/quori_description//meshes/install/_local_setup_util_sh.py
[4.678s] -- Installing: /home/jorge/quori_ws/install/quori_description/share/quori_description//meshes/build
[4.678s] -- Installing: /home/jorge/quori_ws/install/quori_description/share/quori_description//meshes/build/COLCON_IGNORE
[4.678s] -- Installing: /home/jorge/quori_ws/install/quori_description/share/quori_description//meshes/build/.built_by
[4.678s] -- Installing: /home/jorge/quori_ws/install/quori_description/share/quori_description//meshes/log
[4.678s] -- Installing: /home/jorge/quori_ws/install/quori_description/share/quori_description//meshes/log/COLCON_IGNORE
[4.679s] -- Installing: /home/jorge/quori_ws/install/quori_description/share/quori_description//meshes/log/latest_build
[4.679s] -- Installing: /home/jorge/quori_ws/install/quori_description/share/quori_description//meshes/log/build_2024-03-10_16-14-19
[4.679s] -- Installing: /home/jorge/quori_ws/install/quori_description/share/quori_description//meshes/log/build_2024-03-10_16-14-19/logger_all.log
[4.679s] -- Installing: /home/jorge/quori_ws/install/quori_description/share/quori_description//meshes/log/build_2024-03-10_16-14-19/events.log
[4.679s] -- Installing: /home/jorge/quori_ws/install/quori_description/share/quori_description//meshes/log/latest
[4.679s] -- Installing: /home/jorge/quori_ws/install/quori_description/share/quori_description//meshes/0917_Lower_Arm_right.dae
[4.680s] -- Installing: /home/jorge/quori_ws/install/quori_description/share/quori_description//meshes/180915_Lower_Torso.dae
[4.691s] -- Installing: /home/jorge/quori_ws/install/quori_description/share/quori_description//meshes/0917_Helmet_Duripod.dae
[4.692s] -- Installing: /home/jorge/quori_ws/install/quori_description/share/quori_description//meshes/0917_Upper_Arm+gear_left.dae
[4.693s] -- Installing: /home/jorge/quori_ws/install/quori_description/share/quori_description//meshes/0917_Lower_Arm_left.dae
[4.693s] -- Installing: /home/jorge/quori_ws/install/quori_description/share/quori_description//meshes/0917_Upper_Torso+Waist.dae
[4.698s] -- Installing: /home/jorge/quori_ws/install/quori_description/share/ament_index/resource_index/package_run_dependencies/quori_description
[4.698s] -- Installing: /home/jorge/quori_ws/install/quori_description/share/ament_index/resource_index/parent_prefix_path/quori_description
[4.699s] -- Installing: /home/jorge/quori_ws/install/quori_description/share/quori_description/environment/ament_prefix_path.sh
[4.699s] -- Installing: /home/jorge/quori_ws/install/quori_description/share/quori_description/environment/ament_prefix_path.dsv
[4.700s] -- Installing: /home/jorge/quori_ws/install/quori_description/share/quori_description/environment/path.sh
[4.700s] -- Installing: /home/jorge/quori_ws/install/quori_description/share/quori_description/environment/path.dsv
[4.700s] -- Installing: /home/jorge/quori_ws/install/quori_description/share/quori_description/local_setup.bash
[4.700s] -- Installing: /home/jorge/quori_ws/install/quori_description/share/quori_description/local_setup.sh
[4.700s] -- Installing: /home/jorge/quori_ws/install/quori_description/share/quori_description/local_setup.zsh
[4.701s] -- Installing: /home/jorge/quori_ws/install/quori_description/share/quori_description/local_setup.dsv
[4.701s] -- Installing: /home/jorge/quori_ws/install/quori_description/share/quori_description/package.dsv
[4.701s] -- Installing: /home/jorge/quori_ws/install/quori_description/share/ament_index/resource_index/packages/quori_description
[4.701s] -- Installing: /home/jorge/quori_ws/install/quori_description/share/quori_description/cmake/quori_descriptionConfig.cmake
[4.701s] -- Installing: /home/jorge/quori_ws/install/quori_description/share/quori_description/cmake/quori_descriptionConfig-version.cmake
[4.702s] -- Installing: /home/jorge/quori_ws/install/quori_description/share/quori_description/package.xml
[4.715s] Invoked command in '/home/jorge/quori_ws/build/quori_description' returned '0': CMAKE_PREFIX_PATH=${CMAKE_PREFIX_PATH}:/home/jorge/ros2_ws/install/world_explorer:/home/jorge/ros2_ws/install/sense_stop_go:/home/jorge/ros2_ws/install/rob599_hw3:/home/jorge/ros2_ws/install/rob599_hw2:/home/jorge/ros2_ws/install/py_pubsub:/home/jorge/ros2_ws/install/launch_testing_examples:/home/jorge/ros2_ws/install/examples_rclpy_pointcloud_publisher:/home/jorge/ros2_ws/install/examples_rclpy_minimal_subscriber:/home/jorge/ros2_ws/install/examples_rclpy_minimal_service:/home/jorge/ros2_ws/install/examples_rclpy_minimal_publisher:/home/jorge/ros2_ws/install/examples_rclpy_minimal_client:/home/jorge/ros2_ws/install/examples_rclpy_minimal_action_server:/home/jorge/ros2_ws/install/examples_rclpy_minimal_action_client:/home/jorge/ros2_ws/install/examples_rclpy_guard_conditions:/home/jorge/ros2_ws/install/examples_rclpy_executors:/opt/ros/humble /home/jorge/.local/bin/cmake --install /home/jorge/quori_ws/build/quori_description
